2022-10-08 15:13:19,662--->attack link:(1, 29)
2022-10-08 15:13:19,662--->other links:[(5, 31), (1, 31), (10, 29), (15, 29), (21, 31), (21, 29), (21, 167), (29, 31), (30, 31)]
2022-10-08 15:13:20,252--->attack link:(5, 31)
2022-10-08 15:13:20,252--->other links:[(1, 31), (10, 29), (15, 29), (21, 31), (21, 29), (21, 167), (29, 31), (30, 31)]
2022-10-08 15:13:20,253--->Ep: 0| ActionNum: 1/9 | Time:43 | Reward: 1.0 | LinkRewardPer: 0.001736111111111111 | LoadRewardPer: -0.004868661282629077
2022-10-08 15:13:21,821--->attack link:(1, 31)
2022-10-08 15:13:21,821--->other links:[(10, 29), (15, 29), (21, 31), (21, 29), (21, 167), (29, 31), (30, 31)]
2022-10-08 15:13:21,822--->Ep: 0| ActionNum: 2/9 | Time:15 | Reward: 4.6 | LinkRewardPer: 0.00798611111111111 | LoadRewardPer: -0.010839350625853249
2022-10-08 15:13:21,906--->attack link:(10, 29)
2022-10-08 15:13:21,906--->other links:[(15, 29), (21, 31), (21, 29), (21, 167), (29, 31), (30, 31)]
2022-10-08 15:13:21,907--->Ep: 0| ActionNum: 3/9 | Time:13 | Reward: 5.0 | LinkRewardPer: 0.008680555555555556 | LoadRewardPer: -0.013273681267167789
2022-10-08 15:13:24,350--->attack link:(15, 29)
2022-10-08 15:13:24,350--->other links:[(21, 31), (21, 29), (21, 167), (29, 31), (30, 31)]
2022-10-08 15:13:24,352--->Ep: 0| ActionNum: 4/9 | Time:13 | Reward: 11.7 | LinkRewardPer: 0.020312499999999997 | LoadRewardPer: -0.0312975969209007
2022-10-08 15:13:25,952--->attack link:(21, 31)
2022-10-08 15:13:25,952--->other links:[(21, 29), (21, 167), (29, 31), (30, 31)]
2022-10-08 15:13:25,954--->Ep: 0| ActionNum: 5/9 | Time:15 | Reward: 16.7 | LinkRewardPer: 0.028993055555555553 | LoadRewardPer: -0.04424724904189351
2022-10-08 15:13:30,331--->attack link:(21, 29)
2022-10-08 15:13:30,331--->other links:[(21, 167), (29, 31), (30, 31)]
2022-10-08 15:13:30,332--->Ep: 0| ActionNum: 6/9 | Time:19 | Reward: 38.3 | LinkRewardPer: 0.06649305555555556 | LoadRewardPer: -0.12145171636758392
2022-10-08 15:13:45,559--->attack link:(21, 167)
2022-10-08 15:13:45,559--->other links:[(29, 31), (30, 31)]
2022-10-08 15:13:45,560--->Ep: 0| ActionNum: 7/9 | Time:48 | Reward: 98.2 | LinkRewardPer: 0.17048611111111112 | LoadRewardPer: -0.05085612776946231
2022-10-08 15:13:47,097--->attack link:(29, 31)
2022-10-08 15:13:47,097--->other links:[(30, 31)]
2022-10-08 15:13:47,098--->Ep: 0| ActionNum: 8/9 | Time:4 | Reward: 105.5 | LinkRewardPer: 0.1831597222222222 | LoadRewardPer: -0.07268450745924963
