2022-10-08 19:43:54,271--->time:0----------------------------timesteps:[0, 0, 0, 0, 0, 0, 0, 0, 0, 0]
2022-10-08 19:43:54,291--->fitness:0.0
2022-10-08 19:43:54,734--->time:1----------------------------timesteps:[5, 5, 5, 5, 5, 5, 5, 5, 5, 5]
2022-10-08 19:43:56,371--->fitness:5.8
2022-10-08 19:43:56,828--->time:2----------------------------timesteps:[10, 10, 10, 10, 10, 10, 10, 10, 10, 10]
2022-10-08 19:44:05,075--->fitness:60.2
2022-10-08 19:44:05,512--->time:3----------------------------timesteps:[15, 15, 15, 15, 15, 15, 15, 15, 15, 15]
2022-10-08 19:44:22,567--->fitness:118.7
2022-10-08 19:44:23,039--->time:4----------------------------timesteps:[20, 20, 20, 20, 20, 20, 20, 20, 20, 20]
2022-10-08 19:44:49,360--->fitness:123.8
2022-10-08 19:44:49,797--->time:5----------------------------timesteps:[25, 25, 25, 25, 25, 25, 25, 25, 25, 25]
2022-10-08 19:45:26,040--->fitness:136.2
2022-10-08 19:45:26,554--->time:6----------------------------timesteps:[30, 30, 30, 30, 30, 30, 30, 30, 30, 30]
2022-10-08 19:46:13,533--->fitness:114.9
2022-10-08 19:46:13,991--->time:7----------------------------timesteps:[35, 35, 35, 35, 35, 35, 35, 35, 35, 35]
2022-10-08 19:47:17,774--->fitness:141.6
2022-10-08 19:47:18,242--->time:8----------------------------timesteps:[40, 40, 40, 40, 40, 40, 40, 40, 40, 40]
2022-10-08 19:48:32,432--->fitness:126.8
2022-10-08 19:48:32,996--->time:9----------------------------timesteps:[45, 45, 45, 45, 45, 45, 45, 45, 45, 45]
2022-10-08 19:49:58,161--->fitness:117.5
2022-10-08 19:49:58,646--->time:0----------------------------timesteps:[20, 20, 20, 20, 20, 20, 20, 25, 25, 25]
2022-10-08 19:50:30,670--->fitness:108.7
2022-10-08 19:50:31,137--->time:1----------------------------timesteps:[25, 25, 25, 25, 25, 25, 35, 35, 35, 35]
2022-10-08 19:51:16,616--->fitness:127.3
2022-10-08 19:51:17,082--->time:2----------------------------timesteps:[25, 25, 25, 25, 25, 25, 25, 25, 25, 25]
2022-10-08 19:51:52,987--->fitness:127.6
2022-10-08 19:51:53,462--->time:3----------------------------timesteps:[35, 35, 35, 35, 35, 35, 25, 20, 20, 20]
2022-10-08 19:52:40,128--->fitness:119.8
2022-10-08 19:52:40,588--->time:4----------------------------timesteps:[20, 20, 20, 20, 20, 20, 20, 45, 45, 45]
2022-10-08 19:53:27,754--->fitness:127.9
2022-10-08 19:53:28,217--->time:5----------------------------timesteps:[45, 45, 45, 45, 25, 25, 25, 25, 25, 25]
2022-10-08 19:54:25,661--->fitness:126.8
2022-10-08 19:54:26,196--->time:6----------------------------timesteps:[25, 25, 25, 25, 45, 35, 35, 35, 35, 35]
2022-10-08 19:55:19,931--->fitness:125.6
2022-10-08 19:55:20,408--->time:7----------------------------timesteps:[35, 40, 40, 40, 40, 40, 40, 40, 40, 40]
2022-10-08 19:56:34,920--->fitness:113.0
2022-10-08 19:56:35,412--->time:8----------------------------timesteps:[40, 35, 35, 35, 35, 45, 25, 20, 40, 40]
2022-10-08 19:57:44,554--->fitness:130.7
2022-10-08 19:57:45,116--->time:9----------------------------timesteps:[40, 40, 40, 40, 40, 40, 40, 40, 20, 20]
2022-10-08 19:59:21,960--->fitness:127.8
2022-10-08 19:59:22,763--->time:0----------------------------timesteps:[20, 20, 20, 20, 20, 20, 20, 25, 25, 25]
2022-10-08 20:00:18,324--->fitness:119.9
2022-10-08 20:00:19,157--->time:1----------------------------timesteps:[20, 25, 25, 25, 25, 25, 25, 25, 25, 25]
2022-10-08 20:01:28,579--->fitness:130.3
2022-10-08 20:01:29,361--->time:2----------------------------timesteps:[25, 20, 20, 20, 20, 20, 20, 45, 20, 20]
2022-10-08 20:02:24,912--->fitness:121.8
2022-10-08 20:02:25,641--->time:3----------------------------timesteps:[35, 35, 35, 35, 35, 40, 40, 40, 40, 40]
2022-10-08 20:03:44,610--->fitness:109.0
2022-10-08 20:03:45,112--->time:4----------------------------timesteps:[44, 40, 40, 40, 40, 35, 40, 40, 40, 40]
2022-10-08 20:04:58,480--->fitness:114.7
2022-10-08 20:04:58,961--->time:5----------------------------timesteps:[35, 20, 20, 20, 20, 20, 20, 25, 25, 25]
2022-10-08 20:05:31,578--->fitness:122.5
2022-10-08 20:05:32,040--->time:6----------------------------timesteps:[20, 40, 40, 40, 40, 40, 25, 20, 35, 35]
2022-10-08 20:06:33,564--->fitness:119.2
2022-10-08 20:06:34,045--->time:7----------------------------timesteps:[25, 25, 25, 45, 25, 25, 25, 25, 25, 25]
2022-10-08 20:07:17,547--->fitness:126.6
2022-10-08 20:07:18,012--->time:8----------------------------timesteps:[45, 45, 40, 40, 40, 40, 40, 40, 40, 40]
2022-10-08 20:08:34,456--->fitness:122.8
2022-10-08 20:08:35,029--->time:9----------------------------timesteps:[35, 40, 45, 25, 45, 35, 35, 35, 45, 45]
2022-10-08 20:09:53,725--->fitness:114.0
2022-10-08 20:09:54,218--->time:0----------------------------timesteps:[25, 25, 25, 45, 25, 25, 25, 25, 25, 25]
2022-10-08 20:10:35,797--->fitness:124.1
2022-10-08 20:10:36,261--->time:1----------------------------timesteps:[25, 20, 20, 20, 20, 20, 20, 25, 25, 25]
2022-10-08 20:11:10,205--->fitness:109.4
2022-10-08 20:11:10,720--->time:2----------------------------timesteps:[20, 40, 40, 40, 40, 40, 25, 20, 35, 35]
2022-10-08 20:12:03,289--->fitness:127.8
2022-10-08 20:12:03,823--->time:3----------------------------timesteps:[35, 20, 20, 20, 20, 20, 20, 45, 20, 20]
2022-10-08 20:12:41,392--->fitness:129.0
2022-10-08 20:12:41,923--->time:4----------------------------timesteps:[25, 20, 20, 20, 20, 20, 47, 45, 20, 20]
2022-10-08 20:13:24,086--->fitness:148.0
2022-10-08 20:13:24,562--->time:5----------------------------timesteps:[25, 20, 20, 20, 20, 20, 20, 45, 40, 40]
2022-10-08 20:14:08,831--->fitness:153.8
2022-10-08 20:14:09,301--->time:6----------------------------timesteps:[45, 45, 40, 40, 40, 40, 40, 25, 25, 25]
