2022-10-08 15:30:37,274--->attack link:(1, 29)
2022-10-08 15:30:37,274--->other links:[(5, 31), (1, 31), (10, 29), (15, 29), (21, 31), (21, 29), (21, 167), (29, 31), (30, 31)]
2022-10-08 15:30:37,327--->attack link:(5, 31)
2022-10-08 15:30:37,327--->other links:[(1, 31), (10, 29), (15, 29), (21, 31), (21, 29), (21, 167), (29, 31), (30, 31)]
2022-10-08 15:30:37,328--->Ep: 0| ActionNum: 1/9 | Time:5 | Reward: 0.0 | LinkRewardPer: 0.0 | LoadRewardPer: 0.0
2022-10-08 15:30:37,436--->attack link:(1, 31)
2022-10-08 15:30:37,437--->other links:[(10, 29), (15, 29), (21, 31), (21, 29), (21, 167), (29, 31), (30, 31)]
2022-10-08 15:30:37,437--->Ep: 0| ActionNum: 2/9 | Time:17 | Reward: 0.0 | LinkRewardPer: 0.0 | LoadRewardPer: 0.0
2022-10-08 15:30:38,340--->attack link:(10, 29)
2022-10-08 15:30:38,340--->other links:[(15, 29), (21, 31), (21, 29), (21, 167), (29, 31), (30, 31)]
2022-10-08 15:30:38,341--->Ep: 0| ActionNum: 3/9 | Time:17 | Reward: 2.0 | LinkRewardPer: 0.003472222222222222 | LoadRewardPer: -0.0104281461256312
2022-10-08 15:30:38,387--->attack link:(15, 29)
2022-10-08 15:30:38,387--->other links:[(21, 31), (21, 29), (21, 167), (29, 31), (30, 31)]
2022-10-08 15:30:38,388--->Ep: 0| ActionNum: 4/9 | Time:6 | Reward: 2.0 | LinkRewardPer: 0.003472222222222222 | LoadRewardPer: -0.0104281461256312
2022-10-08 15:30:38,445--->attack link:(21, 31)
2022-10-08 15:30:38,445--->other links:[(21, 29), (21, 167), (29, 31), (30, 31)]
2022-10-08 15:30:38,446--->Ep: 0| ActionNum: 5/9 | Time:6 | Reward: 2.0 | LinkRewardPer: 0.003472222222222222 | LoadRewardPer: -0.0104281461256312
2022-10-08 15:30:40,530--->attack link:(21, 29)
2022-10-08 15:30:40,530--->other links:[(21, 167), (29, 31), (30, 31)]
2022-10-08 15:30:40,531--->Ep: 0| ActionNum: 6/9 | Time:6 | Reward: 9.333333333333334 | LinkRewardPer: 0.016203703703703706 | LoadRewardPer: -0.02482578636007259
2022-10-08 15:30:45,089--->attack link:(21, 167)
2022-10-08 15:30:45,089--->other links:[(29, 31), (30, 31)]
2022-10-08 15:30:45,091--->Ep: 0| ActionNum: 7/9 | Time:23 | Reward: 25.6 | LinkRewardPer: 0.044444444444444446 | LoadRewardPer: -0.06902314258927249
2022-10-08 15:30:48,201--->attack link:(29, 31)
2022-10-08 15:30:48,201--->other links:[(30, 31)]
2022-10-08 15:30:48,202--->Ep: 0| ActionNum: 8/9 | Time:13 | Reward: 47.3 | LinkRewardPer: 0.08211805555555556 | LoadRewardPer: -0.1261114857641002
2022-10-08 15:30:56,950--->attack link:(30, 31)
2022-10-08 15:30:56,950--->other links:[]
2022-10-08 15:30:56,951--->Ep: 0| ActionNum: 9/9 | Time:23 | Reward: 85.8 | LinkRewardPer: 0.14895833333333333 | LoadRewardPer: -0.1273533233547708
2022-10-08 15:30:57,797--->attack link:(1, 29)
2022-10-08 15:30:57,798--->other links:[(5, 31), (1, 31), (10, 29), (15, 29), (21, 31), (21, 29), (21, 167), (29, 31), (30, 31)]
2022-10-08 15:30:57,861--->attack link:(5, 31)
2022-10-08 15:30:57,862--->other links:[(1, 31), (10, 29), (15, 29), (21, 31), (21, 29), (21, 167), (29, 31), (30, 31)]
2022-10-08 15:30:57,863--->Ep: 1| ActionNum: 1/9 | Time:5 | Reward: 0.0 | LinkRewardPer: 0.0 | LoadRewardPer: 0.0
2022-10-08 15:30:57,988--->attack link:(1, 31)
2022-10-08 15:30:57,989--->other links:[(10, 29), (15, 29), (21, 31), (21, 29), (21, 167), (29, 31), (30, 31)]
2022-10-08 15:30:57,990--->Ep: 1| ActionNum: 2/9 | Time:17 | Reward: 0.0 | LinkRewardPer: 0.0 | LoadRewardPer: 0.0
2022-10-08 15:30:58,864--->attack link:(10, 29)
2022-10-08 15:30:58,864--->other links:[(15, 29), (21, 31), (21, 29), (21, 167), (29, 31), (30, 31)]
2022-10-08 15:30:58,865--->Ep: 1| ActionNum: 3/9 | Time:17 | Reward: 1.7 | LinkRewardPer: 0.002951388888888889 | LoadRewardPer: -0.008760300672730563
2022-10-08 15:30:58,924--->attack link:(15, 29)
2022-10-08 15:30:58,925--->other links:[(21, 31), (21, 29), (21, 167), (29, 31), (30, 31)]
2022-10-08 15:30:58,925--->Ep: 1| ActionNum: 4/9 | Time:6 | Reward: 2.0 | LinkRewardPer: 0.003472222222222222 | LoadRewardPer: -0.0104281461256312
2022-10-08 15:30:59,428--->attack link:(21, 31)
2022-10-08 15:30:59,428--->other links:[(21, 29), (21, 167), (29, 31), (30, 31)]
2022-10-08 15:30:59,429--->Ep: 1| ActionNum: 5/9 | Time:6 | Reward: 2.3333333333333335 | LinkRewardPer: 0.004050925925925927 | LoadRewardPer: -0.012456754993393314
2022-10-08 15:31:03,452--->attack link:(21, 29)
2022-10-08 15:31:03,453--->other links:[(21, 167), (29, 31), (30, 31)]
2022-10-08 15:31:03,454--->Ep: 1| ActionNum: 6/9 | Time:20 | Reward: 20.2 | LinkRewardPer: 0.035069444444444445 | LoadRewardPer: -0.03809891935457342
2022-10-08 15:31:08,870--->attack link:(21, 167)
2022-10-08 15:31:08,870--->other links:[(29, 31), (30, 31)]
2022-10-08 15:31:08,872--->Ep: 1| ActionNum: 7/9 | Time:21 | Reward: 40.2 | LinkRewardPer: 0.06979166666666667 | LoadRewardPer: -0.07959767751698275
2022-10-08 15:31:14,380--->attack link:(29, 31)
2022-10-08 15:31:14,380--->other links:[(30, 31)]
2022-10-08 15:31:14,381--->Ep: 1| ActionNum: 8/9 | Time:17 | Reward: 56.5 | LinkRewardPer: 0.09809027777777778 | LoadRewardPer: -0.09885027221737915
2022-10-08 15:31:17,962--->attack link:(30, 31)
2022-10-08 15:31:17,962--->other links:[]
2022-10-08 15:31:17,963--->Ep: 1| ActionNum: 9/9 | Time:10 | Reward: 62.5 | LinkRewardPer: 0.10850694444444445 | LoadRewardPer: -0.10274849087948419
2022-10-08 15:31:18,910--->attack link:(1, 29)
2022-10-08 15:31:18,910--->other links:[(5, 31), (1, 31), (10, 29), (15, 29), (21, 31), (21, 29), (21, 167), (29, 31), (30, 31)]
2022-10-08 15:31:19,599--->attack link:(5, 31)
2022-10-08 15:31:19,599--->other links:[(1, 31), (10, 29), (15, 29), (21, 31), (21, 29), (21, 167), (29, 31), (30, 31)]
2022-10-08 15:31:19,600--->Ep: 2| ActionNum: 1/9 | Time:23 | Reward: 0.1 | LinkRewardPer: 0.00017361111111111112 | LoadRewardPer: -0.00048686612826290775
2022-10-08 15:31:19,652--->attack link:(1, 31)
2022-10-08 15:31:19,652--->other links:[(10, 29), (15, 29), (21, 31), (21, 29), (21, 167), (29, 31), (30, 31)]
2022-10-08 15:31:19,653--->Ep: 2| ActionNum: 2/9 | Time:6 | Reward: 1.0 | LinkRewardPer: 0.001736111111111111 | LoadRewardPer: -0.004868661282629077
2022-10-08 15:31:19,706--->attack link:(10, 29)
2022-10-08 15:31:19,706--->other links:[(15, 29), (21, 31), (21, 29), (21, 167), (29, 31), (30, 31)]
2022-10-08 15:31:19,707--->Ep: 2| ActionNum: 3/9 | Time:6 | Reward: 1.0 | LinkRewardPer: 0.001736111111111111 | LoadRewardPer: -0.004868661282629077
2022-10-08 15:31:19,760--->attack link:(15, 29)
2022-10-08 15:31:19,760--->other links:[(21, 31), (21, 29), (21, 167), (29, 31), (30, 31)]
2022-10-08 15:31:19,761--->Ep: 2| ActionNum: 4/9 | Time:6 | Reward: 1.0 | LinkRewardPer: 0.001736111111111111 | LoadRewardPer: -0.004868661282629077
2022-10-08 15:31:20,725--->attack link:(21, 31)
2022-10-08 15:31:20,725--->other links:[(21, 29), (21, 167), (29, 31), (30, 31)]
2022-10-08 15:31:20,726--->Ep: 2| ActionNum: 5/9 | Time:6 | Reward: 1.8333333333333333 | LinkRewardPer: 0.00318287037037037 | LoadRewardPer: -0.006910976967065261
2022-10-08 15:31:21,278--->attack link:(21, 29)
2022-10-08 15:31:21,278--->other links:[(21, 167), (29, 31), (30, 31)]
2022-10-08 15:31:21,279--->Ep: 2| ActionNum: 6/9 | Time:6 | Reward: 4.666666666666667 | LinkRewardPer: 0.008101851851851853 | LoadRewardPer: -0.01622064685209248
2022-10-08 15:31:23,654--->attack link:(21, 167)
2022-10-08 15:31:23,654--->other links:[(29, 31), (30, 31)]
2022-10-08 15:31:23,655--->Ep: 2| ActionNum: 7/9 | Time:17 | Reward: 7.9 | LinkRewardPer: 0.013715277777777778 | LoadRewardPer: -0.02972021645804892
2022-10-08 15:31:29,188--->attack link:(29, 31)
2022-10-08 15:31:29,188--->other links:[(30, 31)]
2022-10-08 15:31:29,189--->Ep: 2| ActionNum: 8/9 | Time:23 | Reward: 37.2 | LinkRewardPer: 0.06458333333333334 | LoadRewardPer: -0.1388950112670033
2022-10-08 15:31:35,803--->attack link:(30, 31)
2022-10-08 15:31:35,804--->other links:[]
2022-10-08 15:31:35,805--->Ep: 2| ActionNum: 9/9 | Time:13 | Reward: 58.4 | LinkRewardPer: 0.10138888888888889 | LoadRewardPer: -0.14418968041186242
2022-10-08 15:31:36,775--->attack link:(1, 29)
2022-10-08 15:31:36,775--->other links:[(5, 31), (1, 31), (10, 29), (15, 29), (21, 31), (21, 29), (21, 167), (29, 31), (30, 31)]
2022-10-08 15:31:36,829--->attack link:(5, 31)
2022-10-08 15:31:36,829--->other links:[(1, 31), (10, 29), (15, 29), (21, 31), (21, 29), (21, 167), (29, 31), (30, 31)]
2022-10-08 15:31:36,831--->Ep: 3| ActionNum: 1/9 | Time:5 | Reward: 0.0 | LinkRewardPer: 0.0 | LoadRewardPer: 0.0
2022-10-08 15:31:36,949--->attack link:(1, 31)
2022-10-08 15:31:36,949--->other links:[(10, 29), (15, 29), (21, 31), (21, 29), (21, 167), (29, 31), (30, 31)]
2022-10-08 15:31:36,950--->Ep: 3| ActionNum: 2/9 | Time:17 | Reward: 0.0 | LinkRewardPer: 0.0 | LoadRewardPer: 0.0
2022-10-08 15:31:38,052--->attack link:(10, 29)
2022-10-08 15:31:38,052--->other links:[(15, 29), (21, 31), (21, 29), (21, 167), (29, 31), (30, 31)]
2022-10-08 15:31:38,053--->Ep: 3| ActionNum: 3/9 | Time:17 | Reward: 1.5 | LinkRewardPer: 0.0026041666666666665 | LoadRewardPer: -0.007648403704130138
2022-10-08 15:31:38,110--->attack link:(15, 29)
2022-10-08 15:31:38,110--->other links:[(21, 31), (21, 29), (21, 167), (29, 31), (30, 31)]
2022-10-08 15:31:38,111--->Ep: 3| ActionNum: 4/9 | Time:6 | Reward: 2.0 | LinkRewardPer: 0.003472222222222222 | LoadRewardPer: -0.0104281461256312
2022-10-08 15:31:38,158--->attack link:(21, 31)
2022-10-08 15:31:38,159--->other links:[(21, 29), (21, 167), (29, 31), (30, 31)]
2022-10-08 15:31:38,159--->Ep: 3| ActionNum: 5/9 | Time:6 | Reward: 2.0 | LinkRewardPer: 0.003472222222222222 | LoadRewardPer: -0.0104281461256312
2022-10-08 15:31:39,493--->attack link:(21, 29)
2022-10-08 15:31:39,493--->other links:[(21, 167), (29, 31), (30, 31)]
2022-10-08 15:31:39,494--->Ep: 3| ActionNum: 6/9 | Time:6 | Reward: 4.666666666666667 | LinkRewardPer: 0.008101851851851853 | LoadRewardPer: -0.01838358252326047
2022-10-08 15:31:49,435--->attack link:(21, 167)
2022-10-08 15:31:49,435--->other links:[(29, 31), (30, 31)]
2022-10-08 15:31:49,436--->Ep: 3| ActionNum: 7/9 | Time:41 | Reward: 45.7 | LinkRewardPer: 0.07934027777777779 | LoadRewardPer: -0.12738128526078588
2022-10-08 15:31:55,816--->attack link:(29, 31)
2022-10-08 15:31:55,816--->other links:[(30, 31)]
2022-10-08 15:31:55,817--->Ep: 3| ActionNum: 8/9 | Time:17 | Reward: 76.3 | LinkRewardPer: 0.13246527777777778 | LoadRewardPer: -0.16527953681925095
2022-10-08 15:32:02,506--->attack link:(30, 31)
2022-10-08 15:32:02,506--->other links:[]
2022-10-08 15:32:02,507--->Ep: 3| ActionNum: 9/9 | Time:17 | Reward: 96.7 | LinkRewardPer: 0.16788194444444446 | LoadRewardPer: -0.04380972745365725
2022-10-08 15:32:03,339--->attack link:(1, 29)
2022-10-08 15:32:03,339--->other links:[(5, 31), (1, 31), (10, 29), (15, 29), (21, 31), (21, 29), (21, 167), (29, 31), (30, 31)]
2022-10-08 15:32:03,388--->attack link:(5, 31)
2022-10-08 15:32:03,388--->other links:[(1, 31), (10, 29), (15, 29), (21, 31), (21, 29), (21, 167), (29, 31), (30, 31)]
2022-10-08 15:32:03,390--->Ep: 4| ActionNum: 1/9 | Time:5 | Reward: 0.0 | LinkRewardPer: 0.0 | LoadRewardPer: 0.0
2022-10-08 15:32:04,349--->attack link:(1, 31)
2022-10-08 15:32:04,349--->other links:[(10, 29), (15, 29), (21, 31), (21, 29), (21, 167), (29, 31), (30, 31)]
2022-10-08 15:32:04,350--->Ep: 4| ActionNum: 2/9 | Time:42 | Reward: 2.0 | LinkRewardPer: 0.003472222222222222 | LoadRewardPer: -0.0104281461256312
2022-10-08 15:32:04,399--->attack link:(10, 29)
2022-10-08 15:32:04,399--->other links:[(15, 29), (21, 31), (21, 29), (21, 167), (29, 31), (30, 31)]
2022-10-08 15:32:04,400--->Ep: 4| ActionNum: 3/9 | Time:6 | Reward: 2.0 | LinkRewardPer: 0.003472222222222222 | LoadRewardPer: -0.0104281461256312
2022-10-08 15:32:06,811--->attack link:(15, 29)
2022-10-08 15:32:06,811--->other links:[(21, 31), (21, 29), (21, 167), (29, 31), (30, 31)]
2022-10-08 15:32:06,812--->Ep: 4| ActionNum: 4/9 | Time:12 | Reward: 13.0 | LinkRewardPer: 0.022569444444444444 | LoadRewardPer: -0.029410990673881934
2022-10-08 15:32:10,695--->attack link:(21, 31)
2022-10-08 15:32:10,695--->other links:[(21, 29), (21, 167), (29, 31), (30, 31)]
2022-10-08 15:32:10,696--->Ep: 4| ActionNum: 5/9 | Time:21 | Reward: 26.1 | LinkRewardPer: 0.045312500000000006 | LoadRewardPer: -0.04743490632761485
2022-10-08 15:32:16,942--->attack link:(21, 29)
2022-10-08 15:32:16,942--->other links:[(21, 167), (29, 31), (30, 31)]
2022-10-08 15:32:16,943--->Ep: 4| ActionNum: 6/9 | Time:23 | Reward: 43.6 | LinkRewardPer: 0.07569444444444445 | LoadRewardPer: -0.0947596098491702
2022-10-08 15:32:25,026--->attack link:(21, 167)
2022-10-08 15:32:25,027--->other links:[(29, 31), (30, 31)]
2022-10-08 15:32:25,027--->Ep: 4| ActionNum: 7/9 | Time:28 | Reward: 59.1 | LinkRewardPer: 0.10260416666666666 | LoadRewardPer: -0.0974636906426304
2022-10-08 15:32:37,550--->attack link:(29, 31)
2022-10-08 15:32:37,550--->other links:[(30, 31)]
2022-10-08 15:32:37,551--->Ep: 4| ActionNum: 8/9 | Time:35 | Reward: 105.8 | LinkRewardPer: 0.18368055555555554 | LoadRewardPer: -0.16054410579469383
2022-10-08 15:32:44,601--->attack link:(30, 31)
2022-10-08 15:32:44,601--->other links:[]
2022-10-08 15:32:44,601--->Ep: 4| ActionNum: 9/9 | Time:17 | Reward: 109.4 | LinkRewardPer: 0.18993055555555557 | LoadRewardPer: -0.23955458328535947
2022-10-08 15:32:45,452--->attack link:(1, 29)
2022-10-08 15:32:45,452--->other links:[(5, 31), (1, 31), (10, 29), (15, 29), (21, 31), (21, 29), (21, 167), (29, 31), (30, 31)]
2022-10-08 15:32:45,500--->attack link:(5, 31)
2022-10-08 15:32:45,501--->other links:[(1, 31), (10, 29), (15, 29), (21, 31), (21, 29), (21, 167), (29, 31), (30, 31)]
2022-10-08 15:32:45,502--->Ep: 5| ActionNum: 1/9 | Time:5 | Reward: 0.0 | LinkRewardPer: 0.0 | LoadRewardPer: 0.0
2022-10-08 15:32:45,627--->attack link:(1, 31)
2022-10-08 15:32:45,627--->other links:[(10, 29), (15, 29), (21, 31), (21, 29), (21, 167), (29, 31), (30, 31)]
2022-10-08 15:32:45,628--->Ep: 5| ActionNum: 2/9 | Time:17 | Reward: 0.0 | LinkRewardPer: 0.0 | LoadRewardPer: 0.0
2022-10-08 15:32:46,516--->attack link:(10, 29)
2022-10-08 15:32:46,516--->other links:[(15, 29), (21, 31), (21, 29), (21, 167), (29, 31), (30, 31)]
2022-10-08 15:32:46,517--->Ep: 5| ActionNum: 3/9 | Time:17 | Reward: 1.7 | LinkRewardPer: 0.002951388888888889 | LoadRewardPer: -0.008760300672730563
2022-10-08 15:32:46,561--->attack link:(15, 29)
2022-10-08 15:32:46,561--->other links:[(21, 31), (21, 29), (21, 167), (29, 31), (30, 31)]
2022-10-08 15:32:46,562--->Ep: 5| ActionNum: 4/9 | Time:6 | Reward: 2.0 | LinkRewardPer: 0.003472222222222222 | LoadRewardPer: -0.0104281461256312
2022-10-08 15:32:46,627--->attack link:(21, 31)
2022-10-08 15:32:46,627--->other links:[(21, 29), (21, 167), (29, 31), (30, 31)]
2022-10-08 15:32:46,628--->Ep: 5| ActionNum: 5/9 | Time:6 | Reward: 2.0 | LinkRewardPer: 0.003472222222222222 | LoadRewardPer: -0.0104281461256312
2022-10-08 15:32:47,900--->attack link:(21, 29)
2022-10-08 15:32:47,900--->other links:[(21, 167), (29, 31), (30, 31)]
2022-10-08 15:32:47,901--->Ep: 5| ActionNum: 6/9 | Time:6 | Reward: 3.8333333333333335 | LinkRewardPer: 0.006655092592592593 | LoadRewardPer: -0.01840003070326935
2022-10-08 15:32:50,387--->attack link:(21, 167)
2022-10-08 15:32:50,387--->other links:[(29, 31), (30, 31)]
2022-10-08 15:32:50,387--->Ep: 5| ActionNum: 7/9 | Time:17 | Reward: 14.5 | LinkRewardPer: 0.025173611111111112 | LoadRewardPer: -0.047530305771666365
2022-10-08 15:33:04,263--->attack link:(29, 31)
2022-10-08 15:33:04,263--->other links:[(30, 31)]
2022-10-08 15:33:04,264--->Ep: 5| ActionNum: 8/9 | Time:45 | Reward: 78.3 | LinkRewardPer: 0.1359375 | LoadRewardPer: -0.11853380923400826
2022-10-08 15:33:07,912--->attack link:(30, 31)
2022-10-08 15:33:07,912--->other links:[]
2022-10-08 15:33:07,913--->Ep: 5| ActionNum: 9/9 | Time:10 | Reward: 91.6 | LinkRewardPer: 0.15902777777777777 | LoadRewardPer: -0.0062272809513627325
2022-10-08 15:33:08,826--->attack link:(1, 29)
2022-10-08 15:33:08,827--->other links:[(5, 31), (1, 31), (10, 29), (15, 29), (21, 31), (21, 29), (21, 167), (29, 31), (30, 31)]
2022-10-08 15:33:08,873--->attack link:(5, 31)
2022-10-08 15:33:08,873--->other links:[(1, 31), (10, 29), (15, 29), (21, 31), (21, 29), (21, 167), (29, 31), (30, 31)]
2022-10-08 15:33:08,875--->Ep: 6| ActionNum: 1/9 | Time:5 | Reward: 0.0 | LinkRewardPer: 0.0 | LoadRewardPer: 0.0
2022-10-08 15:33:08,980--->attack link:(1, 31)
2022-10-08 15:33:08,980--->other links:[(10, 29), (15, 29), (21, 31), (21, 29), (21, 167), (29, 31), (30, 31)]
2022-10-08 15:33:08,981--->Ep: 6| ActionNum: 2/9 | Time:17 | Reward: 0.0 | LinkRewardPer: 0.0 | LoadRewardPer: 0.0
2022-10-08 15:33:09,958--->attack link:(10, 29)
2022-10-08 15:33:09,959--->other links:[(15, 29), (21, 31), (21, 29), (21, 167), (29, 31), (30, 31)]
2022-10-08 15:33:09,960--->Ep: 6| ActionNum: 3/9 | Time:17 | Reward: 1.8 | LinkRewardPer: 0.003125 | LoadRewardPer: -0.009316249157030774
2022-10-08 15:33:10,019--->attack link:(15, 29)
2022-10-08 15:33:10,019--->other links:[(21, 31), (21, 29), (21, 167), (29, 31), (30, 31)]
2022-10-08 15:33:10,020--->Ep: 6| ActionNum: 4/9 | Time:6 | Reward: 2.0 | LinkRewardPer: 0.003472222222222222 | LoadRewardPer: -0.0104281461256312
2022-10-08 15:33:10,514--->attack link:(21, 31)
2022-10-08 15:33:10,514--->other links:[(21, 29), (21, 167), (29, 31), (30, 31)]
2022-10-08 15:33:10,515--->Ep: 6| ActionNum: 5/9 | Time:6 | Reward: 2.8333333333333335 | LinkRewardPer: 0.004918981481481482 | LoadRewardPer: -0.015499668295036488
2022-10-08 15:33:14,259--->attack link:(21, 29)
2022-10-08 15:33:14,259--->other links:[(21, 167), (29, 31), (30, 31)]
2022-10-08 15:33:14,260--->Ep: 6| ActionNum: 6/9 | Time:17 | Reward: 15.9 | LinkRewardPer: 0.027604166666666666 | LoadRewardPer: -0.03862855075085942
2022-10-08 15:33:21,050--->attack link:(21, 167)
2022-10-08 15:33:21,050--->other links:[(29, 31), (30, 31)]
2022-10-08 15:33:21,051--->Ep: 6| ActionNum: 7/9 | Time:19 | Reward: 31.5 | LinkRewardPer: 0.0546875 | LoadRewardPer: -0.08884155468197444
2022-10-08 15:33:24,746--->attack link:(29, 31)
2022-10-08 15:33:24,746--->other links:[(30, 31)]
2022-10-08 15:33:24,747--->Ep: 6| ActionNum: 8/9 | Time:11 | Reward: 47.3 | LinkRewardPer: 0.08211805555555556 | LoadRewardPer: -0.119140747076336
2022-10-08 15:33:44,744--->attack link:(30, 31)
2022-10-08 15:33:44,744--->other links:[]
2022-10-08 15:33:44,745--->Ep: 6| ActionNum: 9/9 | Time:45 | Reward: 104.3 | LinkRewardPer: 0.18107638888888888 | LoadRewardPer: -0.14412388769182688
2022-10-08 15:33:45,764--->attack link:(1, 29)
2022-10-08 15:33:45,764--->other links:[(5, 31), (1, 31), (10, 29), (15, 29), (21, 31), (21, 29), (21, 167), (29, 31), (30, 31)]
2022-10-08 15:33:45,820--->attack link:(5, 31)
2022-10-08 15:33:45,820--->other links:[(1, 31), (10, 29), (15, 29), (21, 31), (21, 29), (21, 167), (29, 31), (30, 31)]
2022-10-08 15:33:45,822--->Ep: 7| ActionNum: 1/9 | Time:5 | Reward: 0.0 | LinkRewardPer: 0.0 | LoadRewardPer: 0.0
2022-10-08 15:33:45,840--->attack link:(1, 31)
2022-10-08 15:33:45,840--->other links:[(10, 29), (15, 29), (21, 31), (21, 29), (21, 167), (29, 31), (30, 31)]
2022-10-08 15:33:45,841--->Ep: 7| ActionNum: 2/9 | Time:2 | Reward: 0.0 | LinkRewardPer: 0.0 | LoadRewardPer: 0.0
2022-10-08 15:33:45,953--->attack link:(10, 29)
2022-10-08 15:33:45,953--->other links:[(15, 29), (21, 31), (21, 29), (21, 167), (29, 31), (30, 31)]
2022-10-08 15:33:45,954--->Ep: 7| ActionNum: 3/9 | Time:17 | Reward: 0.0 | LinkRewardPer: 0.0 | LoadRewardPer: 0.0
2022-10-08 15:33:47,369--->attack link:(15, 29)
2022-10-08 15:33:47,369--->other links:[(21, 31), (21, 29), (21, 167), (29, 31), (30, 31)]
2022-10-08 15:33:47,370--->Ep: 7| ActionNum: 4/9 | Time:17 | Reward: 2.9 | LinkRewardPer: 0.005034722222222222 | LoadRewardPer: -0.015958024244617335
2022-10-08 15:33:50,275--->attack link:(21, 31)
2022-10-08 15:33:50,276--->other links:[(21, 29), (21, 167), (29, 31), (30, 31)]
2022-10-08 15:33:50,276--->Ep: 7| ActionNum: 5/9 | Time:17 | Reward: 8.6 | LinkRewardPer: 0.014930555555555555 | LoadRewardPer: -0.027588532328897807
2022-10-08 15:33:56,249--->attack link:(21, 29)
2022-10-08 15:33:56,249--->other links:[(21, 167), (29, 31), (30, 31)]
2022-10-08 15:33:56,250--->Ep: 7| ActionNum: 6/9 | Time:23 | Reward: 35.0 | LinkRewardPer: 0.06076388888888889 | LoadRewardPer: -0.10561540865503233
2022-10-08 15:34:02,825--->attack link:(21, 167)
2022-10-08 15:34:02,826--->other links:[(29, 31), (30, 31)]
2022-10-08 15:34:02,826--->Ep: 7| ActionNum: 7/9 | Time:17 | Reward: 63.2 | LinkRewardPer: 0.10972222222222222 | LoadRewardPer: -0.16337812721022418
2022-10-08 15:34:21,407--->attack link:(29, 31)
2022-10-08 15:34:21,407--->other links:[(30, 31)]
2022-10-08 15:34:21,408--->Ep: 7| ActionNum: 8/9 | Time:42 | Reward: 108.9 | LinkRewardPer: 0.18906250000000002 | LoadRewardPer: -0.06999523002779742
2022-10-08 15:34:32,934--->attack link:(30, 31)
2022-10-08 15:34:32,935--->other links:[]
2022-10-08 15:34:32,936--->Ep: 7| ActionNum: 9/9 | Time:23 | Reward: 112.6 | LinkRewardPer: 0.1954861111111111 | LoadRewardPer: -0.11151701564221918
2022-10-08 15:34:33,997--->attack link:(1, 29)
2022-10-08 15:34:33,997--->other links:[(5, 31), (1, 31), (10, 29), (15, 29), (21, 31), (21, 29), (21, 167), (29, 31), (30, 31)]
2022-10-08 15:34:34,055--->attack link:(5, 31)
2022-10-08 15:34:34,055--->other links:[(1, 31), (10, 29), (15, 29), (21, 31), (21, 29), (21, 167), (29, 31), (30, 31)]
2022-10-08 15:34:34,057--->Ep: 8| ActionNum: 1/9 | Time:5 | Reward: 0.0 | LinkRewardPer: 0.0 | LoadRewardPer: 0.0
2022-10-08 15:34:34,171--->attack link:(1, 31)
2022-10-08 15:34:34,171--->other links:[(10, 29), (15, 29), (21, 31), (21, 29), (21, 167), (29, 31), (30, 31)]
2022-10-08 15:34:34,172--->Ep: 8| ActionNum: 2/9 | Time:17 | Reward: 0.0 | LinkRewardPer: 0.0 | LoadRewardPer: 0.0
2022-10-08 15:34:34,791--->attack link:(10, 29)
2022-10-08 15:34:34,791--->other links:[(15, 29), (21, 31), (21, 29), (21, 167), (29, 31), (30, 31)]
2022-10-08 15:34:34,792--->Ep: 8| ActionNum: 3/9 | Time:17 | Reward: 2.0 | LinkRewardPer: 0.003472222222222222 | LoadRewardPer: -0.0104281461256312
2022-10-08 15:34:34,844--->attack link:(15, 29)
2022-10-08 15:34:34,844--->other links:[(21, 31), (21, 29), (21, 167), (29, 31), (30, 31)]
2022-10-08 15:34:34,845--->Ep: 8| ActionNum: 4/9 | Time:6 | Reward: 2.0 | LinkRewardPer: 0.003472222222222222 | LoadRewardPer: -0.0104281461256312
2022-10-08 15:34:35,370--->attack link:(21, 31)
2022-10-08 15:34:35,370--->other links:[(21, 29), (21, 167), (29, 31), (30, 31)]
2022-10-08 15:34:35,371--->Ep: 8| ActionNum: 5/9 | Time:6 | Reward: 3.0 | LinkRewardPer: 0.005208333333333333 | LoadRewardPer: -0.016513972728917546
2022-10-08 15:34:37,723--->attack link:(21, 29)
2022-10-08 15:34:37,723--->other links:[(21, 167), (29, 31), (30, 31)]
2022-10-08 15:34:37,725--->Ep: 8| ActionNum: 6/9 | Time:7 | Reward: 13.0 | LinkRewardPer: 0.022569444444444444 | LoadRewardPer: -0.025309049553666887
2022-10-08 15:34:42,566--->attack link:(21, 167)
2022-10-08 15:34:42,566--->other links:[(29, 31), (30, 31)]
2022-10-08 15:34:42,566--->Ep: 8| ActionNum: 7/9 | Time:23 | Reward: 26.4 | LinkRewardPer: 0.04583333333333333 | LoadRewardPer: -0.06670065957201836
2022-10-08 15:34:46,905--->attack link:(29, 31)
2022-10-08 15:34:46,905--->other links:[(30, 31)]
2022-10-08 15:34:46,906--->Ep: 8| ActionNum: 8/9 | Time:17 | Reward: 45.4 | LinkRewardPer: 0.07881944444444444 | LoadRewardPer: -0.15440893465138084
2022-10-08 15:34:52,992--->attack link:(30, 31)
2022-10-08 15:34:52,992--->other links:[]
2022-10-08 15:34:52,993--->Ep: 8| ActionNum: 9/9 | Time:13 | Reward: 66.8 | LinkRewardPer: 0.11597222222222221 | LoadRewardPer: -0.1369755086599668
2022-10-08 15:34:53,993--->attack link:(1, 29)
2022-10-08 15:34:53,993--->other links:[(5, 31), (1, 31), (10, 29), (15, 29), (21, 31), (21, 29), (21, 167), (29, 31), (30, 31)]
2022-10-08 15:34:54,056--->attack link:(5, 31)
2022-10-08 15:34:54,056--->other links:[(1, 31), (10, 29), (15, 29), (21, 31), (21, 29), (21, 167), (29, 31), (30, 31)]
2022-10-08 15:34:54,057--->Ep: 9| ActionNum: 1/9 | Time:5 | Reward: 0.0 | LinkRewardPer: 0.0 | LoadRewardPer: 0.0
2022-10-08 15:34:54,628--->attack link:(1, 31)
2022-10-08 15:34:54,628--->other links:[(10, 29), (15, 29), (21, 31), (21, 29), (21, 167), (29, 31), (30, 31)]
2022-10-08 15:34:54,629--->Ep: 9| ActionNum: 2/9 | Time:17 | Reward: 0.1 | LinkRewardPer: 0.00017361111111111112 | LoadRewardPer: -0.00048686612826290775
2022-10-08 15:34:55,154--->attack link:(10, 29)
2022-10-08 15:34:55,155--->other links:[(15, 29), (21, 31), (21, 29), (21, 167), (29, 31), (30, 31)]
2022-10-08 15:34:55,156--->Ep: 9| ActionNum: 3/9 | Time:6 | Reward: 1.1666666666666667 | LinkRewardPer: 0.0020254629629629633 | LoadRewardPer: -0.005795242089796097
2022-10-08 15:34:55,212--->attack link:(15, 29)
2022-10-08 15:34:55,212--->other links:[(21, 31), (21, 29), (21, 167), (29, 31), (30, 31)]
2022-10-08 15:34:55,213--->Ep: 9| ActionNum: 4/9 | Time:6 | Reward: 2.0 | LinkRewardPer: 0.003472222222222222 | LoadRewardPer: -0.0104281461256312
2022-10-08 15:34:55,261--->attack link:(21, 31)
2022-10-08 15:34:55,262--->other links:[(21, 29), (21, 167), (29, 31), (30, 31)]
2022-10-08 15:34:55,262--->Ep: 9| ActionNum: 5/9 | Time:6 | Reward: 2.0 | LinkRewardPer: 0.003472222222222222 | LoadRewardPer: -0.0104281461256312
2022-10-08 15:34:55,315--->attack link:(21, 29)
2022-10-08 15:34:55,315--->other links:[(21, 167), (29, 31), (30, 31)]
2022-10-08 15:34:55,315--->Ep: 9| ActionNum: 6/9 | Time:6 | Reward: 2.0 | LinkRewardPer: 0.003472222222222222 | LoadRewardPer: -0.0104281461256312
2022-10-08 15:34:57,300--->attack link:(21, 167)
2022-10-08 15:34:57,300--->other links:[(29, 31), (30, 31)]
2022-10-08 15:34:57,301--->Ep: 9| ActionNum: 7/9 | Time:6 | Reward: 7.833333333333333 | LinkRewardPer: 0.013599537037037037 | LoadRewardPer: -0.020565707737772148
2022-10-08 15:35:04,407--->attack link:(29, 31)
2022-10-08 15:35:04,407--->other links:[(30, 31)]
2022-10-08 15:35:04,408--->Ep: 9| ActionNum: 8/9 | Time:26 | Reward: 29.9 | LinkRewardPer: 0.05190972222222222 | LoadRewardPer: -0.09642910012007172
2022-10-08 15:35:22,159--->attack link:(30, 31)
2022-10-08 15:35:22,159--->other links:[]
2022-10-08 15:35:22,160--->Ep: 9| ActionNum: 9/9 | Time:44 | Reward: 101.0 | LinkRewardPer: 0.1753472222222222 | LoadRewardPer: -0.07586229583696563
2022-10-08 15:35:23,154--->attack link:(1, 29)
2022-10-08 15:35:23,154--->other links:[(5, 31), (1, 31), (10, 29), (15, 29), (21, 31), (21, 29), (21, 167), (29, 31), (30, 31)]
2022-10-08 15:35:23,203--->attack link:(5, 31)
2022-10-08 15:35:23,204--->other links:[(1, 31), (10, 29), (15, 29), (21, 31), (21, 29), (21, 167), (29, 31), (30, 31)]
2022-10-08 15:35:23,205--->Ep: 10| ActionNum: 1/9 | Time:5 | Reward: 0.0 | LinkRewardPer: 0.0 | LoadRewardPer: 0.0
2022-10-08 15:35:23,317--->attack link:(1, 31)
2022-10-08 15:35:23,317--->other links:[(10, 29), (15, 29), (21, 31), (21, 29), (21, 167), (29, 31), (30, 31)]
2022-10-08 15:35:23,319--->Ep: 10| ActionNum: 2/9 | Time:17 | Reward: 0.0 | LinkRewardPer: 0.0 | LoadRewardPer: 0.0
2022-10-08 15:35:24,351--->attack link:(10, 29)
2022-10-08 15:35:24,351--->other links:[(15, 29), (21, 31), (21, 29), (21, 167), (29, 31), (30, 31)]
2022-10-08 15:35:24,352--->Ep: 10| ActionNum: 3/9 | Time:17 | Reward: 1.4 | LinkRewardPer: 0.0024305555555555556 | LoadRewardPer: -0.007092455219829925
2022-10-08 15:35:24,402--->attack link:(15, 29)
2022-10-08 15:35:24,402--->other links:[(21, 31), (21, 29), (21, 167), (29, 31), (30, 31)]
2022-10-08 15:35:24,403--->Ep: 10| ActionNum: 4/9 | Time:6 | Reward: 2.0 | LinkRewardPer: 0.003472222222222222 | LoadRewardPer: -0.0104281461256312
2022-10-08 15:35:25,918--->attack link:(21, 31)
2022-10-08 15:35:25,918--->other links:[(21, 29), (21, 167), (29, 31), (30, 31)]
2022-10-08 15:35:25,918--->Ep: 10| ActionNum: 5/9 | Time:6 | Reward: 5.0 | LinkRewardPer: 0.008680555555555556 | LoadRewardPer: -0.01748167398610677
2022-10-08 15:35:36,951--->attack link:(21, 29)
2022-10-08 15:35:36,952--->other links:[(21, 167), (29, 31), (30, 31)]
2022-10-08 15:35:36,953--->Ep: 10| ActionNum: 6/9 | Time:41 | Reward: 35.3 | LinkRewardPer: 0.06128472222222222 | LoadRewardPer: -0.0870355445169992
2022-10-08 15:35:51,520--->attack link:(21, 167)
2022-10-08 15:35:51,521--->other links:[(29, 31), (30, 31)]
2022-10-08 15:35:51,522--->Ep: 10| ActionNum: 7/9 | Time:32 | Reward: 86.4 | LinkRewardPer: 0.15000000000000002 | LoadRewardPer: -0.03016431731828873
2022-10-08 15:35:58,299--->attack link:(29, 31)
2022-10-08 15:35:58,299--->other links:[(30, 31)]
2022-10-08 15:35:58,300--->Ep: 10| ActionNum: 8/9 | Time:13 | Reward: 109.3 | LinkRewardPer: 0.18975694444444444 | LoadRewardPer: -0.07777028471799595
2022-10-08 15:36:10,127--->attack link:(30, 31)
2022-10-08 15:36:10,127--->other links:[]
2022-10-08 15:36:10,128--->Ep: 10| ActionNum: 9/9 | Time:23 | Reward: 106.2 | LinkRewardPer: 0.184375 | LoadRewardPer: -0.1772077569616922
2022-10-08 15:36:11,048--->attack link:(1, 29)
2022-10-08 15:36:11,048--->other links:[(5, 31), (1, 31), (10, 29), (15, 29), (21, 31), (21, 29), (21, 167), (29, 31), (30, 31)]
2022-10-08 15:36:11,751--->attack link:(5, 31)
2022-10-08 15:36:11,751--->other links:[(1, 31), (10, 29), (15, 29), (21, 31), (21, 29), (21, 167), (29, 31), (30, 31)]
2022-10-08 15:36:11,752--->Ep: 11| ActionNum: 1/9 | Time:42 | Reward: 1.0 | LinkRewardPer: 0.001736111111111111 | LoadRewardPer: -0.004868661282629077
2022-10-08 15:36:11,803--->attack link:(1, 31)
2022-10-08 15:36:11,803--->other links:[(10, 29), (15, 29), (21, 31), (21, 29), (21, 167), (29, 31), (30, 31)]
2022-10-08 15:36:11,804--->Ep: 11| ActionNum: 2/9 | Time:6 | Reward: 1.0 | LinkRewardPer: 0.001736111111111111 | LoadRewardPer: -0.004868661282629077
2022-10-08 15:36:17,257--->attack link:(10, 29)
2022-10-08 15:36:17,257--->other links:[(15, 29), (21, 31), (21, 29), (21, 167), (29, 31), (30, 31)]
2022-10-08 15:36:17,258--->Ep: 11| ActionNum: 3/9 | Time:44 | Reward: 18.0 | LinkRewardPer: 0.03125 | LoadRewardPer: -0.05083638995345165
2022-10-08 15:36:30,306--->attack link:(15, 29)
2022-10-08 15:36:30,306--->other links:[(21, 31), (21, 29), (21, 167), (29, 31), (30, 31)]
2022-10-08 15:36:30,307--->Ep: 11| ActionNum: 4/9 | Time:44 | Reward: 48.3 | LinkRewardPer: 0.08385416666666666 | LoadRewardPer: -0.08294159251278846
2022-10-08 15:36:50,771--->attack link:(21, 31)
2022-10-08 15:36:50,771--->other links:[(21, 29), (21, 167), (29, 31), (30, 31)]
2022-10-08 15:36:50,772--->Ep: 11| ActionNum: 5/9 | Time:47 | Reward: 81.7 | LinkRewardPer: 0.14184027777777777 | LoadRewardPer: -0.04866194055627745
2022-10-08 15:37:05,408--->attack link:(21, 29)
2022-10-08 15:37:05,408--->other links:[(21, 167), (29, 31), (30, 31)]
2022-10-08 15:37:05,409--->Ep: 11| ActionNum: 6/9 | Time:27 | Reward: 103.2 | LinkRewardPer: 0.17916666666666667 | LoadRewardPer: -0.1706942776781749
2022-10-08 15:37:31,599--->attack link:(21, 167)
2022-10-08 15:37:31,599--->other links:[(29, 31), (30, 31)]
2022-10-08 15:37:31,600--->Ep: 11| ActionNum: 7/9 | Time:47 | Reward: 121.8 | LinkRewardPer: 0.21145833333333333 | LoadRewardPer: -0.12432850305113739
2022-10-08 15:37:56,809--->attack link:(29, 31)
2022-10-08 15:37:56,809--->other links:[(30, 31)]
2022-10-08 15:37:56,810--->Ep: 11| ActionNum: 8/9 | Time:47 | Reward: 112.2 | LinkRewardPer: 0.19479166666666667 | LoadRewardPer: -0.13645903580768787
2022-10-08 15:38:23,681--->attack link:(30, 31)
2022-10-08 15:38:23,681--->other links:[]
2022-10-08 15:38:23,682--->Ep: 11| ActionNum: 9/9 | Time:47 | Reward: 121.7 | LinkRewardPer: 0.21128472222222222 | LoadRewardPer: -0.017301840551342994
2022-10-08 15:38:25,202--->attack link:(1, 29)
2022-10-08 15:38:25,202--->other links:[(5, 31), (1, 31), (10, 29), (15, 29), (21, 31), (21, 29), (21, 167), (29, 31), (30, 31)]
2022-10-08 15:38:25,309--->attack link:(5, 31)
2022-10-08 15:38:25,309--->other links:[(1, 31), (10, 29), (15, 29), (21, 31), (21, 29), (21, 167), (29, 31), (30, 31)]
2022-10-08 15:38:25,310--->Ep: 12| ActionNum: 1/9 | Time:13 | Reward: 0.0 | LinkRewardPer: 0.0 | LoadRewardPer: 0.0
2022-10-08 15:38:26,909--->attack link:(1, 31)
2022-10-08 15:38:26,910--->other links:[(10, 29), (15, 29), (21, 31), (21, 29), (21, 167), (29, 31), (30, 31)]
2022-10-08 15:38:26,911--->Ep: 12| ActionNum: 2/9 | Time:35 | Reward: 1.9 | LinkRewardPer: 0.003298611111111111 | LoadRewardPer: -0.009872197641330988
2022-10-08 15:38:28,951--->attack link:(10, 29)
2022-10-08 15:38:28,951--->other links:[(15, 29), (21, 31), (21, 29), (21, 167), (29, 31), (30, 31)]
2022-10-08 15:38:28,961--->Ep: 12| ActionNum: 3/9 | Time:13 | Reward: 4.6 | LinkRewardPer: 0.00798611111111111 | LoadRewardPer: -0.01782324785762455
2022-10-08 15:38:43,745--->attack link:(15, 29)
2022-10-08 15:38:43,745--->other links:[(21, 31), (21, 29), (21, 167), (29, 31), (30, 31)]
2022-10-08 15:38:43,745--->Ep: 12| ActionNum: 4/9 | Time:47 | Reward: 47.6 | LinkRewardPer: 0.08263888888888889 | LoadRewardPer: -0.08848133953977992
2022-10-08 15:38:57,971--->attack link:(21, 31)
2022-10-08 15:38:57,972--->other links:[(21, 29), (21, 167), (29, 31), (30, 31)]
2022-10-08 15:38:57,973--->Ep: 12| ActionNum: 5/9 | Time:35 | Reward: 65.4 | LinkRewardPer: 0.11354166666666668 | LoadRewardPer: -0.05030511373916476
2022-10-08 15:39:11,948--->attack link:(21, 29)
2022-10-08 15:39:11,948--->other links:[(21, 167), (29, 31), (30, 31)]
2022-10-08 15:39:11,950--->Ep: 12| ActionNum: 6/9 | Time:29 | Reward: 88.3 | LinkRewardPer: 0.1532986111111111 | LoadRewardPer: -0.060845107488856354
2022-10-08 15:39:26,725--->attack link:(21, 167)
2022-10-08 15:39:26,725--->other links:[(29, 31), (30, 31)]
2022-10-08 15:39:26,726--->Ep: 12| ActionNum: 7/9 | Time:29 | Reward: 95.0 | LinkRewardPer: 0.16493055555555555 | LoadRewardPer: -0.1277579485829893
2022-10-08 15:39:45,820--->attack link:(29, 31)
2022-10-08 15:39:45,821--->other links:[(30, 31)]
2022-10-08 15:39:45,821--->Ep: 12| ActionNum: 8/9 | Time:29 | Reward: 110.9 | LinkRewardPer: 0.19253472222222223 | LoadRewardPer: -0.2112225932200602
2022-10-08 15:39:57,220--->attack link:(30, 31)
2022-10-08 15:39:57,220--->other links:[]
2022-10-08 15:39:57,221--->Ep: 12| ActionNum: 9/9 | Time:18 | Reward: 126.9 | LinkRewardPer: 0.22031250000000002 | LoadRewardPer: -0.16698027863216935
2022-10-08 15:39:58,709--->attack link:(1, 29)
2022-10-08 15:39:58,710--->other links:[(5, 31), (1, 31), (10, 29), (15, 29), (21, 31), (21, 29), (21, 167), (29, 31), (30, 31)]
2022-10-08 15:39:58,896--->attack link:(5, 31)
2022-10-08 15:39:58,896--->other links:[(1, 31), (10, 29), (15, 29), (21, 31), (21, 29), (21, 167), (29, 31), (30, 31)]
2022-10-08 15:39:58,897--->Ep: 13| ActionNum: 1/9 | Time:29 | Reward: 0.0 | LinkRewardPer: 0.0 | LoadRewardPer: 0.0
2022-10-08 15:40:01,865--->attack link:(1, 31)
2022-10-08 15:40:01,865--->other links:[(10, 29), (15, 29), (21, 31), (21, 29), (21, 167), (29, 31), (30, 31)]
2022-10-08 15:40:01,866--->Ep: 13| ActionNum: 2/9 | Time:29 | Reward: 2.7 | LinkRewardPer: 0.004687500000000001 | LoadRewardPer: -0.008520157244600885
2022-10-08 15:40:09,492--->attack link:(10, 29)
2022-10-08 15:40:09,492--->other links:[(15, 29), (21, 31), (21, 29), (21, 167), (29, 31), (30, 31)]
2022-10-08 15:40:09,493--->Ep: 13| ActionNum: 3/9 | Time:47 | Reward: 29.2 | LinkRewardPer: 0.050694444444444445 | LoadRewardPer: -0.06218892379558202
2022-10-08 15:40:23,350--->attack link:(15, 29)
2022-10-08 15:40:23,350--->other links:[(21, 31), (21, 29), (21, 167), (29, 31), (30, 31)]
2022-10-08 15:40:23,351--->Ep: 13| ActionNum: 4/9 | Time:44 | Reward: 52.2 | LinkRewardPer: 0.09062500000000001 | LoadRewardPer: -0.07719624323568597
2022-10-08 15:40:40,561--->attack link:(21, 31)
2022-10-08 15:40:40,561--->other links:[(21, 29), (21, 167), (29, 31), (30, 31)]
2022-10-08 15:40:40,563--->Ep: 13| ActionNum: 5/9 | Time:44 | Reward: 104.0 | LinkRewardPer: 0.18055555555555555 | LoadRewardPer: -0.09487968156323502
2022-10-08 15:41:02,211--->attack link:(21, 29)
2022-10-08 15:41:02,211--->other links:[(21, 167), (29, 31), (30, 31)]
2022-10-08 15:41:02,212--->Ep: 13| ActionNum: 6/9 | Time:44 | Reward: 112.3 | LinkRewardPer: 0.19496527777777778 | LoadRewardPer: -0.17559583532082176
2022-10-08 15:41:23,716--->attack link:(21, 167)
2022-10-08 15:41:23,716--->other links:[(29, 31), (30, 31)]
2022-10-08 15:41:23,717--->Ep: 13| ActionNum: 7/9 | Time:47 | Reward: 132.8 | LinkRewardPer: 0.23055555555555557 | LoadRewardPer: -0.1186933565800944
2022-10-08 15:41:25,376--->attack link:(29, 31)
2022-10-08 15:41:25,376--->other links:[(30, 31)]
2022-10-08 15:41:25,377--->Ep: 13| ActionNum: 8/9 | Time:2 | Reward: 126.0 | LinkRewardPer: 0.21875 | LoadRewardPer: -0.11532641413227626
2022-10-08 15:41:47,403--->attack link:(30, 31)
2022-10-08 15:41:47,404--->other links:[]
2022-10-08 15:41:47,405--->Ep: 13| ActionNum: 9/9 | Time:47 | Reward: 118.1 | LinkRewardPer: 0.20503472222222222 | LoadRewardPer: -0.07037682780400348
2022-10-08 15:41:48,881--->attack link:(1, 29)
2022-10-08 15:41:48,881--->other links:[(5, 31), (1, 31), (10, 29), (15, 29), (21, 31), (21, 29), (21, 167), (29, 31), (30, 31)]
2022-10-08 15:41:50,316--->attack link:(5, 31)
2022-10-08 15:41:50,316--->other links:[(1, 31), (10, 29), (15, 29), (21, 31), (21, 29), (21, 167), (29, 31), (30, 31)]
2022-10-08 15:41:50,318--->Ep: 14| ActionNum: 1/9 | Time:47 | Reward: 1.4 | LinkRewardPer: 0.0024305555555555556 | LoadRewardPer: -0.006847377337697584
2022-10-08 15:41:55,925--->attack link:(1, 31)
2022-10-08 15:41:55,927--->other links:[(10, 29), (15, 29), (21, 31), (21, 29), (21, 167), (29, 31), (30, 31)]
2022-10-08 15:41:55,927--->Ep: 14| ActionNum: 2/9 | Time:47 | Reward: 19.0 | LinkRewardPer: 0.03298611111111111 | LoadRewardPer: -0.05057486389131043
2022-10-08 15:42:06,170--->attack link:(10, 29)
2022-10-08 15:42:06,170--->other links:[(15, 29), (21, 31), (21, 29), (21, 167), (29, 31), (30, 31)]
2022-10-08 15:42:06,171--->Ep: 14| ActionNum: 3/9 | Time:47 | Reward: 54.2 | LinkRewardPer: 0.09409722222222222 | LoadRewardPer: -0.05522640919782226
2022-10-08 15:42:15,073--->attack link:(15, 29)
2022-10-08 15:42:15,075--->other links:[(21, 31), (21, 29), (21, 167), (29, 31), (30, 31)]
2022-10-08 15:42:15,075--->Ep: 14| ActionNum: 4/9 | Time:18 | Reward: 66.2 | LinkRewardPer: 0.11493055555555556 | LoadRewardPer: -0.10964192312120663
2022-10-08 15:42:21,918--->attack link:(21, 31)
2022-10-08 15:42:21,918--->other links:[(21, 29), (21, 167), (29, 31), (30, 31)]
2022-10-08 15:42:21,919--->Ep: 14| ActionNum: 5/9 | Time:18 | Reward: 81.4 | LinkRewardPer: 0.14131944444444444 | LoadRewardPer: -0.16479760514499073
2022-10-08 15:42:29,741--->attack link:(21, 29)
2022-10-08 15:42:29,741--->other links:[(21, 167), (29, 31), (30, 31)]
2022-10-08 15:42:29,742--->Ep: 14| ActionNum: 6/9 | Time:18 | Reward: 114.7 | LinkRewardPer: 0.19913194444444446 | LoadRewardPer: -0.19273319407207593
2022-10-08 15:42:38,014--->attack link:(21, 167)
2022-10-08 15:42:38,014--->other links:[(29, 31), (30, 31)]
2022-10-08 15:42:38,015--->Ep: 14| ActionNum: 7/9 | Time:18 | Reward: 120.0 | LinkRewardPer: 0.20833333333333334 | LoadRewardPer: -0.04601049393884567
2022-10-08 15:42:46,138--->attack link:(29, 31)
2022-10-08 15:42:46,138--->other links:[(30, 31)]
2022-10-08 15:42:46,140--->Ep: 14| ActionNum: 8/9 | Time:18 | Reward: 112.4 | LinkRewardPer: 0.1951388888888889 | LoadRewardPer: -0.12153231244962745
2022-10-08 15:42:52,864--->attack link:(30, 31)
2022-10-08 15:42:52,864--->other links:[]
2022-10-08 15:42:52,865--->Ep: 14| ActionNum: 9/9 | Time:13 | Reward: 113.2 | LinkRewardPer: 0.19652777777777777 | LoadRewardPer: -0.13353454940210865
2022-10-08 15:42:54,285--->attack link:(1, 29)
2022-10-08 15:42:54,285--->other links:[(5, 31), (1, 31), (10, 29), (15, 29), (21, 31), (21, 29), (21, 167), (29, 31), (30, 31)]
2022-10-08 15:42:55,346--->attack link:(5, 31)
2022-10-08 15:42:55,346--->other links:[(1, 31), (10, 29), (15, 29), (21, 31), (21, 29), (21, 167), (29, 31), (30, 31)]
2022-10-08 15:42:55,347--->Ep: 15| ActionNum: 1/9 | Time:47 | Reward: 1.2 | LinkRewardPer: 0.0020833333333333333 | LoadRewardPer: -0.0049509021826734875
2022-10-08 15:42:57,187--->attack link:(1, 31)
2022-10-08 15:42:57,187--->other links:[(10, 29), (15, 29), (21, 31), (21, 29), (21, 167), (29, 31), (30, 31)]
2022-10-08 15:42:57,187--->Ep: 15| ActionNum: 2/9 | Time:19 | Reward: 5.0 | LinkRewardPer: 0.008680555555555556 | LoadRewardPer: -0.013273681267167789
2022-10-08 15:43:00,633--->attack link:(10, 29)
2022-10-08 15:43:00,633--->other links:[(15, 29), (21, 31), (21, 29), (21, 167), (29, 31), (30, 31)]
2022-10-08 15:43:00,634--->Ep: 15| ActionNum: 3/9 | Time:19 | Reward: 17.5 | LinkRewardPer: 0.030381944444444444 | LoadRewardPer: -0.03666134842179713
2022-10-08 15:43:04,980--->attack link:(15, 29)
2022-10-08 15:43:04,981--->other links:[(21, 31), (21, 29), (21, 167), (29, 31), (30, 31)]
2022-10-08 15:43:04,981--->Ep: 15| ActionNum: 4/9 | Time:19 | Reward: 26.3 | LinkRewardPer: 0.04565972222222223 | LoadRewardPer: -0.048852739444380476
2022-10-08 15:43:09,139--->attack link:(21, 31)
2022-10-08 15:43:09,139--->other links:[(21, 29), (21, 167), (29, 31), (30, 31)]
2022-10-08 15:43:09,140--->Ep: 15| ActionNum: 5/9 | Time:19 | Reward: 39.0 | LinkRewardPer: 0.06770833333333333 | LoadRewardPer: -0.08687599717091304
2022-10-08 15:43:14,626--->attack link:(21, 29)
2022-10-08 15:43:14,626--->other links:[(21, 167), (29, 31), (30, 31)]
2022-10-08 15:43:14,627--->Ep: 15| ActionNum: 6/9 | Time:19 | Reward: 45.9 | LinkRewardPer: 0.0796875 | LoadRewardPer: -0.08142013586196688
2022-10-08 15:43:30,604--->attack link:(21, 167)
2022-10-08 15:43:30,604--->other links:[(29, 31), (30, 31)]
2022-10-08 15:43:30,605--->Ep: 15| ActionNum: 7/9 | Time:41 | Reward: 93.2 | LinkRewardPer: 0.16180555555555556 | LoadRewardPer: -0.05477408424757801
2022-10-08 15:43:36,810--->attack link:(29, 31)
2022-10-08 15:43:36,811--->other links:[(30, 31)]
2022-10-08 15:43:36,811--->Ep: 15| ActionNum: 8/9 | Time:13 | Reward: 108.3 | LinkRewardPer: 0.18802083333333333 | LoadRewardPer: -0.11788739575965919
2022-10-08 15:43:44,127--->attack link:(30, 31)
2022-10-08 15:43:44,127--->other links:[]
2022-10-08 15:43:44,128--->Ep: 15| ActionNum: 9/9 | Time:13 | Reward: 114.6 | LinkRewardPer: 0.19895833333333332 | LoadRewardPer: -0.12654900735233646
2022-10-08 15:43:45,523--->attack link:(1, 29)
2022-10-08 15:43:45,523--->other links:[(5, 31), (1, 31), (10, 29), (15, 29), (21, 31), (21, 29), (21, 167), (29, 31), (30, 31)]
2022-10-08 15:43:46,199--->attack link:(5, 31)
2022-10-08 15:43:46,199--->other links:[(1, 31), (10, 29), (15, 29), (21, 31), (21, 29), (21, 167), (29, 31), (30, 31)]
2022-10-08 15:43:46,201--->Ep: 16| ActionNum: 1/9 | Time:47 | Reward: 1.0 | LinkRewardPer: 0.001736111111111111 | LoadRewardPer: -0.004868661282629077
2022-10-08 15:43:48,514--->attack link:(1, 31)
2022-10-08 15:43:48,515--->other links:[(10, 29), (15, 29), (21, 31), (21, 29), (21, 167), (29, 31), (30, 31)]
2022-10-08 15:43:48,515--->Ep: 16| ActionNum: 2/9 | Time:9 | Reward: 2.888888888888889 | LinkRewardPer: 0.005015432098765432 | LoadRewardPer: -0.008907603262587884
2022-10-08 15:43:53,304--->attack link:(10, 29)
2022-10-08 15:43:53,305--->other links:[(15, 29), (21, 31), (21, 29), (21, 167), (29, 31), (30, 31)]
2022-10-08 15:43:53,306--->Ep: 16| ActionNum: 3/9 | Time:44 | Reward: 16.1 | LinkRewardPer: 0.02795138888888889 | LoadRewardPer: -0.04986101287892495
2022-10-08 15:43:58,211--->attack link:(15, 29)
2022-10-08 15:43:58,211--->other links:[(21, 31), (21, 29), (21, 167), (29, 31), (30, 31)]
2022-10-08 15:43:58,211--->Ep: 16| ActionNum: 4/9 | Time:13 | Reward: 34.9 | LinkRewardPer: 0.06059027777777778 | LoadRewardPer: -0.08321298748293501
2022-10-08 15:43:58,760--->attack link:(21, 31)
2022-10-08 15:43:58,760--->other links:[(21, 29), (21, 167), (29, 31), (30, 31)]
2022-10-08 15:43:58,761--->Ep: 16| ActionNum: 5/9 | Time:5 | Reward: 40.0 | LinkRewardPer: 0.06944444444444445 | LoadRewardPer: -0.06177936411336086
2022-10-08 15:44:12,999--->attack link:(21, 29)
2022-10-08 15:44:12,999--->other links:[(21, 167), (29, 31), (30, 31)]
2022-10-08 15:44:13,001--->Ep: 16| ActionNum: 6/9 | Time:44 | Reward: 68.8 | LinkRewardPer: 0.11944444444444444 | LoadRewardPer: -0.15354540520091453
2022-10-08 15:44:17,998--->attack link:(21, 167)
2022-10-08 15:44:17,998--->other links:[(29, 31), (30, 31)]
2022-10-08 15:44:17,999--->Ep: 16| ActionNum: 7/9 | Time:13 | Reward: 93.4 | LinkRewardPer: 0.16215277777777778 | LoadRewardPer: -0.03221705018339721
2022-10-08 15:44:38,494--->attack link:(29, 31)
2022-10-08 15:44:38,494--->other links:[(30, 31)]
2022-10-08 15:44:38,495--->Ep: 16| ActionNum: 8/9 | Time:44 | Reward: 118.3 | LinkRewardPer: 0.20538194444444444 | LoadRewardPer: -0.11713735875125418
2022-10-08 15:45:07,873--->attack link:(30, 31)
2022-10-08 15:45:07,873--->other links:[]
2022-10-08 15:45:07,875--->Ep: 16| ActionNum: 9/9 | Time:44 | Reward: 103.2 | LinkRewardPer: 0.17916666666666667 | LoadRewardPer: -0.017933450663684063
2022-10-08 15:45:09,739--->attack link:(1, 29)
2022-10-08 15:45:09,739--->other links:[(5, 31), (1, 31), (10, 29), (15, 29), (21, 31), (21, 29), (21, 167), (29, 31), (30, 31)]
2022-10-08 15:45:10,726--->attack link:(5, 31)
2022-10-08 15:45:10,726--->other links:[(1, 31), (10, 29), (15, 29), (21, 31), (21, 29), (21, 167), (29, 31), (30, 31)]
2022-10-08 15:45:10,727--->Ep: 17| ActionNum: 1/9 | Time:44 | Reward: 1.0 | LinkRewardPer: 0.001736111111111111 | LoadRewardPer: -0.004868661282629077
2022-10-08 15:45:18,452--->attack link:(1, 31)
2022-10-08 15:45:18,452--->other links:[(10, 29), (15, 29), (21, 31), (21, 29), (21, 167), (29, 31), (30, 31)]
2022-10-08 15:45:18,453--->Ep: 17| ActionNum: 2/9 | Time:44 | Reward: 16.0 | LinkRewardPer: 0.027777777777777776 | LoadRewardPer: -0.04132769709031695
2022-10-08 15:45:38,373--->attack link:(10, 29)
2022-10-08 15:45:38,373--->other links:[(15, 29), (21, 31), (21, 29), (21, 167), (29, 31), (30, 31)]
2022-10-08 15:45:38,374--->Ep: 17| ActionNum: 3/9 | Time:44 | Reward: 47.1 | LinkRewardPer: 0.08177083333333333 | LoadRewardPer: -0.1046153593104923
2022-10-08 15:46:00,804--->attack link:(15, 29)
2022-10-08 15:46:00,804--->other links:[(21, 31), (21, 29), (21, 167), (29, 31), (30, 31)]
2022-10-08 15:46:00,805--->Ep: 17| ActionNum: 4/9 | Time:44 | Reward: 74.2 | LinkRewardPer: 0.12881944444444446 | LoadRewardPer: -0.0678668355346481
2022-10-08 15:46:12,585--->attack link:(21, 31)
2022-10-08 15:46:12,585--->other links:[(21, 29), (21, 167), (29, 31), (30, 31)]
2022-10-08 15:46:12,586--->Ep: 17| ActionNum: 5/9 | Time:19 | Reward: 71.4 | LinkRewardPer: 0.12395833333333334 | LoadRewardPer: -0.13136996891293978
2022-10-08 15:46:24,701--->attack link:(21, 29)
2022-10-08 15:46:24,702--->other links:[(21, 167), (29, 31), (30, 31)]
2022-10-08 15:46:24,703--->Ep: 17| ActionNum: 6/9 | Time:19 | Reward: 78.6 | LinkRewardPer: 0.13645833333333332 | LoadRewardPer: -0.1833824037370265
2022-10-08 15:46:32,885--->attack link:(21, 167)
2022-10-08 15:46:32,886--->other links:[(29, 31), (30, 31)]
2022-10-08 15:46:32,886--->Ep: 17| ActionNum: 7/9 | Time:13 | Reward: 89.5 | LinkRewardPer: 0.15538194444444445 | LoadRewardPer: -0.12547823083375825
2022-10-08 15:46:39,821--->attack link:(29, 31)
2022-10-08 15:46:39,821--->other links:[(30, 31)]
2022-10-08 15:46:39,822--->Ep: 17| ActionNum: 8/9 | Time:13 | Reward: 97.0 | LinkRewardPer: 0.1684027777777778 | LoadRewardPer: -0.0878711120614504
2022-10-08 15:46:49,787--->attack link:(30, 31)
2022-10-08 15:46:49,787--->other links:[]
2022-10-08 15:46:49,788--->Ep: 17| ActionNum: 9/9 | Time:19 | Reward: 133.1 | LinkRewardPer: 0.23107638888888887 | LoadRewardPer: -0.05344013684885767
2022-10-08 15:46:51,318--->attack link:(1, 29)
2022-10-08 15:46:51,318--->other links:[(5, 31), (1, 31), (10, 29), (15, 29), (21, 31), (21, 29), (21, 167), (29, 31), (30, 31)]
2022-10-08 15:46:52,047--->attack link:(5, 31)
2022-10-08 15:46:52,047--->other links:[(1, 31), (10, 29), (15, 29), (21, 31), (21, 29), (21, 167), (29, 31), (30, 31)]
2022-10-08 15:46:52,049--->Ep: 18| ActionNum: 1/9 | Time:47 | Reward: 1.0 | LinkRewardPer: 0.001736111111111111 | LoadRewardPer: -0.004868661282629077
2022-10-08 15:46:54,018--->attack link:(1, 31)
2022-10-08 15:46:54,018--->other links:[(10, 29), (15, 29), (21, 31), (21, 29), (21, 167), (29, 31), (30, 31)]
2022-10-08 15:46:54,018--->Ep: 18| ActionNum: 2/9 | Time:13 | Reward: 4.3 | LinkRewardPer: 0.007465277777777777 | LoadRewardPer: -0.010036679441419808
2022-10-08 15:47:00,324--->attack link:(10, 29)
2022-10-08 15:47:00,324--->other links:[(15, 29), (21, 31), (21, 29), (21, 167), (29, 31), (30, 31)]
2022-10-08 15:47:00,325--->Ep: 18| ActionNum: 3/9 | Time:40 | Reward: 19.2 | LinkRewardPer: 0.03333333333333333 | LoadRewardPer: -0.050823231409444544
2022-10-08 15:47:05,250--->attack link:(15, 29)
2022-10-08 15:47:05,250--->other links:[(21, 31), (21, 29), (21, 167), (29, 31), (30, 31)]
2022-10-08 15:47:05,251--->Ep: 18| ActionNum: 4/9 | Time:23 | Reward: 33.1 | LinkRewardPer: 0.05746527777777778 | LoadRewardPer: -0.08777735743539977
2022-10-08 15:47:15,760--->attack link:(21, 31)
2022-10-08 15:47:15,760--->other links:[(21, 29), (21, 167), (29, 31), (30, 31)]
2022-10-08 15:47:15,761--->Ep: 18| ActionNum: 5/9 | Time:23 | Reward: 52.8 | LinkRewardPer: 0.09166666666666666 | LoadRewardPer: -0.06086813494086879
2022-10-08 15:47:26,212--->attack link:(21, 29)
2022-10-08 15:47:26,212--->other links:[(21, 167), (29, 31), (30, 31)]
2022-10-08 15:47:26,213--->Ep: 18| ActionNum: 6/9 | Time:23 | Reward: 73.0 | LinkRewardPer: 0.1267361111111111 | LoadRewardPer: -0.13729953780614174
2022-10-08 15:47:32,001--->attack link:(21, 167)
2022-10-08 15:47:32,001--->other links:[(29, 31), (30, 31)]
2022-10-08 15:47:32,002--->Ep: 18| ActionNum: 7/9 | Time:11 | Reward: 79.2 | LinkRewardPer: 0.1375 | LoadRewardPer: -0.12312120663848544
2022-10-08 15:47:42,047--->attack link:(29, 31)
2022-10-08 15:47:42,047--->other links:[(30, 31)]
2022-10-08 15:47:42,048--->Ep: 18| ActionNum: 8/9 | Time:19 | Reward: 111.5 | LinkRewardPer: 0.1935763888888889 | LoadRewardPer: -0.12902939289767587
2022-10-08 15:47:52,778--->attack link:(30, 31)
2022-10-08 15:47:52,779--->other links:[]
2022-10-08 15:47:52,779--->Ep: 18| ActionNum: 9/9 | Time:19 | Reward: 118.8 | LinkRewardPer: 0.20625 | LoadRewardPer: -0.1744461075382009
2022-10-08 15:47:54,276--->attack link:(1, 29)
2022-10-08 15:47:54,276--->other links:[(5, 31), (1, 31), (10, 29), (15, 29), (21, 31), (21, 29), (21, 167), (29, 31), (30, 31)]
2022-10-08 15:47:54,407--->attack link:(5, 31)
2022-10-08 15:47:54,407--->other links:[(1, 31), (10, 29), (15, 29), (21, 31), (21, 29), (21, 167), (29, 31), (30, 31)]
2022-10-08 15:47:54,409--->Ep: 19| ActionNum: 1/9 | Time:7 | Reward: 0.0 | LinkRewardPer: 0.0 | LoadRewardPer: 0.0
2022-10-08 15:47:56,190--->attack link:(1, 31)
2022-10-08 15:47:56,190--->other links:[(10, 29), (15, 29), (21, 31), (21, 29), (21, 167), (29, 31), (30, 31)]
2022-10-08 15:47:56,191--->Ep: 19| ActionNum: 2/9 | Time:33 | Reward: 2.0 | LinkRewardPer: 0.003472222222222222 | LoadRewardPer: -0.0104281461256312
2022-10-08 15:48:00,188--->attack link:(10, 29)
2022-10-08 15:48:00,188--->other links:[(15, 29), (21, 31), (21, 29), (21, 167), (29, 31), (30, 31)]
2022-10-08 15:48:00,188--->Ep: 19| ActionNum: 3/9 | Time:19 | Reward: 11.8 | LinkRewardPer: 0.02048611111111111 | LoadRewardPer: -0.025932200602003387
2022-10-08 15:48:01,777--->attack link:(15, 29)
2022-10-08 15:48:01,778--->other links:[(21, 31), (21, 29), (21, 167), (29, 31), (30, 31)]
2022-10-08 15:48:01,779--->Ep: 19| ActionNum: 4/9 | Time:19 | Reward: 18.0 | LinkRewardPer: 0.03125 | LoadRewardPer: -0.03631264700560883
2022-10-08 15:48:06,085--->attack link:(21, 31)
2022-10-08 15:48:06,085--->other links:[(21, 29), (21, 167), (29, 31), (30, 31)]
2022-10-08 15:48:06,086--->Ep: 19| ActionNum: 5/9 | Time:21 | Reward: 38.8 | LinkRewardPer: 0.06736111111111111 | LoadRewardPer: -0.0865338750267283
2022-10-08 15:48:11,040--->attack link:(21, 29)
2022-10-08 15:48:11,040--->other links:[(21, 167), (29, 31), (30, 31)]
2022-10-08 15:48:11,040--->Ep: 19| ActionNum: 6/9 | Time:10 | Reward: 44.4 | LinkRewardPer: 0.07708333333333334 | LoadRewardPer: -0.11078013717782129
2022-10-08 15:48:14,163--->attack link:(21, 167)
2022-10-08 15:48:14,163--->other links:[(29, 31), (30, 31)]
2022-10-08 15:48:14,165--->Ep: 19| ActionNum: 7/9 | Time:19 | Reward: 56.9 | LinkRewardPer: 0.09878472222222222 | LoadRewardPer: -0.1455302070825863
2022-10-08 15:48:28,038--->attack link:(29, 31)
2022-10-08 15:48:28,038--->other links:[(30, 31)]
2022-10-08 15:48:28,039--->Ep: 19| ActionNum: 8/9 | Time:40 | Reward: 120.4 | LinkRewardPer: 0.20902777777777778 | LoadRewardPer: -0.061808970837376846
2022-10-08 15:48:35,734--->attack link:(30, 31)
2022-10-08 15:48:35,734--->other links:[]
2022-10-08 15:48:35,735--->Ep: 19| ActionNum: 9/9 | Time:19 | Reward: 118.4 | LinkRewardPer: 0.20555555555555557 | LoadRewardPer: -0.1347879007187855
2022-10-08 15:48:37,209--->attack link:(1, 29)
2022-10-08 15:48:37,209--->other links:[(5, 31), (1, 31), (10, 29), (15, 29), (21, 31), (21, 29), (21, 167), (29, 31), (30, 31)]
2022-10-08 15:48:38,792--->attack link:(5, 31)
2022-10-08 15:48:38,793--->other links:[(1, 31), (10, 29), (15, 29), (21, 31), (21, 29), (21, 167), (29, 31), (30, 31)]
2022-10-08 15:48:38,795--->Ep: 20| ActionNum: 1/9 | Time:47 | Reward: 1.7 | LinkRewardPer: 0.002951388888888889 | LoadRewardPer: -0.0077618961461914234
2022-10-08 15:48:40,322--->attack link:(1, 31)
2022-10-08 15:48:40,323--->other links:[(10, 29), (15, 29), (21, 31), (21, 29), (21, 167), (29, 31), (30, 31)]
2022-10-08 15:48:40,324--->Ep: 20| ActionNum: 2/9 | Time:19 | Reward: 5.0 | LinkRewardPer: 0.008680555555555556 | LoadRewardPer: -0.013273681267167789
2022-10-08 15:48:42,110--->attack link:(10, 29)
2022-10-08 15:48:42,110--->other links:[(15, 29), (21, 31), (21, 29), (21, 167), (29, 31), (30, 31)]
2022-10-08 15:48:42,111--->Ep: 20| ActionNum: 3/9 | Time:5 | Reward: 7.6 | LinkRewardPer: 0.013194444444444444 | LoadRewardPer: -0.017645607513528627
2022-10-08 15:48:44,956--->attack link:(15, 29)
2022-10-08 15:48:44,956--->other links:[(21, 31), (21, 29), (21, 167), (29, 31), (30, 31)]
2022-10-08 15:48:44,958--->Ep: 20| ActionNum: 4/9 | Time:19 | Reward: 17.9 | LinkRewardPer: 0.031076388888888886 | LoadRewardPer: -0.04826389460006251
2022-10-08 15:48:48,209--->attack link:(21, 31)
2022-10-08 15:48:48,209--->other links:[(21, 29), (21, 167), (29, 31), (30, 31)]
2022-10-08 15:48:48,210--->Ep: 20| ActionNum: 5/9 | Time:11 | Reward: 22.9 | LinkRewardPer: 0.03975694444444444 | LoadRewardPer: -0.050143921575077716
2022-10-08 15:48:53,724--->attack link:(21, 29)
2022-10-08 15:48:53,724--->other links:[(21, 167), (29, 31), (30, 31)]
2022-10-08 15:48:53,725--->Ep: 20| ActionNum: 6/9 | Time:19 | Reward: 40.0 | LinkRewardPer: 0.06944444444444445 | LoadRewardPer: -0.09099791108113886
2022-10-08 15:49:00,556--->attack link:(21, 167)
2022-10-08 15:49:00,557--->other links:[(29, 31), (30, 31)]
2022-10-08 15:49:00,557--->Ep: 20| ActionNum: 7/9 | Time:19 | Reward: 59.2 | LinkRewardPer: 0.10277777777777779 | LoadRewardPer: -0.11612908531670971
2022-10-08 15:49:06,360--->attack link:(29, 31)
2022-10-08 15:49:06,360--->other links:[(30, 31)]
2022-10-08 15:49:06,362--->Ep: 20| ActionNum: 8/9 | Time:13 | Reward: 68.3 | LinkRewardPer: 0.11857638888888888 | LoadRewardPer: -0.10059213448031976
2022-10-08 15:49:12,782--->attack link:(30, 31)
2022-10-08 15:49:12,783--->other links:[]
2022-10-08 15:49:12,784--->Ep: 20| ActionNum: 9/9 | Time:13 | Reward: 89.7 | LinkRewardPer: 0.15572916666666667 | LoadRewardPer: -0.0031613401977071236
2022-10-08 15:49:14,238--->attack link:(1, 29)
2022-10-08 15:49:14,238--->other links:[(5, 31), (1, 31), (10, 29), (15, 29), (21, 31), (21, 29), (21, 167), (29, 31), (30, 31)]
2022-10-08 15:49:14,334--->attack link:(5, 31)
2022-10-08 15:49:14,334--->other links:[(1, 31), (10, 29), (15, 29), (21, 31), (21, 29), (21, 167), (29, 31), (30, 31)]
2022-10-08 15:49:14,335--->Ep: 21| ActionNum: 1/9 | Time:13 | Reward: 0.0 | LinkRewardPer: 0.0 | LoadRewardPer: 0.0
2022-10-08 15:49:14,867--->attack link:(1, 31)
2022-10-08 15:49:14,867--->other links:[(10, 29), (15, 29), (21, 31), (21, 29), (21, 167), (29, 31), (30, 31)]
2022-10-08 15:49:14,868--->Ep: 21| ActionNum: 2/9 | Time:13 | Reward: 0.0 | LinkRewardPer: 0.0 | LoadRewardPer: 0.0
2022-10-08 15:49:16,187--->attack link:(10, 29)
2022-10-08 15:49:16,187--->other links:[(15, 29), (21, 31), (21, 29), (21, 167), (29, 31), (30, 31)]
2022-10-08 15:49:16,188--->Ep: 21| ActionNum: 3/9 | Time:13 | Reward: 1.1 | LinkRewardPer: 0.0019097222222222224 | LoadRewardPer: -0.0054246097669292895
2022-10-08 15:49:23,237--->attack link:(15, 29)
2022-10-08 15:49:23,237--->other links:[(21, 31), (21, 29), (21, 167), (29, 31), (30, 31)]
2022-10-08 15:49:23,239--->Ep: 21| ActionNum: 4/9 | Time:44 | Reward: 20.3 | LinkRewardPer: 0.035243055555555555 | LoadRewardPer: -0.04934618484464694
2022-10-08 15:49:37,120--->attack link:(21, 31)
2022-10-08 15:49:37,120--->other links:[(21, 29), (21, 167), (29, 31), (30, 31)]
2022-10-08 15:49:37,121--->Ep: 21| ActionNum: 5/9 | Time:44 | Reward: 59.0 | LinkRewardPer: 0.10243055555555555 | LoadRewardPer: -0.01493659226606576
2022-10-08 15:49:55,085--->attack link:(21, 29)
2022-10-08 15:49:55,085--->other links:[(21, 167), (29, 31), (30, 31)]
2022-10-08 15:49:55,085--->Ep: 21| ActionNum: 6/9 | Time:44 | Reward: 86.7 | LinkRewardPer: 0.15052083333333333 | LoadRewardPer: -0.09918745990756123
