2022-10-07 22:26:15,284--->--------------------------------------------- epoch:0-------------------------------------------
2022-10-07 22:26:16,026--->time:0----------timesteps:[49, 17, 15, 40, 35, 14, 10, 16, 26, 45]
2022-10-07 22:26:50,839--->--------------------------------------------- epoch:0-------------------------------------------
2022-10-07 22:26:51,582--->time:0----------timesteps:[29, 41, 30, 40, 28, 35, 40, 20, 22, 24]
2022-10-07 22:31:07,667--->fitness:112.4
2022-10-07 22:31:08,406--->time:1----------timesteps:[14, 24, 30, 12, 26, 47, 39, 33, 24, 29]
2022-10-07 22:34:51,916--->fitness:145.8
2022-10-07 22:34:52,656--->time:2----------timesteps:[35, 33, 42, 37, 47, 21, 46, 10, 47, 30]
2022-10-07 22:39:38,409--->fitness:129.5
2022-10-07 22:39:39,140--->time:3----------timesteps:[13, 20, 49, 14, 33, 28, 39, 13, 38, 22]
2022-10-07 22:43:23,788--->fitness:128.5
2022-10-07 22:43:24,520--->time:4----------timesteps:[43, 41, 20, 42, 32, 31, 25, 11, 21, 17]
2022-10-07 22:47:21,196--->fitness:138.6
2022-10-07 22:47:21,928--->time:5----------timesteps:[13, 40, 26, 11, 37, 50, 25, 36, 40, 30]
2022-10-07 22:51:39,599--->fitness:131.8
2022-10-07 22:51:40,335--->time:6----------timesteps:[22, 41, 39, 40, 36, 50, 41, 37, 26, 28]
2022-10-07 22:56:38,278--->fitness:149.0
2022-10-07 22:56:39,011--->time:7----------timesteps:[40, 14, 14, 37, 29, 17, 16, 44, 33, 32]
2022-10-07 23:00:24,849--->fitness:139.5
2022-10-07 23:00:25,578--->time:8----------timesteps:[27, 14, 48, 29, 19, 27, 21, 27, 15, 41]
2022-10-07 23:04:04,051--->fitness:136.3
2022-10-07 23:04:04,791--->time:9----------timesteps:[41, 36, 27, 27, 48, 29, 20, 27, 32, 38]
2022-10-07 23:08:23,723--->fitness:132.6
2022-10-07 23:08:23,724--->---------------------------------------------0/10---------FailLinkNum:149.0-------------------------------
2022-10-07 23:08:23,724--->start Cross
2022-10-07 23:08:23,724--->start Variation
2022-10-07 23:08:23,724--->--------------------------------------------- epoch:1-------------------------------------------
2022-10-07 23:08:24,454--->time:0----------timesteps:[40, 14, 14, 29, 19, 27, 21, 27, 15, 50]
2022-10-07 23:11:49,627--->fitness:128.2
2022-10-07 23:11:50,360--->time:1----------timesteps:[27, 14, 48, 37, 29, 17, 43, 36, 40, 30]
2022-10-07 23:16:10,765--->fitness:118.1
2022-10-07 23:16:11,499--->time:2----------timesteps:[13, 40, 26, 11, 37, 50, 16, 44, 40, 30]
2022-10-07 23:20:28,712--->fitness:127.6
2022-10-07 23:20:29,450--->time:3----------timesteps:[22, 41, 39, 40, 36, 50, 41, 37, 26, 28]
2022-10-07 23:25:29,504--->fitness:135.9
2022-10-07 23:25:30,248--->time:4----------timesteps:[13, 40, 26, 37, 47, 21, 46, 10, 47, 30]
2022-10-07 23:29:47,463--->fitness:110.4
2022-10-07 23:29:48,196--->time:5----------timesteps:[35, 33, 42, 11, 37, 50, 25, 36, 33, 32]
2022-10-07 23:34:21,539--->fitness:124.1
2022-10-07 23:34:22,272--->time:6----------timesteps:[13, 20, 49, 14, 33, 28, 39, 13, 38, 22]
2022-10-07 23:38:09,983--->fitness:128.0
2022-10-07 23:38:10,720--->time:7----------timesteps:[41, 36, 27, 27, 48, 29, 20, 27, 32, 38]
2022-10-07 23:42:32,351--->fitness:141.7
2022-10-07 23:42:33,088--->time:8----------timesteps:[13, 20, 49, 14, 33, 28, 39, 13, 38, 22]
2022-10-07 23:46:11,893--->fitness:137.1
2022-10-07 23:46:12,643--->time:9----------timesteps:[41, 36, 27, 27, 48, 29, 20, 27, 32, 38]
2022-10-07 23:50:42,580--->fitness:130.4
2022-10-07 23:50:42,581--->---------------------------------------------1/10---------FailLinkNum:141.7-------------------------------
2022-10-07 23:50:42,581--->start Cross
2022-10-07 23:50:42,581--->start Variation
2022-10-07 23:50:42,581--->--------------------------------------------- epoch:2-------------------------------------------
2022-10-07 23:50:43,319--->time:0----------timesteps:[41, 40, 26, 11, 37, 50, 16, 44, 40, 28]
2022-10-07 23:55:18,042--->fitness:140.0
2022-10-07 23:55:18,769--->time:1----------timesteps:[13, 40, 26, 11, 37, 50, 16, 44, 40, 30]
2022-10-07 23:59:37,683--->fitness:131.8
2022-10-07 23:59:38,418--->time:2----------timesteps:[13, 36, 27, 27, 48, 29, 20, 27, 32, 38]
2022-10-08 00:03:44,460--->fitness:126.0
2022-10-08 00:03:45,196--->time:3----------timesteps:[41, 36, 27, 27, 33, 28, 39, 13, 38, 22]
2022-10-08 00:07:47,934--->fitness:133.5
2022-10-08 00:07:48,690--->time:4----------timesteps:[13, 36, 27, 27, 48, 29, 20, 27, 32, 38]
2022-10-08 00:11:53,554--->fitness:118.6
2022-10-08 00:11:54,289--->time:5----------timesteps:[40, 20, 49, 14, 48, 29, 20, 27, 32, 38]
2022-10-08 00:16:17,265--->fitness:129.8
2022-10-08 00:16:18,000--->time:6----------timesteps:[41, 36, 27, 27, 48, 29, 20, 27, 32, 38]
2022-10-08 00:20:52,246--->fitness:131.4
2022-10-08 00:20:52,973--->time:7----------timesteps:[13, 40, 26, 37, 47, 21, 46, 10, 47, 30]
2022-10-08 00:25:22,253--->fitness:138.0
2022-10-08 00:25:22,985--->time:8----------timesteps:[40, 14, 14, 29, 19, 27, 21, 27, 15, 50]
2022-10-08 00:28:48,414--->fitness:136.1
2022-10-08 00:28:49,149--->time:9----------timesteps:[13, 40, 26, 11, 37, 50, 16, 44, 40, 30]
2022-10-08 00:33:06,130--->fitness:128.5
2022-10-08 00:33:06,131--->---------------------------------------------2/10---------FailLinkNum:140.0-------------------------------
2022-10-08 00:33:06,131--->start Cross
2022-10-08 00:33:06,131--->start Variation
2022-10-08 00:33:06,131--->--------------------------------------------- epoch:3-------------------------------------------
2022-10-08 00:33:06,863--->time:0----------timesteps:[13, 40, 27, 27, 48, 29, 20, 27, 32, 38]
2022-10-08 00:37:12,295--->fitness:121.8
2022-10-08 00:37:13,029--->time:1----------timesteps:[13, 36, 26, 11, 37, 50, 16, 44, 40, 30]
2022-10-08 00:41:24,662--->fitness:127.3
2022-10-08 00:41:25,393--->time:2----------timesteps:[13, 40, 26, 11, 37, 50, 16, 44, 40, 28]
2022-10-08 00:45:40,688--->fitness:125.8
2022-10-08 00:45:41,429--->time:3----------timesteps:[41, 40, 26, 11, 37, 29, 20, 27, 32, 38]
2022-10-08 00:49:52,429--->fitness:127.7
2022-10-08 00:49:53,163--->time:4----------timesteps:[13, 40, 26, 37, 47, 21, 46, 10, 47, 30]
2022-10-08 00:54:16,657--->fitness:135.7
2022-10-08 00:54:17,415--->time:5----------timesteps:[13, 36, 27, 27, 48, 50, 16, 44, 40, 30]
2022-10-08 00:58:48,543--->fitness:145.4
2022-10-08 00:58:49,277--->time:6----------timesteps:[40, 14, 14, 29, 19, 27, 21, 27, 15, 50]
2022-10-08 01:02:21,688--->fitness:125.2
2022-10-08 01:02:22,426--->time:7----------timesteps:[39, 36, 27, 27, 33, 28, 39, 13, 38, 22]
2022-10-08 01:06:35,544--->fitness:127.5
2022-10-08 01:06:36,272--->time:8----------timesteps:[41, 40, 26, 44, 37, 50, 16, 44, 40, 28]
2022-10-08 01:11:42,091--->fitness:124.3
2022-10-08 01:11:42,822--->time:9----------timesteps:[13, 40, 26, 37, 47, 21, 46, 10, 47, 30]
2022-10-08 01:16:06,922--->fitness:134.5
2022-10-08 01:16:06,923--->---------------------------------------------3/10---------FailLinkNum:145.4-------------------------------
2022-10-08 01:16:06,923--->start Cross
2022-10-08 01:16:06,923--->start Variation
2022-10-08 01:16:06,923--->--------------------------------------------- epoch:4-------------------------------------------
2022-10-08 01:16:07,659--->time:0----------timesteps:[13, 40, 26, 11, 37, 50, 16, 44, 40, 30]
2022-10-08 01:20:23,288--->fitness:119.7
2022-10-08 01:20:24,019--->time:1----------timesteps:[13, 36, 26, 11, 37, 50, 16, 44, 40, 30]
2022-10-08 01:24:38,753--->fitness:127.1
2022-10-08 01:24:39,485--->time:2----------timesteps:[13, 36, 27, 27, 48, 50, 20, 27, 32, 38]
2022-10-08 01:29:04,927--->fitness:155.0
2022-10-08 01:29:05,659--->time:3----------timesteps:[13, 40, 27, 27, 48, 50, 16, 44, 40, 30]
2022-10-08 01:33:40,285--->fitness:142.4
2022-10-08 01:33:41,077--->time:4----------timesteps:[13, 36, 27, 27, 48, 29, 16, 27, 32, 38]
2022-10-08 01:37:41,254--->fitness:131.7
2022-10-08 01:37:41,980--->time:5----------timesteps:[13, 40, 27, 27, 48, 29, 20, 44, 40, 28]
2022-10-08 01:42:02,791--->fitness:142.1
2022-10-08 01:42:03,524--->time:6----------timesteps:[39, 36, 27, 27, 33, 28, 39, 13, 38, 25]
2022-10-08 01:46:19,892--->fitness:118.3
2022-10-08 01:46:20,621--->time:7----------timesteps:[13, 40, 27, 41, 48, 29, 20, 27, 32, 38]
2022-10-08 01:50:41,196--->fitness:143.1
2022-10-08 01:50:41,928--->time:8----------timesteps:[13, 40, 26, 11, 37, 50, 16, 44, 40, 28]
2022-10-08 01:54:57,735--->fitness:136.9
2022-10-08 01:54:58,472--->time:9----------timesteps:[13, 36, 27, 27, 48, 50, 16, 44, 40, 30]
2022-10-08 01:59:37,029--->fitness:134.4
2022-10-08 01:59:37,030--->---------------------------------------------4/10---------FailLinkNum:155.0-------------------------------
2022-10-08 01:59:37,030--->start Cross
2022-10-08 01:59:37,030--->start Variation
2022-10-08 01:59:37,030--->--------------------------------------------- epoch:5-------------------------------------------
2022-10-08 01:59:37,758--->time:0----------timesteps:[13, 36, 27, 27, 48, 29, 16, 27, 32, 38]
2022-10-08 02:03:45,548--->fitness:112.5
2022-10-08 02:03:46,275--->time:1----------timesteps:[13, 40, 27, 27, 48, 50, 20, 27, 18, 38]
2022-10-08 02:07:59,404--->fitness:130.3
2022-10-08 02:08:00,155--->time:2----------timesteps:[13, 36, 27, 27, 33, 28, 39, 13, 38, 25]
2022-10-08 02:11:54,240--->fitness:142.6
2022-10-08 02:11:54,976--->time:3----------timesteps:[39, 36, 27, 27, 48, 50, 16, 44, 40, 30]
2022-10-08 02:16:54,369--->fitness:136.2
2022-10-08 02:16:55,107--->time:4----------timesteps:[13, 36, 27, 27, 48, 50, 16, 44, 40, 30]
2022-10-08 02:21:32,483--->fitness:120.3
2022-10-08 02:21:33,217--->time:5----------timesteps:[13, 36, 26, 11, 37, 50, 16, 44, 40, 30]
2022-10-08 02:25:47,491--->fitness:133.3
2022-10-08 02:25:48,230--->time:6----------timesteps:[13, 40, 27, 27, 48, 29, 20, 44, 40, 28]
2022-10-08 02:30:08,034--->fitness:132.7
2022-10-08 02:30:08,766--->time:7----------timesteps:[13, 36, 26, 11, 37, 50, 16, 44, 40, 30]
2022-10-08 02:34:22,716--->fitness:129.3
2022-10-08 02:34:23,439--->time:8----------timesteps:[13, 40, 27, 41, 48, 40, 20, 27, 32, 38]
2022-10-08 02:38:59,109--->fitness:141.1
2022-10-08 02:38:59,841--->time:9----------timesteps:[13, 40, 27, 41, 48, 40, 20, 27, 32, 38]
2022-10-08 02:43:29,609--->fitness:120.1
2022-10-08 02:43:29,610--->---------------------------------------------5/10---------FailLinkNum:142.6-------------------------------
2022-10-08 02:43:29,610--->start Cross
2022-10-08 02:43:29,610--->start Variation
2022-10-08 02:43:29,610--->--------------------------------------------- epoch:6-------------------------------------------
2022-10-08 02:43:30,346--->time:0----------timesteps:[13, 40, 27, 27, 48, 29, 20, 44, 40, 28]
2022-10-08 02:47:57,677--->fitness:126.6
2022-10-08 02:47:58,406--->time:1----------timesteps:[13, 40, 27, 27, 48, 29, 16, 27, 32, 38]
2022-10-08 02:52:10,035--->fitness:123.8
2022-10-08 02:52:10,769--->time:2----------timesteps:[13, 36, 27, 27, 48, 29, 16, 44, 40, 30]
2022-10-08 02:56:24,452--->fitness:120.5
2022-10-08 02:56:25,189--->time:3----------timesteps:[13, 36, 26, 11, 37, 50, 16, 44, 40, 30]
2022-10-08 03:00:36,333--->fitness:127.2
2022-10-08 03:00:37,064--->time:4----------timesteps:[13, 36, 26, 11, 37, 50, 20, 43, 32, 38]
2022-10-08 03:04:51,322--->fitness:130.6
2022-10-08 03:04:52,074--->time:5----------timesteps:[13, 40, 27, 41, 48, 40, 18, 44, 40, 28]
2022-10-08 03:09:36,289--->fitness:130.1
2022-10-08 03:09:37,018--->time:6----------timesteps:[13, 36, 27, 27, 48, 50, 16, 44, 40, 30]
2022-10-08 03:14:07,838--->fitness:146.7
2022-10-08 03:14:08,569--->time:7----------timesteps:[13, 36, 26, 11, 37, 50, 16, 44, 40, 30]
2022-10-08 03:18:21,350--->fitness:125.3
2022-10-08 03:18:22,082--->time:8----------timesteps:[13, 36, 27, 27, 33, 28, 39, 13, 38, 25]
2022-10-08 03:22:16,006--->fitness:139.9
2022-10-08 03:22:16,743--->time:9----------timesteps:[39, 36, 27, 27, 48, 50, 16, 44, 40, 30]
2022-10-08 03:27:17,331--->fitness:144.3
2022-10-08 03:27:17,331--->---------------------------------------------6/10---------FailLinkNum:146.7-------------------------------
2022-10-08 03:27:17,331--->start Cross
2022-10-08 03:27:17,332--->start Variation
2022-10-08 03:27:17,332--->--------------------------------------------- epoch:7-------------------------------------------
2022-10-08 03:27:18,068--->time:0----------timesteps:[13, 36, 26, 11, 37, 50, 16, 44, 40, 30]
2022-10-08 03:31:27,481--->fitness:122.3
2022-10-08 03:31:28,217--->time:1----------timesteps:[13, 39, 27, 27, 48, 29, 20, 44, 40, 28]
2022-10-08 03:35:54,097--->fitness:120.1
2022-10-08 03:35:54,828--->time:2----------timesteps:[13, 36, 27, 41, 48, 40, 18, 44, 40, 28]
2022-10-08 03:40:32,456--->fitness:142.7
2022-10-08 03:40:33,187--->time:3----------timesteps:[13, 40, 26, 27, 48, 29, 16, 44, 40, 30]
2022-10-08 03:44:50,645--->fitness:115.5
2022-10-08 03:44:51,375--->time:4----------timesteps:[13, 36, 27, 11, 37, 29, 16, 27, 32, 38]
2022-10-08 03:48:32,141--->fitness:133.9
2022-10-08 03:48:32,870--->time:5----------timesteps:[13, 40, 27, 27, 48, 50, 16, 44, 40, 30]
2022-10-08 03:53:15,254--->fitness:144.1
2022-10-08 03:53:15,974--->time:6----------timesteps:[13, 40, 27, 27, 48, 29, 16, 27, 32, 38]
2022-10-08 03:57:19,929--->fitness:128.7
2022-10-08 03:57:20,673--->time:7----------timesteps:[13, 36, 27, 27, 48, 50, 16, 44, 40, 30]
2022-10-08 04:01:57,311--->fitness:123.2
2022-10-08 04:01:58,047--->time:8----------timesteps:[13, 40, 27, 41, 48, 40, 18, 44, 40, 28]
2022-10-08 04:06:41,819--->fitness:135.3
2022-10-08 04:06:42,554--->time:9----------timesteps:[13, 36, 27, 27, 48, 29, 16, 44, 40, 30]
2022-10-08 04:11:04,654--->fitness:134.6
2022-10-08 04:11:04,655--->---------------------------------------------7/10---------FailLinkNum:144.1-------------------------------
2022-10-08 04:11:04,655--->start Cross
2022-10-08 04:11:04,655--->start Variation
2022-10-08 04:11:04,655--->--------------------------------------------- epoch:8-------------------------------------------
2022-10-08 04:11:05,388--->time:0----------timesteps:[13, 36, 27, 27, 48, 29, 43, 44, 40, 28]
2022-10-08 04:15:40,535--->fitness:135.7
2022-10-08 04:15:41,278--->time:1----------timesteps:[13, 39, 27, 27, 48, 29, 16, 44, 40, 30]
2022-10-08 04:20:15,840--->fitness:135.7
2022-10-08 04:20:16,576--->time:2----------timesteps:[13, 36, 27, 27, 48, 29, 16, 44, 40, 28]
2022-10-08 04:24:33,664--->fitness:120.0
2022-10-08 04:24:34,391--->time:3----------timesteps:[13, 40, 27, 41, 48, 40, 18, 44, 40, 28]
2022-10-08 04:29:15,749--->fitness:138.7
2022-10-08 04:29:16,481--->time:4----------timesteps:[13, 40, 27, 41, 48, 50, 20, 44, 40, 30]
2022-10-08 04:34:09,594--->fitness:144.8
2022-10-08 04:34:10,318--->time:5----------timesteps:[13, 36, 27, 27, 48, 40, 18, 44, 40, 30]
2022-10-08 04:38:36,036--->fitness:150.1
2022-10-08 04:38:36,761--->time:6----------timesteps:[13, 39, 27, 27, 48, 29, 20, 44, 40, 28]
2022-10-08 04:43:01,161--->fitness:127.5
2022-10-08 04:43:01,903--->time:7----------timesteps:[13, 36, 27, 27, 48, 29, 16, 44, 40, 30]
2022-10-08 04:47:22,022--->fitness:126.1
2022-10-08 04:47:22,756--->time:8----------timesteps:[13, 36, 27, 27, 48, 50, 16, 44, 40, 30]
2022-10-08 04:52:00,677--->fitness:131.0
2022-10-08 04:52:01,412--->time:9----------timesteps:[13, 36, 27, 27, 48, 29, 16, 44, 40, 30]
2022-10-08 04:56:18,087--->fitness:131.4
2022-10-08 04:56:18,087--->---------------------------------------------8/10---------FailLinkNum:150.1-------------------------------
2022-10-08 04:56:18,087--->start Cross
2022-10-08 04:56:18,088--->start Variation
2022-10-08 04:56:18,088--->--------------------------------------------- epoch:9-------------------------------------------
2022-10-08 04:56:18,818--->time:0----------timesteps:[46, 40, 27, 41, 48, 40, 18, 44, 40, 30]
2022-10-08 05:01:38,334--->fitness:128.4
2022-10-08 05:01:39,070--->time:1----------timesteps:[13, 39, 27, 27, 48, 29, 16, 44, 40, 30]
2022-10-08 05:06:07,520--->fitness:135.8
2022-10-08 05:06:08,261--->time:2----------timesteps:[13, 36, 27, 27, 48, 40, 18, 44, 40, 30]
2022-10-08 05:10:35,539--->fitness:149.4
2022-10-08 05:10:36,270--->time:3----------timesteps:[13, 36, 27, 27, 48, 40, 18, 44, 40, 30]
2022-10-08 05:15:08,212--->fitness:134.7
2022-10-08 05:15:08,951--->time:4----------timesteps:[13, 36, 27, 27, 48, 29, 16, 44, 40, 30]
2022-10-08 05:19:27,850--->fitness:139.0
2022-10-08 05:19:28,578--->time:5----------timesteps:[13, 36, 27, 27, 48, 29, 16, 44, 40, 28]
2022-10-08 05:23:46,882--->fitness:143.6
2022-10-08 05:23:47,613--->time:6----------timesteps:[13, 36, 27, 27, 48, 29, 16, 44, 40, 30]
2022-10-08 05:28:09,227--->fitness:134.6
2022-10-08 05:28:09,965--->time:7----------timesteps:[13, 36, 27, 27, 48, 29, 43, 44, 40, 28]
