2022-10-08 16:04:26,911--->time:0----------------------------timesteps:[34, 37, 18, 10, 35, 14, 19, 30, 19, 40]
2022-10-08 16:05:04,979--->fitness:115.7
2022-10-08 16:05:05,439--->time:1----------------------------timesteps:[37, 46, 37, 27, 48, 47, 34, 18, 18, 35]
2022-10-08 16:06:05,708--->fitness:123.9
2022-10-08 16:06:06,254--->time:2----------------------------timesteps:[16, 42, 28, 16, 26, 34, 13, 16, 45, 13]
2022-10-08 16:06:45,427--->fitness:126.5
2022-10-08 16:06:45,953--->time:3----------------------------timesteps:[34, 49, 18, 42, 41, 42, 47, 40, 50, 46]
2022-10-08 16:08:04,977--->fitness:128.6
2022-10-08 16:08:05,553--->time:4----------------------------timesteps:[48, 31, 19, 49, 39, 27, 18, 46, 45, 41]
2022-10-08 16:09:07,834--->fitness:128.1
2022-10-08 16:09:08,321--->time:5----------------------------timesteps:[30, 48, 18, 20, 35, 27, 30, 20, 33, 39]
2022-10-08 16:09:59,357--->fitness:111.9
2022-10-08 16:09:59,896--->time:6----------------------------timesteps:[41, 29, 26, 28, 36, 41, 16, 14, 28, 19]
2022-10-08 16:10:44,718--->fitness:129.4
2022-10-08 16:10:45,248--->time:7----------------------------timesteps:[49, 37, 35, 25, 42, 23, 44, 41, 18, 36]
2022-10-08 16:11:43,069--->fitness:128.4
2022-10-08 16:11:43,620--->time:8----------------------------timesteps:[26, 31, 15, 37, 37, 14, 25, 19, 47, 35]
2022-10-08 16:12:28,317--->fitness:114.6
2022-10-08 16:12:28,837--->time:9----------------------------timesteps:[29, 46, 14, 30, 11, 36, 24, 28, 37, 42]
2022-10-08 16:13:17,024--->fitness:112.4
2022-10-08 16:13:17,492--->time:10----------------------------timesteps:[44, 42, 15, 27, 37, 32, 14, 43, 50, 17]
2022-10-08 16:14:07,377--->fitness:116.0
2022-10-08 16:14:07,845--->time:11----------------------------timesteps:[49, 28, 33, 42, 19, 40, 28, 46, 10, 13]
2022-10-08 16:14:55,000--->fitness:113.5
2022-10-08 16:14:55,477--->time:12----------------------------timesteps:[31, 31, 28, 31, 33, 46, 50, 32, 19, 27]
2022-10-08 16:15:51,856--->fitness:122.5
2022-10-08 16:15:52,398--->time:13----------------------------timesteps:[13, 40, 21, 44, 22, 48, 42, 37, 25, 42]
2022-10-08 16:16:56,046--->fitness:127.3
2022-10-08 16:16:56,595--->time:14----------------------------timesteps:[37, 17, 38, 46, 24, 26, 44, 23, 31, 32]
2022-10-08 16:17:51,998--->fitness:129.8
2022-10-08 16:17:52,460--->time:15----------------------------timesteps:[39, 43, 30, 31, 42, 33, 47, 39, 30, 43]
2022-10-08 16:18:59,387--->fitness:128.3
2022-10-08 16:18:59,865--->time:16----------------------------timesteps:[36, 25, 35, 27, 24, 36, 27, 24, 29, 31]
2022-10-08 16:19:49,600--->fitness:106.4
2022-10-08 16:19:50,063--->time:17----------------------------timesteps:[25, 26, 28, 18, 11, 45, 38, 40, 32, 33]
2022-10-08 16:20:41,561--->fitness:122.0
2022-10-08 16:20:42,121--->time:18----------------------------timesteps:[36, 35, 17, 17, 10, 25, 39, 49, 37, 20]
2022-10-08 16:21:27,428--->fitness:135.1
2022-10-08 16:21:27,889--->time:19----------------------------timesteps:[36, 46, 49, 40, 19, 40, 50, 26, 16, 25]
2022-10-08 16:22:28,802--->fitness:134.7
