2022-10-08 15:25:57,943--->attack link:(1, 29)
2022-10-08 15:25:57,943--->other links:[(5, 31), (1, 31), (10, 29), (15, 29), (21, 31), (21, 29), (21, 167), (29, 31), (30, 31)]
2022-10-08 15:25:57,981--->attack link:(5, 31)
2022-10-08 15:25:57,981--->other links:[(1, 31), (10, 29), (15, 29), (21, 31), (21, 29), (21, 167), (29, 31), (30, 31)]
2022-10-08 15:25:57,983--->Ep: 0| ActionNum: 1/9 | Time:1 | Reward: 0.0 | LinkRewardPer: 0.0 | LoadRewardPer: 0.0
2022-10-08 15:25:58,040--->attack link:(1, 31)
2022-10-08 15:25:58,040--->other links:[(10, 29), (15, 29), (21, 31), (21, 29), (21, 167), (29, 31), (30, 31)]
2022-10-08 15:25:58,041--->Ep: 0| ActionNum: 2/9 | Time:9 | Reward: 0.0 | LinkRewardPer: 0.0 | LoadRewardPer: 0.0
2022-10-08 15:25:58,114--->attack link:(10, 29)
2022-10-08 15:25:58,114--->other links:[(15, 29), (21, 31), (21, 29), (21, 167), (29, 31), (30, 31)]
2022-10-08 15:25:58,116--->Ep: 0| ActionNum: 3/9 | Time:9 | Reward: 0.0 | LinkRewardPer: 0.0 | LoadRewardPer: 0.0
2022-10-08 15:25:58,672--->attack link:(15, 29)
2022-10-08 15:25:58,672--->other links:[(21, 31), (21, 29), (21, 167), (29, 31), (30, 31)]
2022-10-08 15:25:58,672--->Ep: 0| ActionNum: 4/9 | Time:9 | Reward: 0.6666666666666666 | LinkRewardPer: 0.0011574074074074073 | LoadRewardPer: -0.003245774188419385
2022-10-08 15:25:58,690--->attack link:(21, 31)
2022-10-08 15:25:58,690--->other links:[(21, 29), (21, 167), (29, 31), (30, 31)]
2022-10-08 15:25:58,691--->Ep: 0| ActionNum: 5/9 | Time:0 | Reward: 0.0 | LinkRewardPer: 0.0 | LoadRewardPer: 0.0
2022-10-08 15:25:58,710--->attack link:(21, 29)
2022-10-08 15:25:58,711--->other links:[(21, 167), (29, 31), (30, 31)]
2022-10-08 15:25:58,712--->Ep: 0| ActionNum: 6/9 | Time:0 | Reward: 0.0 | LinkRewardPer: 0.0 | LoadRewardPer: 0.0
2022-10-08 15:25:58,729--->attack link:(21, 167)
2022-10-08 15:25:58,730--->other links:[(29, 31), (30, 31)]
2022-10-08 15:25:58,731--->Ep: 0| ActionNum: 7/9 | Time:0 | Reward: 0.0 | LinkRewardPer: 0.0 | LoadRewardPer: 0.0
2022-10-08 15:25:58,750--->attack link:(29, 31)
2022-10-08 15:25:58,750--->other links:[(30, 31)]
2022-10-08 15:25:58,751--->Ep: 0| ActionNum: 8/9 | Time:0 | Reward: 0.0 | LinkRewardPer: 0.0 | LoadRewardPer: 0.0
2022-10-08 15:25:58,767--->attack link:(30, 31)
2022-10-08 15:25:58,767--->other links:[]
2022-10-08 15:25:58,768--->Ep: 0| ActionNum: 9/9 | Time:0 | Reward: 0.0 | LinkRewardPer: 0.0 | LoadRewardPer: 0.0
