2022-10-07 12:11:36,083--->------------ epoch:0-----------
2022-10-07 12:11:36,846--->timesteps:[12, 33, 11, 26, 49, 40, 35, 21, 37, 35]
2022-10-07 12:11:36,846--->attack(1, 29)
2022-10-07 12:11:45,661--->attack(5, 31)
2022-10-07 12:12:09,333--->attack(1, 31)
2022-10-07 12:12:17,798--->attack(10, 29)
2022-10-07 12:12:38,464--->attack(15, 29)
2022-10-07 12:13:23,418--->attack(21, 31)
2022-10-07 12:13:58,039--->attack(21, 29)
2022-10-07 12:14:32,787--->attack(21, 167)
2022-10-07 12:14:51,238--->attack(29, 31)
2022-10-07 12:15:24,997--->attack(30, 31)
2022-10-07 12:15:58,576--->fitness:145.7
2022-10-07 12:15:59,344--->timesteps:[34, 14, 41, 26, 10, 33, 29, 12, 50, 37]
2022-10-07 12:15:59,344--->attack(1, 29)
2022-10-07 12:16:25,062--->attack(5, 31)
2022-10-07 12:16:35,689--->attack(1, 31)
2022-10-07 12:17:08,753--->attack(10, 29)
2022-10-07 12:17:31,812--->attack(15, 29)
2022-10-07 12:17:40,780--->attack(21, 31)
2022-10-07 12:18:12,791--->attack(21, 29)
2022-10-07 12:18:37,954--->attack(21, 167)
2022-10-07 12:18:47,829--->attack(29, 31)
2022-10-07 12:19:35,489--->attack(30, 31)
2022-10-07 12:20:10,716--->fitness:131.8
2022-10-07 12:20:11,482--->timesteps:[38, 10, 40, 38, 41, 32, 48, 22, 14, 23]
2022-10-07 12:20:11,482--->attack(1, 29)
2022-10-07 12:20:39,905--->attack(5, 31)
2022-10-07 12:20:47,452--->attack(1, 31)
2022-10-07 12:21:19,783--->attack(10, 29)
2022-10-07 12:21:55,058--->attack(15, 29)
2022-10-07 12:22:32,340--->attack(21, 31)
2022-10-07 12:23:01,242--->attack(21, 29)
2022-10-07 12:23:50,083--->attack(21, 167)
2022-10-07 12:24:10,546--->attack(29, 31)
2022-10-07 12:24:24,679--->attack(30, 31)
2022-10-07 12:24:48,151--->fitness:131.2
2022-10-07 12:24:48,926--->timesteps:[44, 12, 37, 46, 20, 42, 15, 14, 45, 18]
2022-10-07 12:24:48,926--->attack(1, 29)
2022-10-07 12:25:22,133--->attack(5, 31)
2022-10-07 12:25:31,311--->attack(1, 31)
2022-10-07 12:26:02,100--->attack(10, 29)
2022-10-07 12:26:44,064--->attack(15, 29)
2022-10-07 12:27:03,571--->attack(21, 31)
2022-10-07 12:27:41,510--->attack(21, 29)
2022-10-07 12:27:55,795--->attack(21, 167)
2022-10-07 12:28:09,962--->attack(29, 31)
2022-10-07 12:28:51,779--->attack(30, 31)
2022-10-07 12:29:09,098--->fitness:109.2
2022-10-07 12:29:09,855--->timesteps:[28, 41, 44, 29, 46, 38, 47, 36, 19, 19]
2022-10-07 12:29:09,855--->attack(1, 29)
2022-10-07 12:29:30,303--->attack(5, 31)
2022-10-07 12:30:01,185--->attack(1, 31)
2022-10-07 12:30:41,715--->attack(10, 29)
2022-10-07 12:31:09,899--->attack(15, 29)
2022-10-07 12:31:49,701--->attack(21, 31)
2022-10-07 12:32:26,114--->attack(21, 29)
2022-10-07 12:33:40,274--->attack(21, 167)
2022-10-07 12:34:38,675--->attack(29, 31)
2022-10-07 12:35:05,628--->attack(30, 31)
2022-10-07 12:35:37,126--->fitness:134.4
2022-10-07 12:35:38,466--->timesteps:[39, 44, 24, 43, 12, 31, 24, 42, 11, 38]
2022-10-07 12:35:38,466--->attack(1, 29)
2022-10-07 12:36:12,160--->attack(5, 31)
2022-10-07 12:36:46,400--->attack(1, 31)
2022-10-07 12:37:09,147--->attack(10, 29)
2022-10-07 12:37:51,744--->attack(15, 29)
2022-10-07 12:38:01,670--->attack(21, 31)
2022-10-07 12:38:30,265--->attack(21, 29)
2022-10-07 12:38:54,861--->attack(21, 167)
2022-10-07 12:39:34,181--->attack(29, 31)
2022-10-07 12:39:45,308--->attack(30, 31)
2022-10-07 12:40:21,206--->fitness:151.3
2022-10-07 12:40:22,001--->timesteps:[22, 47, 24, 35, 11, 20, 34, 33, 26, 21]
2022-10-07 12:40:22,001--->attack(1, 29)
2022-10-07 12:40:38,840--->attack(5, 31)
2022-10-07 12:41:15,367--->attack(1, 31)
2022-10-07 12:41:37,841--->attack(10, 29)
2022-10-07 12:42:14,208--->attack(15, 29)
2022-10-07 12:42:23,818--->attack(21, 31)
2022-10-07 12:42:40,582--->attack(21, 29)
2022-10-07 12:43:11,757--->attack(21, 167)
2022-10-07 12:43:46,899--->attack(29, 31)
2022-10-07 12:44:09,891--->attack(30, 31)
2022-10-07 12:44:30,750--->fitness:125.7
2022-10-07 12:44:31,542--->timesteps:[11, 42, 28, 36, 49, 28, 22, 29, 10, 36]
2022-10-07 12:44:31,543--->attack(1, 29)
2022-10-07 12:44:39,953--->attack(5, 31)
2022-10-07 12:45:12,304--->attack(1, 31)
2022-10-07 12:45:35,048--->attack(10, 29)
2022-10-07 12:46:11,607--->attack(15, 29)
2022-10-07 12:46:57,059--->attack(21, 31)
2022-10-07 12:47:24,080--->attack(21, 29)
2022-10-07 12:47:43,588--->attack(21, 167)
2022-10-07 12:48:10,903--->attack(29, 31)
2022-10-07 12:48:20,877--->attack(30, 31)
2022-10-07 12:48:54,616--->fitness:147.0
2022-10-07 12:48:55,409--->timesteps:[14, 15, 42, 39, 49, 29, 10, 32, 36, 49]
2022-10-07 12:48:55,409--->attack(1, 29)
2022-10-07 12:49:06,078--->attack(5, 31)
2022-10-07 12:49:17,524--->attack(1, 31)
2022-10-07 12:49:50,328--->attack(10, 29)
2022-10-07 12:50:25,533--->attack(15, 29)
2022-10-07 12:51:09,921--->attack(21, 31)
2022-10-07 12:51:37,662--->attack(21, 29)
2022-10-07 12:51:48,141--->attack(21, 167)
2022-10-07 12:52:19,261--->attack(29, 31)
2022-10-07 12:52:52,795--->attack(30, 31)
2022-10-07 12:53:40,598--->fitness:138.9
2022-10-07 12:53:41,383--->timesteps:[30, 28, 30, 19, 13, 34, 34, 16, 16, 35]
2022-10-07 12:53:41,383--->attack(1, 29)
2022-10-07 12:54:04,210--->attack(5, 31)
2022-10-07 12:54:26,036--->attack(1, 31)
2022-10-07 12:54:51,256--->attack(10, 29)
2022-10-07 12:55:09,786--->attack(15, 29)
2022-10-07 12:55:23,337--->attack(21, 31)
2022-10-07 12:55:55,405--->attack(21, 29)
2022-10-07 12:56:25,615--->attack(21, 167)
2022-10-07 12:56:42,857--->attack(29, 31)
2022-10-07 12:56:59,148--->attack(30, 31)
2022-10-07 12:57:31,690--->fitness:138.4
2022-10-07 12:57:31,691--->------------0/10---------FailLinkNum:151.3-----------
2022-10-07 12:57:31,691--->start Cross
2022-10-07 12:57:31,691--->start Variation
2022-10-07 12:57:31,691--->------------ epoch:1-----------
2022-10-07 12:57:32,479--->timesteps:[30, 28, 30, 19, 13, 34, 34, 29, 10, 36]
2022-10-07 12:57:32,479--->attack(1, 29)
2022-10-07 12:57:55,296--->attack(5, 31)
2022-10-07 12:58:16,906--->attack(1, 31)
2022-10-07 12:58:41,752--->attack(10, 29)
2022-10-07 12:58:59,698--->attack(15, 29)
2022-10-07 12:59:13,331--->attack(21, 31)
2022-10-07 12:59:46,273--->attack(21, 29)
2022-10-07 13:00:18,624--->attack(21, 167)
2022-10-07 13:00:45,621--->attack(29, 31)
2022-10-07 13:00:54,503--->attack(30, 31)
2022-10-07 13:01:28,425--->fitness:121.9
2022-10-07 13:01:29,213--->timesteps:[11, 42, 28, 36, 49, 28, 22, 33, 26, 21]
2022-10-07 13:01:29,213--->attack(1, 29)
2022-10-07 13:01:37,530--->attack(5, 31)
2022-10-07 13:02:09,817--->attack(1, 31)
2022-10-07 13:02:33,324--->attack(10, 29)
2022-10-07 13:03:07,016--->attack(15, 29)
2022-10-07 13:03:51,566--->attack(21, 31)
2022-10-07 13:04:17,868--->attack(21, 29)
2022-10-07 13:04:40,274--->attack(21, 167)
2022-10-07 13:05:11,961--->attack(29, 31)
2022-10-07 13:05:36,394--->attack(30, 31)
2022-10-07 13:05:57,631--->fitness:139.3
2022-10-07 13:05:58,409--->timesteps:[22, 13, 24, 35, 11, 20, 34, 16, 37, 35]
2022-10-07 13:05:58,409--->attack(1, 29)
2022-10-07 13:06:15,196--->attack(5, 31)
2022-10-07 13:06:25,370--->attack(1, 31)
2022-10-07 13:06:44,041--->attack(10, 29)
2022-10-07 13:07:14,536--->attack(15, 29)
2022-10-07 13:07:26,718--->attack(21, 31)
2022-10-07 13:07:45,745--->attack(21, 29)
2022-10-07 13:08:19,393--->attack(21, 167)
2022-10-07 13:08:34,387--->attack(29, 31)
2022-10-07 13:09:11,740--->attack(30, 31)
2022-10-07 13:09:47,475--->fitness:138.5
2022-10-07 13:09:48,256--->timesteps:[12, 33, 41, 26, 10, 33, 29, 12, 50, 37]
2022-10-07 13:09:48,256--->attack(1, 29)
2022-10-07 13:09:57,414--->attack(5, 31)
2022-10-07 13:10:22,795--->attack(1, 31)
2022-10-07 13:10:57,964--->attack(10, 29)
2022-10-07 13:11:24,072--->attack(15, 29)
2022-10-07 13:11:34,308--->attack(21, 31)
2022-10-07 13:12:05,568--->attack(21, 29)
2022-10-07 13:12:31,459--->attack(21, 167)
2022-10-07 13:12:41,697--->attack(29, 31)
2022-10-07 13:13:33,216--->attack(30, 31)
2022-10-07 13:14:08,179--->fitness:144.0
2022-10-07 13:14:08,958--->timesteps:[34, 14, 11, 26, 13, 34, 34, 16, 16, 35]
2022-10-07 13:14:08,958--->attack(1, 29)
2022-10-07 13:14:35,015--->attack(5, 31)
2022-10-07 13:14:46,327--->attack(1, 31)
2022-10-07 13:14:54,869--->attack(10, 29)
2022-10-07 13:15:18,249--->attack(15, 29)
2022-10-07 13:15:29,725--->attack(21, 31)
2022-10-07 13:16:05,772--->attack(21, 29)
2022-10-07 13:16:37,986--->attack(21, 167)
2022-10-07 13:16:53,901--->attack(29, 31)
2022-10-07 13:17:10,741--->attack(30, 31)
2022-10-07 13:17:46,556--->fitness:141.1
2022-10-07 13:17:47,341--->timesteps:[30, 28, 24, 35, 11, 35, 34, 33, 26, 21]
2022-10-07 13:17:47,341--->attack(1, 29)
2022-10-07 13:18:10,175--->attack(5, 31)
2022-10-07 13:18:32,096--->attack(1, 31)
2022-10-07 13:18:51,688--->attack(10, 29)
2022-10-07 13:19:26,074--->attack(15, 29)
2022-10-07 13:19:36,636--->attack(21, 31)
2022-10-07 13:20:08,592--->attack(21, 29)
2022-10-07 13:20:40,965--->attack(21, 167)
2022-10-07 13:21:13,414--->attack(29, 31)
2022-10-07 13:21:35,990--->attack(30, 31)
2022-10-07 13:21:56,915--->fitness:123.8
2022-10-07 13:21:57,684--->timesteps:[14, 15, 42, 39, 49, 29, 10, 32, 36, 49]
2022-10-07 13:21:57,684--->attack(1, 29)
2022-10-07 13:22:08,097--->attack(5, 31)
2022-10-07 13:22:19,408--->attack(1, 31)
2022-10-07 13:22:52,187--->attack(10, 29)
2022-10-07 13:23:28,126--->attack(15, 29)
2022-10-07 13:24:12,560--->attack(21, 31)
2022-10-07 13:24:39,059--->attack(21, 29)
2022-10-07 13:24:48,246--->attack(21, 167)
2022-10-07 13:25:19,001--->attack(29, 31)
2022-10-07 13:25:53,529--->attack(30, 31)
2022-10-07 13:26:39,953--->fitness:130.6
2022-10-07 13:26:40,717--->timesteps:[39, 44, 24, 43, 12, 31, 24, 42, 11, 38]
2022-10-07 13:26:40,717--->attack(1, 29)
2022-10-07 13:27:10,366--->attack(5, 31)
2022-10-07 13:27:45,564--->attack(1, 31)
2022-10-07 13:28:06,628--->attack(10, 29)
2022-10-07 13:28:48,231--->attack(15, 29)
2022-10-07 13:28:57,502--->attack(21, 31)
2022-10-07 13:29:25,372--->attack(21, 29)
2022-10-07 13:29:47,775--->attack(21, 167)
2022-10-07 13:30:26,513--->attack(29, 31)
2022-10-07 13:30:37,429--->attack(30, 31)
2022-10-07 13:31:13,577--->fitness:136.5
2022-10-07 13:31:14,357--->timesteps:[22, 47, 30, 19, 49, 40, 35, 21, 50, 37]
2022-10-07 13:31:14,357--->attack(1, 29)
2022-10-07 13:31:30,791--->attack(5, 31)
2022-10-07 13:32:07,040--->attack(1, 31)
2022-10-07 13:32:33,544--->attack(10, 29)
2022-10-07 13:32:52,211--->attack(15, 29)
2022-10-07 13:33:35,760--->attack(21, 31)
2022-10-07 13:34:11,585--->attack(21, 29)
2022-10-07 13:34:43,723--->attack(21, 167)
2022-10-07 13:35:04,550--->attack(29, 31)
2022-10-07 13:35:50,190--->attack(30, 31)
2022-10-07 13:36:26,364--->fitness:143.7
2022-10-07 13:36:27,145--->timesteps:[34, 14, 41, 26, 10, 33, 29, 12, 16, 35]
2022-10-07 13:36:27,145--->attack(1, 29)
2022-10-07 13:36:52,668--->attack(5, 31)
2022-10-07 13:37:03,127--->attack(1, 31)
2022-10-07 13:37:36,389--->attack(10, 29)
2022-10-07 13:38:01,735--->attack(15, 29)
2022-10-07 13:38:11,130--->attack(21, 31)
2022-10-07 13:38:41,137--->attack(21, 29)
2022-10-07 13:39:07,389--->attack(21, 167)
2022-10-07 13:39:19,259--->attack(29, 31)
2022-10-07 13:39:33,854--->attack(30, 31)
2022-10-07 13:40:05,554--->fitness:146.9
2022-10-07 13:40:05,555--->------------1/10---------FailLinkNum:146.9-----------
2022-10-07 13:40:05,555--->start Cross
2022-10-07 13:40:05,555--->start Variation
2022-10-07 13:40:05,555--->------------ epoch:2-----------
2022-10-07 13:40:06,330--->timesteps:[14, 15, 42, 39, 49, 29, 35, 21, 50, 37]
2022-10-07 13:40:06,331--->attack(1, 29)
2022-10-07 13:40:16,870--->attack(5, 31)
2022-10-07 13:40:28,172--->attack(1, 31)
2022-10-07 13:41:00,505--->attack(10, 29)
2022-10-07 13:41:35,507--->attack(15, 29)
2022-10-07 13:42:18,865--->attack(21, 31)
2022-10-07 13:42:44,292--->attack(21, 29)
2022-10-07 13:43:15,347--->attack(21, 167)
2022-10-07 13:43:34,624--->attack(29, 31)
2022-10-07 13:44:22,603--->attack(30, 31)
2022-10-07 13:44:57,007--->fitness:134.8
2022-10-07 13:44:57,750--->timesteps:[30, 28, 30, 19, 13, 34, 34, 29, 10, 36]
2022-10-07 13:44:57,750--->attack(1, 29)
2022-10-07 13:45:19,967--->attack(5, 31)
2022-10-07 13:45:41,307--->attack(1, 31)
2022-10-07 13:46:06,936--->attack(10, 29)
2022-10-07 13:46:25,540--->attack(15, 29)
2022-10-07 13:46:38,823--->attack(21, 31)
2022-10-07 13:47:13,780--->attack(21, 29)
2022-10-07 13:47:44,785--->attack(21, 167)
2022-10-07 13:48:14,752--->attack(29, 31)
2022-10-07 13:48:24,817--->attack(30, 31)
2022-10-07 13:48:58,993--->fitness:133.5
2022-10-07 13:48:59,752--->timesteps:[22, 28, 24, 35, 11, 35, 34, 33, 26, 21]
2022-10-07 13:48:59,752--->attack(1, 29)
2022-10-07 13:49:16,550--->attack(5, 31)
2022-10-07 13:49:37,773--->attack(1, 31)
2022-10-07 13:49:56,345--->attack(10, 29)
2022-10-07 13:50:26,756--->attack(15, 29)
2022-10-07 13:50:36,938--->attack(21, 31)
2022-10-07 13:51:09,907--->attack(21, 29)
2022-10-07 13:51:41,191--->attack(21, 167)
2022-10-07 13:52:12,779--->attack(29, 31)
2022-10-07 13:52:37,187--->attack(30, 31)
2022-10-07 13:52:57,794--->fitness:138.4
2022-10-07 13:52:58,577--->timesteps:[34, 14, 41, 26, 10, 33, 29, 12, 16, 35]
2022-10-07 13:52:58,577--->attack(1, 29)
2022-10-07 13:53:24,472--->attack(5, 31)
2022-10-07 13:53:35,252--->attack(1, 31)
2022-10-07 13:54:08,980--->attack(10, 29)
2022-10-07 13:54:33,152--->attack(15, 29)
2022-10-07 13:54:42,859--->attack(21, 31)
2022-10-07 13:55:13,486--->attack(21, 29)
2022-10-07 13:55:42,032--->attack(21, 167)
2022-10-07 13:55:54,289--->attack(29, 31)
2022-10-07 13:56:09,456--->attack(30, 31)
2022-10-07 13:56:45,066--->fitness:132.6
2022-10-07 13:56:45,854--->timesteps:[30, 28, 24, 35, 11, 35, 34, 33, 26, 21]
2022-10-07 13:56:45,854--->attack(1, 29)
2022-10-07 13:57:08,727--->attack(5, 31)
2022-10-07 13:57:30,364--->attack(1, 31)
2022-10-07 13:57:49,818--->attack(10, 29)
2022-10-07 13:58:24,633--->attack(15, 29)
2022-10-07 13:58:35,798--->attack(21, 31)
2022-10-07 13:59:07,445--->attack(21, 29)
2022-10-07 13:59:39,268--->attack(21, 167)
2022-10-07 14:00:11,249--->attack(29, 31)
2022-10-07 14:00:33,679--->attack(30, 31)
2022-10-07 14:00:56,016--->fitness:122.0
2022-10-07 14:00:56,805--->timesteps:[30, 47, 30, 19, 49, 40, 10, 32, 26, 21]
2022-10-07 14:00:56,806--->attack(1, 29)
2022-10-07 14:01:19,677--->attack(5, 31)
2022-10-07 14:01:56,721--->attack(1, 31)
2022-10-07 14:02:25,849--->attack(10, 29)
2022-10-07 14:02:46,027--->attack(15, 29)
2022-10-07 14:03:30,078--->attack(21, 31)
2022-10-07 14:04:10,855--->attack(21, 29)
2022-10-07 14:04:21,753--->attack(21, 167)
2022-10-07 14:04:51,338--->attack(29, 31)
2022-10-07 14:05:15,831--->attack(30, 31)
2022-10-07 14:05:38,111--->fitness:141.2
2022-10-07 14:05:38,893--->timesteps:[11, 42, 28, 36, 49, 28, 34, 16, 16, 35]
2022-10-07 14:05:38,893--->attack(1, 29)
2022-10-07 14:05:47,334--->attack(5, 31)
2022-10-07 14:06:19,700--->attack(1, 31)
2022-10-07 14:06:42,424--->attack(10, 29)
2022-10-07 14:07:42,438--->attack(15, 29)
2022-10-07 14:08:59,891--->attack(21, 31)
2022-10-07 14:09:45,538--->attack(21, 29)
2022-10-07 14:10:37,926--->attack(21, 167)
2022-10-07 14:11:04,708--->attack(29, 31)
2022-10-07 14:11:30,046--->attack(30, 31)
2022-10-07 14:12:25,996--->fitness:141.7
2022-10-07 14:12:27,332--->timesteps:[34, 14, 30, 19, 13, 34, 34, 29, 10, 36]
2022-10-07 14:12:27,332--->attack(1, 29)
2022-10-07 14:13:11,795--->attack(5, 31)
2022-10-07 14:13:30,154--->attack(1, 31)
2022-10-07 14:14:05,539--->attack(10, 29)
2022-10-07 14:14:21,035--->attack(15, 29)
2022-10-07 14:14:32,877--->attack(21, 31)
2022-10-07 14:15:07,272--->attack(21, 29)
2022-10-07 14:15:36,217--->attack(21, 167)
2022-10-07 14:16:04,916--->attack(29, 31)
2022-10-07 14:16:14,576--->attack(30, 31)
2022-10-07 14:16:46,166--->fitness:147.5
2022-10-07 14:16:46,938--->timesteps:[30, 28, 11, 26, 13, 34, 10, 38, 36, 49]
2022-10-07 14:16:46,938--->attack(1, 29)
2022-10-07 14:17:09,614--->attack(5, 31)
2022-10-07 14:17:31,078--->attack(1, 31)
2022-10-07 14:17:39,848--->attack(10, 29)
2022-10-07 14:18:02,961--->attack(15, 29)
2022-10-07 14:18:16,021--->attack(21, 31)
2022-10-07 14:18:48,382--->attack(21, 29)
2022-10-07 14:18:57,689--->attack(21, 167)
2022-10-07 14:19:31,971--->attack(29, 31)
2022-10-07 14:20:08,262--->attack(30, 31)
2022-10-07 14:20:53,408--->fitness:128.5
2022-10-07 14:20:54,192--->timesteps:[14, 15, 42, 39, 49, 29, 22, 33, 41, 49]
2022-10-07 14:20:54,192--->attack(1, 29)
2022-10-07 14:21:04,813--->attack(5, 31)
2022-10-07 14:21:16,208--->attack(1, 31)
2022-10-07 14:21:48,864--->attack(10, 29)
2022-10-07 14:22:23,743--->attack(15, 29)
2022-10-07 14:23:07,428--->attack(21, 31)
2022-10-07 14:23:32,331--->attack(21, 29)
2022-10-07 14:23:53,070--->attack(21, 167)
2022-10-07 14:24:22,356--->attack(29, 31)
2022-10-07 14:25:04,094--->attack(30, 31)
2022-10-07 14:25:49,853--->fitness:145.9
2022-10-07 14:25:49,854--->------------2/10---------FailLinkNum:147.5-----------
2022-10-07 14:25:49,854--->start Cross
2022-10-07 14:25:49,855--->start Variation
2022-10-07 14:25:49,855--->------------ epoch:3-----------
2022-10-07 14:25:50,638--->timesteps:[14, 15, 42, 39, 49, 29, 35, 21, 50, 37]
2022-10-07 14:25:50,638--->attack(1, 29)
2022-10-07 14:26:01,278--->attack(5, 31)
2022-10-07 14:26:12,598--->attack(1, 31)
2022-10-07 14:26:45,217--->attack(10, 29)
2022-10-07 14:27:21,025--->attack(15, 29)
2022-10-07 14:28:05,582--->attack(21, 31)
2022-10-07 14:28:33,142--->attack(21, 29)
2022-10-07 14:29:09,294--->attack(21, 167)
2022-10-07 14:29:28,762--->attack(29, 31)
2022-10-07 14:30:16,303--->attack(30, 31)
2022-10-07 14:30:52,315--->fitness:130.3
2022-10-07 14:30:53,095--->timesteps:[14, 15, 42, 39, 49, 29, 34, 33, 26, 21]
2022-10-07 14:30:53,095--->attack(1, 29)
2022-10-07 14:31:03,803--->attack(5, 31)
2022-10-07 14:31:15,366--->attack(1, 31)
2022-10-07 14:31:48,260--->attack(10, 29)
2022-10-07 14:32:24,494--->attack(15, 29)
2022-10-07 14:33:10,167--->attack(21, 31)
2022-10-07 14:33:36,085--->attack(21, 29)
2022-10-07 14:34:09,084--->attack(21, 167)
2022-10-07 14:34:40,177--->attack(29, 31)
2022-10-07 14:35:08,153--->attack(30, 31)
2022-10-07 14:35:27,820--->fitness:139.6
2022-10-07 14:35:28,599--->timesteps:[22, 28, 24, 35, 11, 35, 22, 32, 26, 21]
2022-10-07 14:35:28,600--->attack(1, 29)
2022-10-07 14:35:45,195--->attack(5, 31)
2022-10-07 14:36:06,568--->attack(1, 31)
2022-10-07 14:36:25,365--->attack(10, 29)
2022-10-07 14:36:57,175--->attack(15, 29)
2022-10-07 14:37:07,066--->attack(21, 31)
2022-10-07 14:37:40,337--->attack(21, 29)
2022-10-07 14:37:59,326--->attack(21, 167)
2022-10-07 14:38:27,447--->attack(29, 31)
2022-10-07 14:38:51,354--->attack(30, 31)
2022-10-07 14:39:11,336--->fitness:131.0
2022-10-07 14:39:12,110--->timesteps:[30, 47, 30, 39, 49, 29, 22, 33, 41, 49]
2022-10-07 14:39:12,111--->attack(1, 29)
2022-10-07 14:39:34,842--->attack(5, 31)
2022-10-07 14:40:11,816--->attack(1, 31)
2022-10-07 14:40:40,987--->attack(10, 29)
2022-10-07 14:41:19,539--->attack(15, 29)
2022-10-07 14:42:03,844--->attack(21, 31)
2022-10-07 14:42:31,885--->attack(21, 29)
2022-10-07 14:42:52,181--->attack(21, 167)
2022-10-07 14:43:24,564--->attack(29, 31)
2022-10-07 14:44:02,367--->attack(30, 31)
2022-10-07 14:44:50,752--->fitness:141.8
2022-10-07 14:44:51,539--->timesteps:[14, 15, 42, 19, 49, 40, 10, 33, 16, 35]
2022-10-07 14:44:51,539--->attack(1, 29)
2022-10-07 14:45:02,010--->attack(5, 31)
2022-10-07 14:45:13,211--->attack(1, 31)
2022-10-07 14:45:45,697--->attack(10, 29)
2022-10-07 14:46:02,348--->attack(15, 29)
2022-10-07 14:46:47,434--->attack(21, 31)
2022-10-07 14:47:22,464--->attack(21, 29)
2022-10-07 14:47:31,578--->attack(21, 167)
2022-10-07 14:48:03,567--->attack(29, 31)
2022-10-07 14:48:17,349--->attack(30, 31)
2022-10-07 14:48:48,372--->fitness:141.1
2022-10-07 14:48:49,147--->timesteps:[11, 15, 42, 39, 49, 29, 35, 21, 50, 37]
2022-10-07 14:48:49,148--->attack(1, 29)
2022-10-07 14:48:57,373--->attack(5, 31)
2022-10-07 14:49:08,614--->attack(1, 31)
2022-10-07 14:49:41,132--->attack(10, 29)
2022-10-07 14:50:16,830--->attack(15, 29)
2022-10-07 14:51:00,710--->attack(21, 31)
2022-10-07 14:51:27,375--->attack(21, 29)
2022-10-07 14:52:00,329--->attack(21, 167)
2022-10-07 14:52:19,649--->attack(29, 31)
2022-10-07 14:53:06,822--->attack(30, 31)
2022-10-07 14:53:42,345--->fitness:129.4
2022-10-07 14:53:43,114--->timesteps:[22, 28, 24, 35, 11, 35, 34, 33, 26, 21]
2022-10-07 14:53:43,114--->attack(1, 29)
2022-10-07 14:53:59,681--->attack(5, 31)
2022-10-07 14:54:20,811--->attack(1, 31)
2022-10-07 14:54:39,422--->attack(10, 29)
2022-10-07 14:55:12,098--->attack(15, 29)
2022-10-07 14:55:23,076--->attack(21, 31)
2022-10-07 14:56:01,827--->attack(21, 29)
2022-10-07 14:56:32,187--->attack(21, 167)
2022-10-07 14:57:02,676--->attack(29, 31)
2022-10-07 14:57:29,089--->attack(30, 31)
2022-10-07 14:57:49,256--->fitness:121.1
2022-10-07 14:57:50,041--->timesteps:[14, 42, 28, 36, 49, 28, 34, 16, 16, 35]
2022-10-07 14:57:50,041--->attack(1, 29)
2022-10-07 14:58:00,549--->attack(5, 31)
2022-10-07 14:58:32,599--->attack(1, 31)
2022-10-07 14:58:55,520--->attack(10, 29)
2022-10-07 14:59:30,323--->attack(15, 29)
2022-10-07 15:00:17,544--->attack(21, 31)
2022-10-07 15:00:42,739--->attack(21, 29)
2022-10-07 15:01:17,485--->attack(21, 167)
2022-10-07 15:01:33,332--->attack(29, 31)
2022-10-07 15:01:48,329--->attack(30, 31)
2022-10-07 15:02:21,028--->fitness:132.3
2022-10-07 15:02:21,800--->timesteps:[34, 14, 41, 26, 49, 40, 10, 32, 26, 21]
2022-10-07 15:02:21,800--->attack(1, 29)
2022-10-07 15:02:47,563--->attack(5, 31)
2022-10-07 15:02:58,251--->attack(1, 31)
2022-10-07 15:03:32,098--->attack(10, 29)
2022-10-07 15:03:57,768--->attack(15, 29)
2022-10-07 15:04:45,017--->attack(21, 31)
2022-10-07 15:05:23,000--->attack(21, 29)
2022-10-07 15:05:33,210--->attack(21, 167)
2022-10-07 15:06:02,616--->attack(29, 31)
2022-10-07 15:06:27,485--->attack(30, 31)
2022-10-07 15:06:49,272--->fitness:144.6
2022-10-07 15:06:50,067--->timesteps:[30, 47, 30, 19, 10, 33, 29, 12, 41, 49]
2022-10-07 15:06:50,068--->attack(1, 29)
2022-10-07 15:07:12,841--->attack(5, 31)
2022-10-07 15:07:50,092--->attack(1, 31)
2022-10-07 15:08:18,639--->attack(10, 29)
2022-10-07 15:08:38,578--->attack(15, 29)
2022-10-07 15:08:47,884--->attack(21, 31)
2022-10-07 15:09:15,431--->attack(21, 29)
2022-10-07 15:09:43,654--->attack(21, 167)
2022-10-07 15:09:55,851--->attack(29, 31)
2022-10-07 15:10:33,042--->attack(30, 31)
2022-10-07 15:11:23,928--->fitness:136.4
2022-10-07 15:11:23,929--->------------3/10---------FailLinkNum:144.6-----------
2022-10-07 15:11:23,929--->start Cross
2022-10-07 15:11:23,929--->start Variation
2022-10-07 15:11:23,929--->------------ epoch:4-----------
2022-10-07 15:11:24,712--->timesteps:[14, 15, 42, 25, 49, 40, 10, 33, 16, 35]
2022-10-07 15:11:24,712--->attack(1, 29)
2022-10-07 15:11:35,326--->attack(5, 31)
2022-10-07 15:11:46,763--->attack(1, 31)
2022-10-07 15:12:19,885--->attack(10, 29)
2022-10-07 15:12:43,379--->attack(15, 29)
2022-10-07 15:13:30,376--->attack(21, 31)
2022-10-07 15:14:06,775--->attack(21, 29)
2022-10-07 15:14:16,294--->attack(21, 167)
2022-10-07 15:14:48,319--->attack(29, 31)
2022-10-07 15:15:02,423--->attack(30, 31)
2022-10-07 15:15:39,318--->fitness:135.9
2022-10-07 15:15:40,087--->timesteps:[22, 28, 24, 35, 11, 35, 22, 25, 26, 21]
2022-10-07 15:15:40,087--->attack(1, 29)
2022-10-07 15:15:56,827--->attack(5, 31)
2022-10-07 15:16:18,132--->attack(1, 31)
2022-10-07 15:16:36,886--->attack(10, 29)
2022-10-07 15:17:09,357--->attack(15, 29)
2022-10-07 15:17:19,949--->attack(21, 31)
2022-10-07 15:17:52,816--->attack(21, 29)
2022-10-07 15:18:11,190--->attack(21, 167)
2022-10-07 15:18:35,204--->attack(29, 31)
2022-10-07 15:18:59,619--->attack(30, 31)
2022-10-07 15:19:18,762--->fitness:137.5
2022-10-07 15:19:19,553--->timesteps:[34, 14, 26, 26, 49, 40, 34, 33, 26, 21]
2022-10-07 15:19:19,553--->attack(1, 29)
2022-10-07 15:19:45,378--->attack(5, 31)
2022-10-07 15:19:56,071--->attack(1, 31)
2022-10-07 15:20:16,334--->attack(10, 29)
2022-10-07 15:20:40,661--->attack(15, 29)
2022-10-07 15:21:28,034--->attack(21, 31)
2022-10-07 15:22:02,095--->attack(21, 29)
2022-10-07 15:22:36,812--->attack(21, 167)
2022-10-07 15:23:05,805--->attack(29, 31)
2022-10-07 15:23:31,208--->attack(30, 31)
2022-10-07 15:23:51,216--->fitness:145.5
2022-10-07 15:23:51,998--->timesteps:[14, 15, 30, 19, 10, 33, 29, 12, 41, 49]
2022-10-07 15:23:51,998--->attack(1, 29)
2022-10-07 15:24:02,625--->attack(5, 31)
2022-10-07 15:24:13,982--->attack(1, 31)
2022-10-07 15:24:37,229--->attack(10, 29)
2022-10-07 15:24:52,978--->attack(15, 29)
2022-10-07 15:25:02,346--->attack(21, 31)
2022-10-07 15:25:34,443--->attack(21, 29)
2022-10-07 15:26:02,402--->attack(21, 167)
2022-10-07 15:26:12,740--->attack(29, 31)
2022-10-07 15:26:55,082--->attack(30, 31)
2022-10-07 15:27:40,247--->fitness:128.1
2022-10-07 15:27:41,018--->timesteps:[30, 47, 42, 39, 49, 29, 22, 32, 26, 21]
2022-10-07 15:27:41,018--->attack(1, 29)
2022-10-07 15:28:03,752--->attack(5, 31)
2022-10-07 15:28:40,465--->attack(1, 31)
2022-10-07 15:29:21,008--->attack(10, 29)
2022-10-07 15:29:58,450--->attack(15, 29)
2022-10-07 15:30:44,191--->attack(21, 31)
2022-10-07 15:31:09,778--->attack(21, 29)
2022-10-07 15:31:31,548--->attack(21, 167)
2022-10-07 15:32:03,314--->attack(29, 31)
2022-10-07 15:32:25,991--->attack(30, 31)
2022-10-07 15:32:49,733--->fitness:144.5
2022-10-07 15:32:50,517--->timesteps:[22, 28, 24, 35, 49, 29, 35, 21, 50, 37]
2022-10-07 15:32:50,517--->attack(1, 29)
2022-10-07 15:33:07,103--->attack(5, 31)
2022-10-07 15:33:28,481--->attack(1, 31)
2022-10-07 15:33:47,281--->attack(10, 29)
2022-10-07 15:34:18,801--->attack(15, 29)
2022-10-07 15:35:04,361--->attack(21, 31)
2022-10-07 15:35:29,817--->attack(21, 29)
2022-10-07 15:36:03,751--->attack(21, 167)
2022-10-07 15:36:22,951--->attack(29, 31)
2022-10-07 15:37:12,103--->attack(30, 31)
2022-10-07 15:37:45,425--->fitness:156.7
2022-10-07 15:37:46,211--->timesteps:[11, 15, 42, 39, 11, 35, 10, 32, 26, 21]
2022-10-07 15:37:46,211--->attack(1, 29)
2022-10-07 15:37:54,454--->attack(5, 31)
2022-10-07 15:38:05,799--->attack(1, 31)
2022-10-07 15:38:38,520--->attack(10, 29)
2022-10-07 15:39:17,419--->attack(15, 29)
2022-10-07 15:39:28,590--->attack(21, 31)
2022-10-07 15:39:59,727--->attack(21, 29)
2022-10-07 15:40:08,695--->attack(21, 167)
2022-10-07 15:40:41,944--->attack(29, 31)
2022-10-07 15:41:04,353--->attack(30, 31)
2022-10-07 15:41:24,004--->fitness:125.6
2022-10-07 15:41:24,787--->timesteps:[14, 15, 42, 39, 49, 29, 34, 33, 26, 21]
2022-10-07 15:41:24,787--->attack(1, 29)
2022-10-07 15:41:35,313--->attack(5, 31)
2022-10-07 15:41:46,669--->attack(1, 31)
2022-10-07 15:42:19,402--->attack(10, 29)
2022-10-07 15:42:56,466--->attack(15, 29)
2022-10-07 15:43:41,587--->attack(21, 31)
2022-10-07 15:44:08,128--->attack(21, 29)
2022-10-07 15:44:40,473--->attack(21, 167)
2022-10-07 15:45:12,377--->attack(29, 31)
2022-10-07 15:45:34,966--->attack(30, 31)
2022-10-07 15:45:55,083--->fitness:138.8
2022-10-07 15:45:55,856--->timesteps:[22, 28, 24, 35, 11, 35, 34, 33, 26, 21]
2022-10-07 15:45:55,856--->attack(1, 29)
2022-10-07 15:46:12,359--->attack(5, 31)
2022-10-07 15:46:33,577--->attack(1, 31)
2022-10-07 15:46:52,500--->attack(10, 29)
2022-10-07 15:47:25,172--->attack(15, 29)
2022-10-07 15:47:35,767--->attack(21, 31)
2022-10-07 15:48:11,304--->attack(21, 29)
2022-10-07 15:48:42,916--->attack(21, 167)
2022-10-07 15:49:16,528--->attack(29, 31)
2022-10-07 15:49:41,540--->attack(30, 31)
2022-10-07 15:50:00,747--->fitness:140.3
2022-10-07 15:50:01,528--->timesteps:[14, 15, 42, 39, 49, 29, 34, 33, 26, 21]
2022-10-07 15:50:01,528--->attack(1, 29)
2022-10-07 15:50:12,043--->attack(5, 31)
2022-10-07 15:50:23,346--->attack(1, 31)
2022-10-07 15:50:55,788--->attack(10, 29)
2022-10-07 15:51:31,775--->attack(15, 29)
2022-10-07 15:52:16,470--->attack(21, 31)
2022-10-07 15:52:42,635--->attack(21, 29)
2022-10-07 15:53:13,570--->attack(21, 167)
2022-10-07 15:53:44,492--->attack(29, 31)
2022-10-07 15:54:11,604--->attack(30, 31)
2022-10-07 15:54:30,409--->fitness:131.9
2022-10-07 15:54:30,410--->------------4/10---------FailLinkNum:156.7-----------
2022-10-07 15:54:30,410--->start Cross
2022-10-07 15:54:30,410--->start Variation
2022-10-07 15:54:30,411--->------------ epoch:5-----------
2022-10-07 15:54:31,187--->timesteps:[34, 14, 26, 26, 49, 40, 35, 21, 50, 37]
2022-10-07 15:54:31,187--->attack(1, 29)
2022-10-07 15:54:56,770--->attack(5, 31)
2022-10-07 15:55:07,445--->attack(1, 31)
2022-10-07 15:55:27,752--->attack(10, 29)
2022-10-07 15:55:51,915--->attack(15, 29)
2022-10-07 15:56:40,443--->attack(21, 31)
2022-10-07 15:57:16,374--->attack(21, 29)
2022-10-07 15:57:52,123--->attack(21, 167)
2022-10-07 15:58:11,700--->attack(29, 31)
2022-10-07 15:59:00,730--->attack(30, 31)
2022-10-07 15:59:34,658--->fitness:150.5
2022-10-07 15:59:35,443--->timesteps:[22, 28, 24, 35, 49, 29, 10, 36, 26, 21]
2022-10-07 15:59:35,443--->attack(1, 29)
2022-10-07 15:59:52,088--->attack(5, 31)
2022-10-07 16:00:13,381--->attack(1, 31)
2022-10-07 16:00:32,246--->attack(10, 29)
2022-10-07 16:01:05,290--->attack(15, 29)
2022-10-07 16:01:49,490--->attack(21, 31)
2022-10-07 16:02:16,532--->attack(21, 29)
2022-10-07 16:02:25,825--->attack(21, 167)
2022-10-07 16:02:58,717--->attack(29, 31)
2022-10-07 16:03:23,254--->attack(30, 31)
2022-10-07 16:03:43,484--->fitness:145.3
2022-10-07 16:03:44,270--->timesteps:[11, 28, 24, 35, 49, 29, 35, 21, 10, 37]
2022-10-07 16:03:44,270--->attack(1, 29)
2022-10-07 16:03:52,531--->attack(5, 31)
2022-10-07 16:04:13,788--->attack(1, 31)
2022-10-07 16:04:32,485--->attack(10, 29)
2022-10-07 16:05:04,157--->attack(15, 29)
2022-10-07 16:05:49,472--->attack(21, 31)
2022-10-07 16:06:15,397--->attack(21, 29)
2022-10-07 16:06:46,414--->attack(21, 167)
2022-10-07 16:07:06,715--->attack(29, 31)
2022-10-07 16:07:16,099--->attack(30, 31)
2022-10-07 16:07:50,702--->fitness:145.6
2022-10-07 16:07:51,483--->timesteps:[22, 28, 24, 35, 27, 35, 22, 25, 26, 21]
2022-10-07 16:07:51,483--->attack(1, 29)
2022-10-07 16:08:07,985--->attack(5, 31)
2022-10-07 16:08:29,139--->attack(1, 31)
2022-10-07 16:08:47,949--->attack(10, 29)
2022-10-07 16:09:19,151--->attack(15, 29)
2022-10-07 16:09:45,116--->attack(21, 31)
2022-10-07 16:10:15,018--->attack(21, 29)
2022-10-07 16:10:36,039--->attack(21, 167)
2022-10-07 16:10:58,580--->attack(29, 31)
2022-10-07 16:11:22,016--->attack(30, 31)
2022-10-07 16:11:42,304--->fitness:130.2
2022-10-07 16:11:43,085--->timesteps:[22, 15, 42, 39, 49, 29, 34, 33, 26, 21]
2022-10-07 16:11:43,085--->attack(1, 29)
2022-10-07 16:11:59,583--->attack(5, 31)
2022-10-07 16:12:10,834--->attack(1, 31)
2022-10-07 16:12:43,319--->attack(10, 29)
2022-10-07 16:13:17,741--->attack(15, 29)
2022-10-07 16:14:01,254--->attack(21, 31)
2022-10-07 16:14:27,426--->attack(21, 29)
2022-10-07 16:14:58,944--->attack(21, 167)
2022-10-07 16:15:31,028--->attack(29, 31)
2022-10-07 16:15:57,107--->attack(30, 31)
2022-10-07 16:16:16,155--->fitness:137.1
2022-10-07 16:16:16,920--->timesteps:[14, 15, 42, 39, 11, 35, 22, 25, 26, 21]
2022-10-07 16:16:16,920--->attack(1, 29)
2022-10-07 16:16:27,433--->attack(5, 31)
2022-10-07 16:16:38,763--->attack(1, 31)
2022-10-07 16:17:11,354--->attack(10, 29)
2022-10-07 16:17:47,235--->attack(15, 29)
2022-10-07 16:17:58,338--->attack(21, 31)
2022-10-07 16:18:29,236--->attack(21, 29)
2022-10-07 16:18:49,303--->attack(21, 167)
2022-10-07 16:19:14,369--->attack(29, 31)
2022-10-07 16:19:38,725--->attack(30, 31)
2022-10-07 16:19:57,978--->fitness:135.3
2022-10-07 16:19:58,799--->timesteps:[22, 28, 24, 35, 49, 29, 34, 33, 26, 21]
2022-10-07 16:19:58,799--->attack(1, 29)
2022-10-07 16:20:15,537--->attack(5, 31)
2022-10-07 16:20:37,150--->attack(1, 31)
2022-10-07 16:20:56,275--->attack(10, 29)
2022-10-07 16:21:29,608--->attack(15, 29)
2022-10-07 16:22:14,703--->attack(21, 31)
2022-10-07 16:22:42,136--->attack(21, 29)
2022-10-07 16:23:17,013--->attack(21, 167)
2022-10-07 16:23:44,956--->attack(29, 31)
2022-10-07 16:24:14,809--->attack(30, 31)
2022-10-07 16:24:35,196--->fitness:144.9
2022-10-07 16:24:35,958--->timesteps:[14, 28, 24, 35, 11, 35, 34, 33, 26, 21]
2022-10-07 16:24:35,958--->attack(1, 29)
2022-10-07 16:24:46,458--->attack(5, 31)
2022-10-07 16:25:07,542--->attack(1, 31)
2022-10-07 16:25:26,083--->attack(10, 29)
2022-10-07 16:25:58,274--->attack(15, 29)
2022-10-07 16:26:08,565--->attack(21, 31)
2022-10-07 16:26:40,738--->attack(21, 29)
2022-10-07 16:27:13,655--->attack(21, 167)
2022-10-07 16:27:44,808--->attack(29, 31)
2022-10-07 16:28:08,165--->attack(30, 31)
2022-10-07 16:28:27,802--->fitness:145.8
2022-10-07 16:28:28,586--->timesteps:[22, 15, 42, 26, 49, 40, 34, 33, 26, 21]
2022-10-07 16:28:28,586--->attack(1, 29)
2022-10-07 16:28:45,105--->attack(5, 31)
2022-10-07 16:28:56,440--->attack(1, 31)
2022-10-07 16:29:30,277--->attack(10, 29)
2022-10-07 16:29:56,083--->attack(15, 29)
2022-10-07 16:30:39,635--->attack(21, 31)
2022-10-07 16:31:16,647--->attack(21, 29)
2022-10-07 16:31:47,182--->attack(21, 167)
2022-10-07 16:32:18,380--->attack(29, 31)
2022-10-07 16:32:45,763--->attack(30, 31)
2022-10-07 16:33:05,917--->fitness:147.2
2022-10-07 16:33:06,710--->timesteps:[34, 14, 26, 39, 11, 35, 34, 33, 26, 21]
2022-10-07 16:33:06,710--->attack(1, 29)
2022-10-07 16:33:32,535--->attack(5, 31)
2022-10-07 16:33:43,306--->attack(1, 31)
2022-10-07 16:34:03,770--->attack(10, 29)
2022-10-07 16:34:39,863--->attack(15, 29)
2022-10-07 16:34:50,887--->attack(21, 31)
2022-10-07 16:35:24,352--->attack(21, 29)
2022-10-07 16:35:55,524--->attack(21, 167)
2022-10-07 16:36:27,675--->attack(29, 31)
2022-10-07 16:36:50,906--->attack(30, 31)
2022-10-07 16:37:11,372--->fitness:127.8
2022-10-07 16:37:11,373--->------------5/10---------FailLinkNum:150.5-----------
2022-10-07 16:37:11,373--->start Cross
2022-10-07 16:37:11,373--->start Variation
2022-10-07 16:37:11,373--->------------ epoch:6-----------
2022-10-07 16:37:12,138--->timesteps:[22, 15, 42, 26, 49, 40, 34, 33, 26, 21]
2022-10-07 16:37:12,138--->attack(1, 29)
2022-10-07 16:37:28,765--->attack(5, 31)
2022-10-07 16:37:40,255--->attack(1, 31)
2022-10-07 16:38:13,077--->attack(10, 29)
2022-10-07 16:38:36,951--->attack(15, 29)
2022-10-07 16:39:23,224--->attack(21, 31)
2022-10-07 16:39:57,334--->attack(21, 29)
2022-10-07 16:40:29,623--->attack(21, 167)
2022-10-07 16:40:58,034--->attack(29, 31)
2022-10-07 16:41:24,521--->attack(30, 31)
2022-10-07 16:41:46,104--->fitness:139.8
2022-10-07 16:41:46,890--->timesteps:[14, 28, 24, 35, 49, 29, 35, 21, 10, 37]
2022-10-07 16:41:46,890--->attack(1, 29)
2022-10-07 16:41:57,477--->attack(5, 31)
2022-10-07 16:42:18,812--->attack(1, 31)
2022-10-07 16:42:37,395--->attack(10, 29)
2022-10-07 16:43:08,833--->attack(15, 29)
2022-10-07 16:43:50,975--->attack(21, 31)
2022-10-07 16:44:17,039--->attack(21, 29)
2022-10-07 16:44:47,407--->attack(21, 167)
2022-10-07 16:45:06,332--->attack(29, 31)
2022-10-07 16:45:16,040--->attack(30, 31)
2022-10-07 16:45:50,761--->fitness:148.1
2022-10-07 16:45:51,546--->timesteps:[11, 28, 24, 35, 11, 35, 34, 33, 26, 33]
2022-10-07 16:45:51,546--->attack(1, 29)
2022-10-07 16:45:59,863--->attack(5, 31)
2022-10-07 16:46:21,131--->attack(1, 31)
2022-10-07 16:46:39,801--->attack(10, 29)
2022-10-07 16:47:11,029--->attack(15, 29)
2022-10-07 16:47:21,437--->attack(21, 31)
2022-10-07 16:47:54,149--->attack(21, 29)
2022-10-07 16:48:27,367--->attack(21, 167)
2022-10-07 16:48:58,056--->attack(29, 31)
2022-10-07 16:49:22,077--->attack(30, 31)
2022-10-07 16:49:55,033--->fitness:146.7
2022-10-07 16:49:55,814--->timesteps:[22, 15, 42, 27, 49, 40, 34, 33, 26, 21]
2022-10-07 16:49:55,814--->attack(1, 29)
2022-10-07 16:50:12,509--->attack(5, 31)
2022-10-07 16:50:23,912--->attack(1, 31)
2022-10-07 16:50:57,656--->attack(10, 29)
2022-10-07 16:51:22,997--->attack(15, 29)
2022-10-07 16:52:08,195--->attack(21, 31)
2022-10-07 16:52:43,322--->attack(21, 29)
2022-10-07 16:53:14,335--->attack(21, 167)
2022-10-07 16:53:46,367--->attack(29, 31)
2022-10-07 16:54:09,844--->attack(30, 31)
2022-10-07 16:54:29,099--->fitness:122.4
2022-10-07 16:54:29,870--->timesteps:[22, 15, 42, 26, 49, 40, 34, 33, 26, 21]
2022-10-07 16:54:29,870--->attack(1, 29)
2022-10-07 16:54:46,477--->attack(5, 31)
2022-10-07 16:54:57,914--->attack(1, 31)
2022-10-07 16:55:31,269--->attack(10, 29)
2022-10-07 16:55:56,136--->attack(15, 29)
2022-10-07 16:56:38,413--->attack(21, 31)
2022-10-07 16:57:14,295--->attack(21, 29)
2022-10-07 16:57:46,056--->attack(21, 167)
2022-10-07 16:58:15,039--->attack(29, 31)
2022-10-07 16:58:39,018--->attack(30, 31)
2022-10-07 16:58:58,485--->fitness:121.9
2022-10-07 16:58:59,272--->timesteps:[34, 14, 26, 39, 11, 35, 34, 33, 26, 21]
2022-10-07 16:58:59,272--->attack(1, 29)
2022-10-07 16:59:24,976--->attack(5, 31)
2022-10-07 16:59:35,638--->attack(1, 31)
2022-10-07 16:59:56,157--->attack(10, 29)
2022-10-07 17:00:31,830--->attack(15, 29)
2022-10-07 17:00:41,919--->attack(21, 31)
2022-10-07 17:01:16,349--->attack(21, 29)
2022-10-07 17:01:46,684--->attack(21, 167)
2022-10-07 17:02:18,834--->attack(29, 31)
2022-10-07 17:02:43,418--->attack(30, 31)
2022-10-07 17:03:03,224--->fitness:113.8
2022-10-07 17:03:03,990--->timesteps:[34, 14, 26, 39, 11, 35, 34, 33, 26, 21]
2022-10-07 17:03:03,990--->attack(1, 29)
2022-10-07 17:03:29,712--->attack(5, 31)
2022-10-07 17:03:40,417--->attack(1, 31)
2022-10-07 17:04:00,736--->attack(10, 29)
2022-10-07 17:04:35,626--->attack(15, 29)
2022-10-07 17:04:47,435--->attack(21, 31)
2022-10-07 17:05:20,158--->attack(21, 29)
2022-10-07 17:05:50,558--->attack(21, 167)
2022-10-07 17:06:23,100--->attack(29, 31)
2022-10-07 17:06:45,761--->attack(30, 31)
2022-10-07 17:07:06,830--->fitness:129.5
2022-10-07 17:07:07,614--->timesteps:[22, 15, 42, 26, 49, 40, 34, 25, 26, 21]
2022-10-07 17:07:07,614--->attack(1, 29)
2022-10-07 17:07:24,059--->attack(5, 31)
2022-10-07 17:07:35,426--->attack(1, 31)
2022-10-07 17:08:08,623--->attack(10, 29)
2022-10-07 17:08:31,608--->attack(15, 29)
2022-10-07 17:09:19,539--->attack(21, 31)
2022-10-07 17:09:55,023--->attack(21, 29)
2022-10-07 17:10:27,169--->attack(21, 167)
2022-10-07 17:10:47,756--->attack(29, 31)
2022-10-07 17:11:14,309--->attack(30, 31)
2022-10-07 17:11:34,912--->fitness:130.5
2022-10-07 17:11:35,700--->timesteps:[14, 15, 26, 26, 49, 40, 35, 21, 50, 37]
2022-10-07 17:11:35,701--->attack(1, 29)
2022-10-07 17:11:46,288--->attack(5, 31)
2022-10-07 17:11:57,653--->attack(1, 31)
2022-10-07 17:12:17,384--->attack(10, 29)
2022-10-07 17:12:37,912--->attack(15, 29)
2022-10-07 17:13:22,488--->attack(21, 31)
2022-10-07 17:13:59,369--->attack(21, 29)
2022-10-07 17:14:32,213--->attack(21, 167)
2022-10-07 17:14:52,066--->attack(29, 31)
2022-10-07 17:15:39,445--->attack(30, 31)
2022-10-07 17:16:14,647--->fitness:123.6
2022-10-07 17:16:15,442--->timesteps:[34, 14, 42, 39, 11, 35, 22, 33, 26, 21]
2022-10-07 17:16:15,442--->attack(1, 29)
2022-10-07 17:16:41,644--->attack(5, 31)
2022-10-07 17:16:52,444--->attack(1, 31)
2022-10-07 17:17:26,433--->attack(10, 29)
2022-10-07 17:18:01,086--->attack(15, 29)
2022-10-07 17:18:11,093--->attack(21, 31)
2022-10-07 17:18:42,797--->attack(21, 29)
2022-10-07 17:19:03,378--->attack(21, 167)
2022-10-07 18:07:38,052--->attack(29, 31)
2022-10-07 18:08:00,571--->attack(30, 31)
2022-10-07 18:08:20,204--->fitness:151.2
2022-10-07 18:08:20,204--->------------6/10---------FailLinkNum:151.2-----------
2022-10-07 18:08:20,205--->start Cross
2022-10-07 18:08:20,205--->start Variation
2022-10-07 18:08:20,205--->------------ epoch:7-----------
2022-10-07 18:08:20,928--->timesteps:[14, 14, 26, 39, 11, 35, 34, 33, 26, 21]
2022-10-07 18:08:20,928--->attack(1, 29)
2022-10-07 18:08:30,891--->attack(5, 31)
2022-10-07 18:08:40,792--->attack(1, 31)
2022-10-07 18:08:59,421--->attack(10, 29)
2022-10-07 18:09:31,159--->attack(15, 29)
2022-10-07 18:09:40,598--->attack(21, 31)
2022-10-07 18:10:10,766--->attack(21, 29)
2022-10-07 18:10:39,921--->attack(21, 167)
2022-10-07 18:11:08,014--->attack(29, 31)
2022-10-07 18:11:31,461--->attack(30, 31)
2022-10-07 18:11:50,928--->fitness:133.3
2022-10-07 18:11:51,668--->timesteps:[34, 28, 42, 26, 49, 40, 34, 25, 35, 21]
2022-10-07 18:11:51,669--->attack(1, 29)
2022-10-07 18:12:15,924--->attack(5, 31)
2022-10-07 18:12:36,442--->attack(1, 31)
2022-10-07 18:13:12,281--->attack(10, 29)
2022-10-07 18:13:35,677--->attack(15, 29)
2022-10-07 18:14:17,437--->attack(21, 31)
2022-10-07 18:14:51,072--->attack(21, 29)
2022-10-07 18:15:19,831--->attack(21, 167)
2022-10-07 18:15:42,781--->attack(29, 31)
2022-10-07 18:16:09,449--->attack(30, 31)
2022-10-07 18:16:27,758--->fitness:127.2
2022-10-07 18:16:28,489--->timesteps:[22, 15, 42, 27, 49, 40, 34, 33, 26, 21]
2022-10-07 18:16:28,489--->attack(1, 29)
2022-10-07 18:16:44,037--->attack(5, 31)
2022-10-07 18:16:54,734--->attack(1, 31)
2022-10-07 18:17:25,235--->attack(10, 29)
2022-10-07 18:17:48,091--->attack(15, 29)
2022-10-07 18:18:31,388--->attack(21, 31)
2022-10-07 18:19:06,252--->attack(21, 29)
2022-10-07 18:19:35,289--->attack(21, 167)
2022-10-07 18:20:03,657--->attack(29, 31)
2022-10-07 18:20:28,548--->attack(30, 31)
2022-10-07 18:20:48,176--->fitness:135.8
2022-10-07 18:20:48,910--->timesteps:[22, 15, 24, 35, 49, 40, 34, 33, 26, 21]
2022-10-07 18:20:48,910--->attack(1, 29)
2022-10-07 18:21:04,495--->attack(5, 31)
2022-10-07 18:21:15,202--->attack(1, 31)
2022-10-07 18:21:32,612--->attack(10, 29)
2022-10-07 18:22:00,363--->attack(15, 29)
2022-10-07 18:22:43,129--->attack(21, 31)
2022-10-07 18:23:16,026--->attack(21, 29)
2022-10-07 18:23:49,887--->attack(21, 167)
2022-10-07 18:24:18,667--->attack(29, 31)
2022-10-07 18:24:42,712--->attack(30, 31)
2022-10-07 18:25:02,365--->fitness:135.5
2022-10-07 18:25:03,109--->timesteps:[22, 15, 42, 26, 49, 40, 34, 18, 26, 21]
2022-10-07 18:25:03,109--->attack(1, 29)
2022-10-07 18:25:18,779--->attack(5, 31)
2022-10-07 18:25:29,575--->attack(1, 31)
2022-10-07 18:26:00,782--->attack(10, 29)
2022-10-07 18:26:24,123--->attack(15, 29)
2022-10-07 18:27:09,474--->attack(21, 31)
2022-10-07 18:27:42,971--->attack(21, 29)
2022-10-07 18:28:13,009--->attack(21, 167)
2022-10-07 18:28:28,827--->attack(29, 31)
2022-10-07 18:28:52,329--->attack(30, 31)
2022-10-07 18:29:11,154--->fitness:133.6
2022-10-07 18:29:11,898--->timesteps:[22, 15, 42, 26, 49, 40, 34, 33, 26, 21]
2022-10-07 18:29:11,898--->attack(1, 29)
2022-10-07 18:29:27,685--->attack(5, 31)
2022-10-07 18:29:38,530--->attack(1, 31)
2022-10-07 18:30:10,304--->attack(10, 29)
2022-10-07 18:30:33,715--->attack(15, 29)
2022-10-07 18:31:17,172--->attack(21, 31)
2022-10-07 18:31:51,140--->attack(21, 29)
2022-10-07 18:32:22,149--->attack(21, 167)
2022-10-07 18:32:50,505--->attack(29, 31)
2022-10-07 18:33:17,941--->attack(30, 31)
2022-10-07 18:33:36,775--->fitness:141.3
2022-10-07 18:33:37,547--->timesteps:[22, 15, 42, 26, 49, 40, 35, 21, 26, 21]
2022-10-07 18:33:37,547--->attack(1, 29)
2022-10-07 18:33:53,343--->attack(5, 31)
2022-10-07 18:34:04,190--->attack(1, 31)
2022-10-07 18:34:35,780--->attack(10, 29)
2022-10-07 18:34:58,936--->attack(15, 29)
2022-10-07 18:35:42,438--->attack(21, 31)
2022-10-07 18:36:15,100--->attack(21, 29)
2022-10-07 18:36:48,506--->attack(21, 167)
2022-10-07 18:37:06,648--->attack(29, 31)
2022-10-07 18:37:30,169--->attack(30, 31)
2022-10-07 18:37:51,965--->fitness:130.7
2022-10-07 18:37:52,713--->timesteps:[22, 15, 42, 26, 49, 40, 34, 33, 26, 21]
2022-10-07 18:37:52,713--->attack(1, 29)
2022-10-07 18:38:08,572--->attack(5, 31)
2022-10-07 18:38:19,485--->attack(1, 31)
2022-10-07 18:38:51,399--->attack(10, 29)
2022-10-07 18:39:15,097--->attack(15, 29)
2022-10-07 18:39:59,375--->attack(21, 31)
2022-10-07 18:40:34,405--->attack(21, 29)
2022-10-07 18:41:07,883--->attack(21, 167)
2022-10-07 18:41:39,186--->attack(29, 31)
2022-10-07 18:42:03,611--->attack(30, 31)
2022-10-07 18:42:24,860--->fitness:124.1
2022-10-07 18:42:25,605--->timesteps:[22, 15, 42, 26, 49, 40, 35, 21, 50, 37]
2022-10-07 18:42:25,605--->attack(1, 29)
2022-10-07 18:42:41,427--->attack(5, 31)
2022-10-07 18:42:52,370--->attack(1, 31)
2022-10-07 18:43:23,627--->attack(10, 29)
2022-10-07 18:43:45,658--->attack(15, 29)
2022-10-07 18:44:29,875--->attack(21, 31)
2022-10-07 18:45:03,927--->attack(21, 29)
2022-10-07 18:45:37,590--->attack(21, 167)
2022-10-07 18:45:56,713--->attack(29, 31)
2022-10-07 18:46:47,290--->attack(30, 31)
2022-10-07 18:47:20,775--->fitness:144.9
2022-10-07 18:47:21,537--->timesteps:[14, 15, 26, 26, 49, 40, 34, 33, 10, 37]
2022-10-07 18:47:21,537--->attack(1, 29)
2022-10-07 18:47:31,728--->attack(5, 31)
2022-10-07 18:47:42,710--->attack(1, 31)
2022-10-07 18:48:01,936--->attack(10, 29)
2022-10-07 18:48:22,859--->attack(15, 29)
2022-10-07 18:49:07,899--->attack(21, 31)
2022-10-07 18:49:40,700--->attack(21, 29)
2022-10-07 18:50:11,115--->attack(21, 167)
2022-10-07 18:50:41,967--->attack(29, 31)
2022-10-07 18:50:49,605--->attack(30, 31)
2022-10-07 18:51:22,274--->fitness:130.9
2022-10-07 18:51:22,275--->------------7/10---------FailLinkNum:144.9-----------
2022-10-07 18:51:22,276--->start Cross
2022-10-07 18:51:22,276--->start Variation
2022-10-07 18:51:22,276--->------------ epoch:8-----------
2022-10-07 18:51:23,018--->timesteps:[14, 15, 26, 26, 49, 40, 34, 25, 35, 21]
2022-10-07 18:51:23,018--->attack(1, 29)
2022-10-07 18:51:33,082--->attack(5, 31)
2022-10-07 18:51:43,953--->attack(1, 31)
2022-10-07 18:52:03,077--->attack(10, 29)
2022-10-07 18:52:23,390--->attack(15, 29)
2022-10-07 18:53:12,269--->attack(21, 31)
2022-10-07 18:53:44,716--->attack(21, 29)
2022-10-07 18:54:18,125--->attack(21, 167)
2022-10-07 18:54:40,024--->attack(29, 31)
2022-10-07 18:55:12,765--->attack(30, 31)
2022-10-07 18:55:34,987--->fitness:126.8
2022-10-07 18:55:35,766--->timesteps:[34, 28, 42, 26, 49, 40, 34, 25, 35, 21]
2022-10-07 18:55:35,766--->attack(1, 29)
2022-10-07 18:56:00,763--->attack(5, 31)
2022-10-07 18:56:22,211--->attack(1, 31)
2022-10-07 18:56:56,957--->attack(10, 29)
2022-10-07 18:57:22,790--->attack(15, 29)
2022-10-07 18:58:04,055--->attack(21, 31)
2022-10-07 18:58:42,766--->attack(21, 29)
2022-10-07 18:59:14,797--->attack(21, 167)
2022-10-07 18:59:40,091--->attack(29, 31)
2022-10-07 19:00:12,634--->attack(30, 31)
2022-10-07 19:00:31,878--->fitness:143.7
2022-10-07 19:00:32,644--->timesteps:[34, 28, 42, 26, 49, 40, 34, 33, 26, 21]
2022-10-07 19:00:32,644--->attack(1, 29)
2022-10-07 19:00:57,901--->attack(5, 31)
2022-10-07 19:01:19,198--->attack(1, 31)
2022-10-07 19:01:56,108--->attack(10, 29)
2022-10-07 19:02:22,957--->attack(15, 29)
2022-10-07 19:03:06,442--->attack(21, 31)
2022-10-07 19:03:47,102--->attack(21, 29)
2022-10-07 19:04:17,821--->attack(21, 167)
2022-10-07 19:04:48,623--->attack(29, 31)
2022-10-07 19:05:14,405--->attack(30, 31)
2022-10-07 19:05:33,723--->fitness:132.1
2022-10-07 19:05:34,577--->timesteps:[22, 15, 24, 35, 49, 40, 34, 33, 26, 21]
2022-10-07 19:05:34,577--->attack(1, 29)
2022-10-07 19:05:51,402--->attack(5, 31)
2022-10-07 19:06:02,748--->attack(1, 31)
2022-10-07 19:06:21,528--->attack(10, 29)
2022-10-07 19:06:53,956--->attack(15, 29)
2022-10-07 19:07:40,173--->attack(21, 31)
2022-10-07 19:08:17,450--->attack(21, 29)
2022-10-07 19:08:51,782--->attack(21, 167)
2022-10-07 19:09:21,876--->attack(29, 31)
2022-10-07 19:09:49,241--->attack(30, 31)
2022-10-07 19:10:11,676--->fitness:142.5
2022-10-07 19:10:12,524--->timesteps:[14, 14, 26, 39, 11, 35, 34, 33, 26, 21]
2022-10-07 19:10:12,524--->attack(1, 29)
2022-10-07 19:10:22,747--->attack(5, 31)
2022-10-07 19:10:33,017--->attack(1, 31)
2022-10-07 19:10:52,353--->attack(10, 29)
2022-10-07 19:11:25,375--->attack(15, 29)
2022-10-07 19:11:36,386--->attack(21, 31)
2022-10-07 19:12:09,452--->attack(21, 29)
2022-10-07 19:12:38,818--->attack(21, 167)
2022-10-07 19:13:09,547--->attack(29, 31)
2022-10-07 19:13:30,374--->attack(30, 31)
2022-10-07 19:13:50,541--->fitness:121.5
2022-10-07 19:13:51,330--->timesteps:[22, 15, 42, 26, 49, 40, 35, 21, 26, 21]
2022-10-07 19:13:51,330--->attack(1, 29)
2022-10-07 19:14:07,432--->attack(5, 31)
2022-10-07 19:14:18,480--->attack(1, 31)
2022-10-07 19:14:50,427--->attack(10, 29)
2022-10-07 19:15:13,526--->attack(15, 29)
2022-10-07 19:15:58,522--->attack(21, 31)
2022-10-07 19:16:52,164--->attack(21, 29)
2022-10-07 19:17:50,282--->attack(21, 167)
2022-10-07 19:18:22,702--->attack(29, 31)
2022-10-07 19:19:03,745--->attack(30, 31)
2022-10-07 19:19:37,247--->fitness:134.3
2022-10-07 19:19:38,585--->timesteps:[22, 18, 42, 27, 49, 40, 34, 33, 26, 21]
2022-10-07 19:19:38,585--->attack(1, 29)
2022-10-07 19:20:06,562--->attack(5, 31)
2022-10-07 19:20:30,069--->attack(1, 31)
2022-10-07 19:21:29,072--->attack(10, 29)
2022-10-07 19:22:11,506--->attack(15, 29)
2022-10-07 19:22:54,878--->attack(21, 31)
2022-10-07 19:23:30,915--->attack(21, 29)
2022-10-07 19:24:01,518--->attack(21, 167)
2022-10-07 19:24:31,081--->attack(29, 31)
2022-10-07 19:24:55,638--->attack(30, 31)
2022-10-07 19:25:13,891--->fitness:133.0
2022-10-07 19:25:14,645--->timesteps:[22, 15, 26, 26, 49, 40, 34, 33, 10, 37]
2022-10-07 19:25:14,646--->attack(1, 29)
2022-10-07 19:25:30,639--->attack(5, 31)
2022-10-07 19:25:41,629--->attack(1, 31)
2022-10-07 19:26:00,863--->attack(10, 29)
2022-10-07 19:26:21,521--->attack(15, 29)
2022-10-07 19:27:05,245--->attack(21, 31)
2022-10-07 19:27:38,481--->attack(21, 29)
2022-10-07 19:28:11,563--->attack(21, 167)
2022-10-07 19:28:41,722--->attack(29, 31)
2022-10-07 19:28:50,858--->attack(30, 31)
2022-10-07 19:29:31,348--->fitness:148.2
2022-10-07 19:29:32,118--->timesteps:[14, 15, 42, 26, 49, 40, 35, 25, 35, 21]
2022-10-07 19:29:32,119--->attack(1, 29)
2022-10-07 19:29:42,445--->attack(5, 31)
2022-10-07 19:29:53,314--->attack(1, 31)
2022-10-07 19:30:24,968--->attack(10, 29)
2022-10-07 19:30:47,342--->attack(15, 29)
2022-10-07 19:31:36,203--->attack(21, 31)
2022-10-07 19:32:08,663--->attack(21, 29)
2022-10-07 19:32:41,832--->attack(21, 167)
2022-10-07 19:33:03,237--->attack(29, 31)
2022-10-07 19:33:38,582--->attack(30, 31)
2022-10-07 19:33:58,162--->fitness:139.6
2022-10-07 19:33:58,912--->timesteps:[34, 28, 42, 26, 49, 40, 34, 21, 10, 37]
2022-10-07 19:33:58,912--->attack(1, 29)
2022-10-07 19:34:23,655--->attack(5, 31)
2022-10-07 19:34:44,442--->attack(1, 31)
2022-10-07 19:35:20,523--->attack(10, 29)
2022-10-07 19:35:47,295--->attack(15, 29)
2022-10-07 19:36:27,357--->attack(21, 31)
2022-10-07 19:37:06,051--->attack(21, 29)
2022-10-07 19:37:35,658--->attack(21, 167)
2022-10-07 19:37:55,907--->attack(29, 31)
2022-10-07 19:38:04,600--->attack(30, 31)
2022-10-07 19:38:37,938--->fitness:138.8
2022-10-07 19:38:37,940--->------------8/10---------FailLinkNum:148.2-----------
2022-10-07 19:38:37,940--->start Cross
2022-10-07 19:38:37,940--->start Variation
2022-10-07 19:38:37,940--->------------ epoch:9-----------
2022-10-07 19:38:38,684--->timesteps:[22, 15, 26, 39, 11, 35, 34, 33, 26, 21]
2022-10-07 19:38:38,684--->attack(1, 29)
2022-10-07 19:38:54,651--->attack(5, 31)
2022-10-07 19:39:05,589--->attack(1, 31)
2022-10-07 19:39:24,890--->attack(10, 29)
2022-10-07 19:39:57,873--->attack(15, 29)
2022-10-07 19:40:07,447--->attack(21, 31)
2022-10-07 19:40:36,195--->attack(21, 29)
2022-10-07 19:41:08,518--->attack(21, 167)
2022-10-07 19:41:36,954--->attack(29, 31)
2022-10-07 19:41:58,722--->attack(30, 31)
2022-10-07 19:42:20,045--->fitness:139.6
2022-10-07 19:42:20,796--->timesteps:[14, 28, 42, 26, 49, 40, 34, 21, 10, 15]
2022-10-07 19:42:20,796--->attack(1, 29)
2022-10-07 19:42:33,107--->attack(5, 31)
2022-10-07 19:43:09,401--->attack(1, 31)
2022-10-07 19:44:07,450--->attack(10, 29)
2022-10-07 19:44:48,886--->attack(15, 29)
2022-10-07 19:46:07,357--->attack(21, 31)
2022-10-07 19:47:09,718--->attack(21, 29)
2022-10-07 19:48:04,664--->attack(21, 167)
2022-10-07 19:48:39,362--->attack(29, 31)
2022-10-07 19:48:56,671--->attack(30, 31)
2022-10-07 19:49:22,067--->fitness:142.7
2022-10-07 19:49:23,410--->timesteps:[34, 14, 42, 26, 49, 45, 34, 33, 26, 21]
2022-10-07 19:49:23,410--->attack(1, 29)
2022-10-07 19:50:07,353--->attack(5, 31)
2022-10-07 19:50:25,630--->attack(1, 31)
2022-10-07 19:51:24,871--->attack(10, 29)
2022-10-07 19:51:58,194--->attack(15, 29)
2022-10-07 19:52:43,405--->attack(21, 31)
2022-10-07 19:53:21,941--->attack(21, 29)
2022-10-07 19:53:55,622--->attack(21, 167)
2022-10-07 19:54:25,989--->attack(29, 31)
2022-10-07 19:54:48,112--->attack(30, 31)
2022-10-07 19:55:08,801--->fitness:128.8
2022-10-07 19:55:09,553--->timesteps:[22, 13, 42, 27, 49, 40, 35, 21, 26, 21]
2022-10-07 19:55:09,553--->attack(1, 29)
2022-10-07 19:55:25,561--->attack(5, 31)
2022-10-07 19:55:35,051--->attack(1, 31)
2022-10-07 19:56:06,550--->attack(10, 29)
2022-10-07 19:56:30,384--->attack(15, 29)
2022-10-07 19:57:15,785--->attack(21, 31)
2022-10-07 19:57:51,527--->attack(21, 29)
2022-10-07 19:58:25,238--->attack(21, 167)
2022-10-07 19:58:43,914--->attack(29, 31)
2022-10-07 19:59:09,991--->attack(30, 31)
2022-10-07 19:59:30,859--->fitness:135.3
2022-10-07 19:59:31,688--->timesteps:[22, 15, 42, 26, 49, 40, 34, 33, 26, 21]
2022-10-07 19:59:31,688--->attack(1, 29)
2022-10-07 19:59:48,730--->attack(5, 31)
2022-10-07 20:00:00,457--->attack(1, 31)
2022-10-07 20:00:34,165--->attack(10, 29)
2022-10-07 20:00:58,973--->attack(15, 29)
2022-10-07 20:01:44,002--->attack(21, 31)
2022-10-07 20:02:23,063--->attack(21, 29)
2022-10-07 20:02:56,465--->attack(21, 167)
2022-10-07 20:03:51,770--->attack(29, 31)
2022-10-07 20:04:33,783--->attack(30, 31)
2022-10-07 20:05:11,367--->fitness:121.1
2022-10-07 20:05:12,224--->timesteps:[22, 15, 22, 35, 49, 40, 35, 21, 10, 37]
2022-10-07 20:05:12,224--->attack(1, 29)
2022-10-07 20:05:29,751--->attack(5, 31)
2022-10-07 20:05:41,376--->attack(1, 31)
2022-10-07 20:05:58,543--->attack(10, 29)
2022-10-07 20:06:29,085--->attack(15, 29)
2022-10-07 20:07:15,764--->attack(21, 31)
2022-10-07 20:07:51,519--->attack(21, 29)
2022-10-07 20:08:23,896--->attack(21, 167)
2022-10-07 20:08:44,739--->attack(29, 31)
2022-10-07 20:08:53,472--->attack(30, 31)
2022-10-07 20:09:28,080--->fitness:142.2
2022-10-07 20:09:28,843--->timesteps:[34, 28, 42, 26, 49, 40, 34, 21, 26, 21]
2022-10-07 20:09:28,844--->attack(1, 29)
2022-10-07 20:09:54,368--->attack(5, 31)
2022-10-07 20:10:15,807--->attack(1, 31)
2022-10-07 20:10:52,389--->attack(10, 29)
2022-10-07 20:11:16,988--->attack(15, 29)
2022-10-07 20:12:00,128--->attack(21, 31)
2022-10-07 20:12:35,248--->attack(21, 29)
2022-10-07 20:13:09,332--->attack(21, 167)
2022-10-07 20:13:29,679--->attack(29, 31)
2022-10-07 20:13:52,403--->attack(30, 31)
2022-10-07 20:14:11,561--->fitness:144.2
2022-10-07 20:14:12,339--->timesteps:[22, 15, 42, 26, 49, 40, 35, 21, 10, 37]
2022-10-07 20:14:12,339--->attack(1, 29)
2022-10-07 20:14:28,729--->attack(5, 31)
2022-10-07 20:14:40,060--->attack(1, 31)
2022-10-07 20:15:14,051--->attack(10, 29)
2022-10-07 20:15:39,520--->attack(15, 29)
2022-10-07 20:16:31,028--->attack(21, 31)
2022-10-07 20:17:10,264--->attack(21, 29)
2022-10-07 20:17:45,140--->attack(21, 167)
2022-10-07 20:18:04,382--->attack(29, 31)
2022-10-07 20:18:14,064--->attack(30, 31)
2022-10-07 20:18:51,354--->fitness:132.3
2022-10-07 20:18:52,135--->timesteps:[22, 15, 26, 26, 49, 40, 34, 33, 10, 37]
2022-10-07 20:18:52,135--->attack(1, 29)
2022-10-07 20:19:08,737--->attack(5, 31)
2022-10-07 20:19:20,042--->attack(1, 31)
2022-10-07 20:19:40,606--->attack(10, 29)
2022-10-07 20:20:02,540--->attack(15, 29)
2022-10-07 20:20:47,439--->attack(21, 31)
2022-10-07 20:21:20,749--->attack(21, 29)
2022-10-07 20:21:53,035--->attack(21, 167)
2022-10-07 20:22:22,340--->attack(29, 31)
2022-10-07 20:22:31,604--->attack(30, 31)
2022-10-07 20:23:08,658--->fitness:138.0
2022-10-07 20:23:09,436--->timesteps:[22, 15, 26, 26, 49, 40, 34, 33, 26, 21]
2022-10-07 20:23:09,436--->attack(1, 29)
2022-10-07 20:23:26,064--->attack(5, 31)
2022-10-07 20:23:37,501--->attack(1, 31)
2022-10-07 20:23:57,457--->attack(10, 29)
2022-10-07 20:24:19,207--->attack(15, 29)
2022-10-07 20:25:06,434--->attack(21, 31)
2022-10-07 20:25:40,187--->attack(21, 29)
2022-10-07 20:26:15,196--->attack(21, 167)
2022-10-07 20:26:46,719--->attack(29, 31)
2022-10-07 20:27:14,036--->attack(30, 31)
2022-10-07 20:27:39,198--->fitness:139.8
2022-10-07 20:27:39,199--->------------9/10---------FailLinkNum:144.2-----------
2022-10-07 20:27:39,199--->start Cross
2022-10-07 20:27:39,199--->start Variation
2022-10-07 20:27:39,970--->attack(1, 29)
2022-10-07 20:27:56,587--->attack(5, 31)
2022-10-07 20:28:08,014--->attack(1, 31)
2022-10-07 20:28:24,990--->attack(10, 29)
2022-10-07 20:28:54,518--->attack(15, 29)
2022-10-07 20:29:37,536--->attack(21, 31)
2022-10-07 20:30:12,714--->attack(21, 29)
