tolerance = 0.5
2022-10-08 16:45:05,508--->time:0----------------------------timesteps:[17, 32, 10, 22, 49, 12, 27, 15, 34, 34]
2022-10-08 16:45:20,030--->time:0----------------------------timesteps:[15, 26, 19, 12, 29, 47, 16, 25, 20, 20]
2022-10-08 16:45:25,887--->time:0----------------------------timesteps:[11, 35, 31, 16, 21, 26, 36, 32, 41, 40]
2022-10-08 16:46:14,416--->fitness:126.3
2022-10-08 16:46:14,952--->time:1----------------------------timesteps:[20, 28, 32, 20, 48, 29, 50, 15, 15, 31]
2022-10-08 16:47:01,082--->fitness:118.7
2022-10-08 16:47:01,557--->time:2----------------------------timesteps:[50, 12, 23, 33, 20, 45, 43, 18, 10, 11]
2022-10-08 16:47:42,472--->fitness:116.4
2022-10-08 16:47:42,948--->time:3----------------------------timesteps:[28, 43, 11, 46, 37, 35, 38, 48, 44, 43]
2022-10-08 16:48:47,344--->fitness:117.0
2022-10-08 16:48:47,824--->time:4----------------------------timesteps:[12, 37, 29, 18, 32, 24, 28, 27, 35, 12]
2022-10-08 16:49:26,283--->fitness:123.4
2022-10-08 16:49:26,756--->time:5----------------------------timesteps:[12, 35, 16, 10, 14, 45, 38, 17, 15, 22]
2022-10-08 16:50:01,285--->fitness:108.8
2022-10-08 16:50:01,754--->time:6----------------------------timesteps:[32, 34, 48, 28, 21, 11, 28, 31, 39, 45]
2022-10-08 16:50:54,723--->fitness:123.3
2022-10-08 16:50:55,196--->time:7----------------------------timesteps:[28, 40, 36, 24, 46, 48, 21, 49, 39, 29]
2022-10-08 16:52:02,053--->fitness:137.3
2022-10-08 16:52:02,621--->time:8----------------------------timesteps:[42, 39, 26, 47, 12, 22, 32, 50, 25, 29]
2022-10-08 16:52:58,107--->fitness:135.6
2022-10-08 16:52:58,659--->time:9----------------------------timesteps:[39, 38, 11, 11, 33, 14, 41, 38, 31, 25]
2022-10-08 16:53:38,021--->fitness:125.3
2022-10-08 16:53:38,489--->time:0----------------------------timesteps:[11, 35, 31, 16, 21, 26, 36, 32, 44, 43]
2022-10-08 16:54:31,127--->fitness:123.9
2022-10-08 16:54:31,677--->time:1----------------------------timesteps:[28, 43, 11, 46, 37, 35, 28, 31, 39, 45]
2022-10-08 16:55:31,060--->fitness:124.7
2022-10-08 16:55:31,534--->time:2----------------------------timesteps:[32, 34, 48, 28, 21, 11, 50, 31, 15, 31]
2022-10-08 16:56:22,215--->fitness:129.6
2022-10-08 16:56:22,694--->time:3----------------------------timesteps:[20, 35, 31, 16, 21, 26, 36, 32, 41, 40]
2022-10-08 16:57:12,181--->fitness:134.3
2022-10-08 16:57:12,651--->time:4----------------------------timesteps:[11, 28, 32, 28, 21, 11, 28, 31, 39, 45]
2022-10-08 16:57:57,901--->fitness:138.0
2022-10-08 16:57:58,388--->time:5----------------------------timesteps:[32, 34, 36, 24, 46, 48, 21, 49, 39, 29]
2022-10-08 16:58:54,114--->fitness:146.9
2022-10-08 16:58:54,587--->time:6----------------------------timesteps:[28, 40, 48, 20, 48, 29, 38, 48, 10, 11]
2022-10-08 16:59:46,651--->fitness:103.0
2022-10-08 16:59:47,191--->time:7----------------------------timesteps:[50, 12, 23, 33, 20, 45, 43, 18, 10, 11]
2022-10-08 17:00:29,519--->fitness:119.3
2022-10-08 17:00:30,035--->time:8----------------------------timesteps:[50, 12, 23, 28, 21, 11, 28, 31, 39, 45]
2022-10-08 17:01:14,122--->fitness:144.0
2022-10-08 17:01:14,586--->time:9----------------------------timesteps:[32, 34, 48, 33, 20, 45, 43, 18, 41, 40]
2022-10-08 17:02:13,420--->fitness:128.9
2022-10-08 17:02:13,909--->time:0----------------------------timesteps:[20, 35, 31, 16, 21, 26, 28, 31, 39, 45]
2022-10-08 17:03:02,928--->fitness:137.7
2022-10-08 17:03:03,451--->time:1----------------------------timesteps:[11, 28, 32, 16, 21, 26, 36, 32, 41, 40]
2022-10-08 17:03:51,047--->fitness:124.8
2022-10-08 17:03:51,517--->time:2----------------------------timesteps:[20, 35, 31, 28, 21, 11, 36, 31, 39, 45]
2022-10-08 17:04:43,078--->fitness:116.0
2022-10-08 17:04:43,549--->time:3----------------------------timesteps:[50, 12, 23, 28, 21, 11, 28, 19, 39, 45]
2022-10-08 17:05:28,068--->fitness:124.4
2022-10-08 17:05:28,589--->time:4----------------------------timesteps:[28, 43, 11, 46, 37, 35, 36, 32, 41, 40]
2022-10-08 17:06:27,812--->fitness:134.2
2022-10-08 17:06:28,298--->time:5----------------------------timesteps:[20, 35, 48, 33, 20, 45, 43, 18, 25, 40]
2022-10-08 17:07:22,053--->fitness:114.5
2022-10-08 17:07:22,521--->time:6----------------------------timesteps:[32, 34, 31, 33, 20, 45, 43, 18, 10, 11]
2022-10-08 17:08:03,104--->fitness:109.4
2022-10-08 17:08:03,564--->time:7----------------------------timesteps:[50, 12, 23, 16, 21, 26, 28, 32, 41, 40]
2022-10-08 17:08:47,517--->fitness:123.2
2022-10-08 17:08:47,978--->time:8----------------------------timesteps:[20, 35, 31, 16, 21, 35, 28, 31, 39, 45]
2022-10-08 17:09:37,062--->fitness:120.0
2022-10-08 17:09:37,589--->time:9----------------------------timesteps:[28, 43, 11, 46, 37, 26, 36, 32, 41, 40]
2022-10-08 17:10:36,297--->fitness:137.5
2022-10-08 17:10:36,771--->time:0----------------------------timesteps:[32, 34, 31, 16, 21, 26, 28, 32, 41, 40]
2022-10-08 17:11:25,364--->fitness:124.0
2022-10-08 17:11:25,898--->time:1----------------------------timesteps:[50, 12, 31, 28, 21, 11, 36, 31, 39, 45]
2022-10-08 17:12:14,773--->fitness:128.9
2022-10-08 17:12:15,241--->time:2----------------------------timesteps:[20, 35, 23, 33, 20, 45, 43, 18, 25, 40]
2022-10-08 17:13:07,798--->fitness:110.1
2022-10-08 17:13:08,336--->time:3----------------------------timesteps:[20, 35, 48, 33, 20, 45, 43, 18, 39, 45]
2022-10-08 17:14:04,605--->fitness:133.4
2022-10-08 17:14:05,082--->time:4----------------------------timesteps:[20, 35, 31, 16, 21, 26, 36, 32, 41, 40]
2022-10-08 17:14:56,874--->fitness:99.7
2022-10-08 17:14:57,344--->time:5----------------------------timesteps:[11, 28, 32, 16, 21, 26, 28, 31, 39, 45]
2022-10-08 17:15:46,547--->fitness:140.0
2022-10-08 17:15:47,017--->time:6----------------------------timesteps:[20, 35, 31, 16, 21, 35, 28, 31, 39, 45]
2022-10-08 17:16:35,278--->fitness:118.9
2022-10-08 17:16:35,746--->time:7----------------------------timesteps:[20, 18, 31, 28, 21, 11, 36, 31, 25, 40]
2022-10-08 17:17:16,642--->fitness:128.6
2022-10-08 17:17:17,160--->time:8----------------------------timesteps:[20, 35, 48, 33, 20, 45, 43, 18, 10, 11]
2022-10-08 17:18:05,497--->fitness:130.6
2022-10-08 17:18:05,965--->time:9----------------------------timesteps:[32, 34, 31, 33, 20, 45, 43, 18, 10, 11]
2022-10-08 17:18:48,057--->fitness:135.5
2022-10-08 17:18:48,533--->time:0----------------------------timesteps:[32, 34, 31, 16, 21, 26, 36, 31, 39, 45]
2022-10-08 17:19:42,946--->fitness:107.7
2022-10-08 17:19:43,411--->time:1----------------------------timesteps:[50, 12, 31, 28, 21, 11, 43, 18, 39, 45]
2022-10-08 17:20:30,619--->fitness:127.5
2022-10-08 17:20:31,084--->time:2----------------------------timesteps:[20, 35, 48, 33, 20, 45, 28, 33, 41, 40]
2022-10-08 17:21:32,001--->fitness:112.9
2022-10-08 17:21:32,482--->time:3----------------------------timesteps:[20, 35, 31, 16, 21, 26, 36, 31, 39, 45]
2022-10-08 17:22:27,968--->fitness:122.4
2022-10-08 17:22:28,503--->time:4----------------------------timesteps:[11, 28, 32, 16, 21, 26, 28, 18, 25, 40]
2022-10-08 17:23:07,842--->fitness:126.6
2022-10-08 17:23:08,314--->time:5----------------------------timesteps:[20, 35, 23, 16, 21, 26, 28, 31, 39, 45]
2022-10-08 17:23:57,292--->fitness:133.3
2022-10-08 17:23:57,758--->time:6----------------------------timesteps:[11, 28, 32, 33, 20, 45, 28, 31, 39, 45]
2022-10-08 17:24:55,856--->fitness:106.4
2022-10-08 17:24:56,329--->time:7----------------------------timesteps:[20, 35, 31, 16, 21, 35, 43, 18, 10, 11]
2022-10-08 17:25:32,588--->fitness:120.1
2022-10-08 17:25:33,063--->time:8----------------------------timesteps:[32, 34, 43, 33, 21, 26, 28, 31, 39, 45]
2022-10-08 17:26:33,854--->fitness:119.5
2022-10-08 17:26:34,397--->time:9----------------------------timesteps:[11, 28, 24, 16, 20, 45, 43, 32, 41, 40]
2022-10-08 17:27:30,749--->fitness:118.7
2022-10-08 17:27:31,232--->time:0----------------------------timesteps:[20, 35, 48, 16, 21, 26, 36, 31, 39, 45]
2022-10-08 17:28:25,849--->fitness:104.0
2022-10-08 17:28:26,314--->time:1----------------------------timesteps:[20, 35, 23, 16, 21, 26, 28, 31, 39, 45]
2022-10-08 17:29:15,273--->fitness:127.4
2022-10-08 17:29:15,744--->time:2----------------------------timesteps:[20, 35, 31, 33, 20, 45, 28, 18, 10, 11]
2022-10-08 17:29:52,135--->fitness:135.6
2022-10-08 17:29:52,652--->time:3----------------------------timesteps:[20, 35, 31, 16, 21, 26, 28, 18, 25, 40]
2022-10-08 17:30:30,203--->fitness:122.7
2022-10-08 17:30:30,661--->time:4----------------------------timesteps:[11, 28, 32, 16, 21, 35, 43, 31, 39, 45]
2022-10-08 17:31:26,493--->fitness:116.8
2022-10-08 17:31:26,967--->time:5----------------------------timesteps:[20, 35, 31, 16, 21, 26, 36, 33, 39, 45]
2022-10-08 17:32:17,399--->fitness:119.5
2022-10-08 17:32:17,929--->time:6----------------------------timesteps:[11, 28, 32, 33, 20, 45, 28, 31, 39, 45]
2022-10-08 17:33:15,378--->fitness:104.1
2022-10-08 17:33:15,919--->time:7----------------------------timesteps:[20, 35, 31, 16, 21, 26, 36, 31, 41, 40]
2022-10-08 17:34:04,240--->fitness:125.7
2022-10-08 17:34:04,713--->time:8----------------------------timesteps:[11, 28, 24, 16, 21, 26, 28, 31, 39, 45]
2022-10-08 17:34:51,082--->fitness:139.9
2022-10-08 17:34:51,547--->time:9----------------------------timesteps:[20, 35, 23, 16, 20, 45, 43, 32, 41, 40]
2022-10-08 17:35:48,264--->fitness:110.0
2022-10-08 17:35:48,733--->time:0----------------------------timesteps:[20, 35, 23, 16, 21, 35, 43, 31, 39, 45]
2022-10-08 17:36:44,085--->fitness:106.6
2022-10-08 17:36:44,620--->time:1----------------------------timesteps:[11, 28, 32, 16, 20, 45, 43, 31, 39, 45]
2022-10-08 17:37:40,833--->fitness:112.9
2022-10-08 17:37:41,372--->time:2----------------------------timesteps:[11, 28, 48, 16, 21, 26, 36, 31, 39, 45]
2022-10-08 17:38:36,355--->fitness:120.3
2022-10-08 17:38:36,825--->time:3----------------------------timesteps:[20, 35, 23, 16, 21, 26, 28, 31, 39, 45]
2022-10-08 17:39:21,089--->fitness:133.6
2022-10-08 17:39:21,551--->time:4----------------------------timesteps:[20, 35, 23, 16, 21, 26, 28, 37, 39, 45]
2022-10-08 17:40:08,487--->fitness:127.2
2022-10-08 17:40:09,008--->time:5----------------------------timesteps:[20, 28, 32, 33, 20, 45, 28, 31, 39, 45]
2022-10-08 17:41:09,302--->fitness:114.4
2022-10-08 17:41:09,845--->time:6----------------------------timesteps:[11, 35, 32, 16, 21, 26, 28, 31, 39, 45]
2022-10-08 17:41:56,994--->fitness:119.6
2022-10-08 17:41:57,464--->time:7----------------------------timesteps:[20, 35, 23, 16, 20, 45, 43, 32, 41, 40]
2022-10-08 17:42:52,408--->fitness:115.9
2022-10-08 17:42:52,942--->time:8----------------------------timesteps:[20, 35, 23, 16, 21, 35, 43, 31, 39, 45]
2022-10-08 17:43:47,299--->fitness:105.8
2022-10-08 17:43:47,782--->time:9----------------------------timesteps:[11, 28, 32, 33, 20, 45, 28, 32, 41, 40]
2022-10-08 17:44:46,163--->fitness:116.0
2022-10-08 17:44:46,653--->time:0----------------------------timesteps:[20, 35, 23, 16, 21, 26, 28, 37, 39, 45]
2022-10-08 17:45:36,003--->fitness:115.7
2022-10-08 17:45:36,486--->time:1----------------------------timesteps:[11, 28, 48, 48, 21, 26, 36, 31, 39, 45]
2022-10-08 17:46:34,748--->fitness:118.2
2022-10-08 17:46:35,238--->time:2----------------------------timesteps:[37, 28, 32, 16, 20, 45, 28, 32, 41, 40]
2022-10-08 17:47:32,803--->fitness:106.6
2022-10-08 17:47:33,273--->time:3----------------------------timesteps:[11, 28, 24, 33, 20, 45, 43, 31, 39, 45]
2022-10-08 17:48:36,495--->fitness:131.6
2022-10-08 17:48:36,979--->time:4----------------------------timesteps:[11, 35, 32, 26, 21, 26, 28, 31, 39, 45]
2022-10-08 17:49:27,170--->fitness:113.8
2022-10-08 17:49:27,645--->time:5----------------------------timesteps:[20, 35, 23, 16, 21, 26, 28, 31, 39, 45]
2022-10-08 17:50:13,843--->fitness:126.6
2022-10-08 17:50:14,373--->time:6----------------------------timesteps:[11, 35, 23, 16, 21, 26, 28, 37, 39, 45]
2022-10-08 17:51:00,041--->fitness:142.5
2022-10-08 17:51:00,520--->time:7----------------------------timesteps:[11, 28, 32, 16, 20, 45, 43, 31, 39, 45]
2022-10-08 17:51:54,709--->fitness:120.5
2022-10-08 17:51:55,186--->time:8----------------------------timesteps:[20, 35, 50, 16, 21, 26, 36, 31, 39, 45]
2022-10-08 17:52:52,623--->fitness:117.3
2022-10-08 17:52:53,162--->time:9----------------------------timesteps:[11, 28, 48, 16, 21, 26, 28, 16, 39, 45]
2022-10-08 17:53:41,959--->fitness:140.1
2022-10-08 17:53:42,430--->time:0----------------------------timesteps:[20, 28, 24, 33, 20, 45, 43, 31, 39, 45]
2022-10-08 17:54:40,193--->fitness:131.0
2022-10-08 17:54:40,671--->time:1----------------------------timesteps:[11, 35, 23, 16, 21, 26, 28, 31, 39, 45]
2022-10-08 17:55:24,953--->fitness:125.3
2022-10-08 17:55:25,463--->time:2----------------------------timesteps:[11, 28, 32, 16, 20, 45, 43, 31, 39, 45]
2022-10-08 17:56:22,192--->fitness:101.0
2022-10-08 17:56:22,744--->time:3----------------------------timesteps:[11, 28, 24, 33, 20, 45, 43, 31, 39, 45]
2022-10-08 17:57:20,614--->fitness:106.5
2022-10-08 17:57:21,091--->time:4----------------------------timesteps:[11, 28, 32, 16, 20, 45, 28, 32, 41, 40]
2022-10-08 17:58:10,768--->fitness:121.3
2022-10-08 17:58:11,237--->time:5----------------------------timesteps:[37, 28, 48, 48, 21, 26, 36, 31, 39, 45]
2022-10-08 17:59:15,601--->fitness:127.3
2022-10-08 17:59:16,076--->time:6----------------------------timesteps:[11, 35, 23, 16, 21, 26, 28, 37, 39, 45]
2022-10-08 18:00:05,018--->fitness:123.1
2022-10-08 18:00:05,549--->time:7----------------------------timesteps:[11, 35, 23, 16, 21, 26, 28, 31, 39, 45]
2022-10-08 18:00:54,779--->fitness:130.7
2022-10-08 18:00:55,243--->time:8----------------------------timesteps:[20, 35, 23, 16, 21, 45, 43, 31, 39, 45]
2022-10-08 18:01:48,982--->fitness:121.1
2022-10-08 18:01:49,455--->time:9----------------------------timesteps:[11, 28, 32, 16, 20, 26, 28, 37, 39, 45]
2022-10-08 18:02:39,873--->fitness:139.6
2022-10-08 18:02:40,342--->time:0----------------------------timesteps:[11, 28, 32, 16, 20, 26, 28, 31, 39, 45]
2022-10-08 18:03:24,102--->fitness:137.7
2022-10-08 18:03:24,578--->time:1----------------------------timesteps:[11, 35, 32, 16, 20, 26, 28, 37, 39, 45]
2022-10-08 18:04:14,805--->fitness:131.1
2022-10-08 18:04:15,288--->time:2----------------------------timesteps:[11, 28, 23, 16, 21, 45, 28, 46, 39, 45]
2022-10-08 18:05:09,740--->fitness:110.6
2022-10-08 18:05:10,217--->time:3----------------------------timesteps:[11, 35, 23, 16, 21, 26, 28, 37, 39, 45]
2022-10-08 18:05:59,115--->fitness:135.8
2022-10-08 18:05:59,582--->time:4----------------------------timesteps:[11, 35, 23, 16, 20, 26, 28, 37, 39, 45]
2022-10-08 18:06:47,182--->fitness:125.3
2022-10-08 18:06:47,647--->time:5----------------------------timesteps:[11, 28, 32, 18, 21, 26, 43, 31, 39, 45]
2022-10-08 18:07:39,720--->fitness:115.9
2022-10-08 18:07:40,198--->time:6----------------------------timesteps:[11, 28, 24, 33, 20, 26, 36, 31, 40, 45]
2022-10-08 18:08:30,559--->fitness:116.2
2022-10-08 18:08:31,089--->time:7----------------------------timesteps:[11, 28, 24, 33, 20, 45, 43, 31, 39, 45]
2022-10-08 18:09:25,631--->fitness:127.3
2022-10-08 18:09:26,119--->time:8----------------------------timesteps:[37, 28, 48, 48, 20, 45, 43, 31, 39, 45]
2022-10-08 18:10:34,148--->fitness:122.0
2022-10-08 18:10:34,707--->time:9----------------------------timesteps:[11, 28, 32, 16, 21, 45, 43, 31, 39, 45]
2022-10-08 18:11:31,648--->fitness:111.1
2022-10-08 18:11:32,131--->time:0----------------------------timesteps:[11, 28, 32, 16, 20, 26, 28, 37, 39, 45]
2022-10-08 18:12:20,313--->fitness:130.6
2022-10-08 18:12:20,839--->time:1----------------------------timesteps:[11, 35, 23, 16, 20, 26, 28, 31, 39, 35]
2022-10-08 18:13:02,227--->fitness:123.4
2022-10-08 18:13:02,749--->time:2----------------------------timesteps:[11, 28, 23, 16, 21, 45, 28, 46, 39, 45]
2022-10-08 18:13:59,185--->fitness:106.4
2022-10-08 18:13:59,734--->time:3----------------------------timesteps:[11, 28, 32, 16, 20, 26, 48, 31, 39, 45]
2022-10-08 18:14:53,302--->fitness:113.4
2022-10-08 18:14:53,773--->time:4----------------------------timesteps:[11, 28, 32, 16, 20, 26, 28, 31, 39, 45]
2022-10-08 18:15:42,079--->fitness:114.7
2022-10-08 18:15:42,549--->time:5----------------------------timesteps:[11, 28, 32, 18, 21, 26, 43, 31, 39, 45]
2022-10-08 18:16:34,647--->fitness:106.6
2022-10-08 18:16:35,120--->time:6----------------------------timesteps:[11, 28, 24, 18, 21, 26, 43, 31, 39, 45]
2022-10-08 18:17:26,006--->fitness:118.1
2022-10-08 18:17:26,478--->time:7----------------------------timesteps:[11, 28, 32, 16, 20, 26, 28, 31, 39, 45]
2022-10-08 18:18:15,307--->fitness:138.7
2022-10-08 18:18:15,783--->time:8----------------------------timesteps:[11, 28, 32, 18, 21, 50, 43, 31, 39, 45]
2022-10-08 18:19:17,224--->fitness:124.0
2022-10-08 18:19:17,784--->time:9----------------------------timesteps:[11, 28, 32, 33, 20, 45, 43, 31, 39, 45]
2022-10-08 18:20:15,110--->fitness:117.3
2022-10-08 18:20:15,589--->time:0----------------------------timesteps:[11, 28, 32, 33, 20, 45, 43, 31, 39, 45]
2022-10-08 18:21:11,172--->fitness:113.4
2022-10-08 18:21:11,638--->time:1----------------------------timesteps:[11, 28, 32, 18, 21, 50, 43, 31, 39, 45]
2022-10-08 18:22:12,747--->fitness:118.2
2022-10-08 18:22:13,304--->time:2----------------------------timesteps:[11, 28, 32, 18, 21, 26, 43, 31, 39, 45]
2022-10-08 18:23:05,352--->fitness:124.5
2022-10-08 18:23:05,884--->time:3----------------------------timesteps:[11, 28, 32, 16, 20, 26, 28, 37, 39, 45]
2022-10-08 18:23:52,971--->fitness:126.0
2022-10-08 18:23:53,443--->time:4----------------------------timesteps:[11, 28, 32, 18, 21, 26, 43, 31, 39, 45]
2022-10-08 18:24:45,755--->fitness:132.5
2022-10-08 18:24:46,218--->time:5----------------------------timesteps:[11, 28, 23, 16, 21, 39, 28, 46, 39, 45]
2022-10-08 18:25:39,715--->fitness:119.2
2022-10-08 18:25:40,191--->time:6----------------------------timesteps:[11, 28, 23, 18, 21, 26, 43, 31, 39, 45]
2022-10-08 18:26:33,178--->fitness:122.4
2022-10-08 18:26:33,650--->time:7----------------------------timesteps:[11, 28, 32, 16, 21, 26, 28, 31, 39, 35]
2022-10-08 18:27:13,088--->fitness:134.0
2022-10-08 18:27:13,550--->time:8----------------------------timesteps:[11, 35, 23, 24, 20, 45, 28, 31, 39, 45]
2022-10-08 18:28:07,229--->fitness:103.4
2022-10-08 18:28:07,696--->time:9----------------------------timesteps:[11, 28, 24, 18, 21, 26, 43, 46, 39, 45]
2022-10-08 18:29:02,715--->fitness:110.0
2022-10-08 18:29:03,202--->time:0----------------------------timesteps:[11, 28, 32, 16, 21, 26, 43, 31, 39, 45]
2022-10-08 18:29:53,624--->fitness:121.3
2022-10-08 18:29:54,151--->time:1----------------------------timesteps:[11, 28, 23, 18, 20, 26, 43, 31, 39, 45]
2022-10-08 18:30:42,796--->fitness:120.5
2022-10-08 18:30:43,327--->time:2----------------------------timesteps:[11, 28, 32, 18, 21, 45, 28, 31, 39, 45]
2022-10-08 18:31:36,892--->fitness:121.8
2022-10-08 18:31:37,377--->time:3----------------------------timesteps:[11, 28, 23, 18, 21, 26, 43, 31, 39, 45]
2022-10-08 18:32:28,380--->fitness:123.4
2022-10-08 18:32:28,924--->time:4----------------------------timesteps:[11, 35, 23, 16, 21, 26, 28, 31, 39, 35]
2022-10-08 18:33:13,183--->fitness:142.1
2022-10-08 18:33:13,718--->time:5----------------------------timesteps:[11, 28, 32, 24, 21, 26, 43, 46, 39, 45]
2022-10-08 18:34:12,917--->fitness:109.7
2022-10-08 18:34:13,393--->time:6----------------------------timesteps:[11, 28, 24, 18, 20, 26, 28, 46, 39, 45]
2022-10-08 18:35:04,556--->fitness:110.2
2022-10-08 18:35:05,088--->time:7----------------------------timesteps:[11, 28, 23, 33, 10, 45, 43, 31, 39, 45]
2022-10-08 18:36:01,235--->fitness:118.4
2022-10-08 18:36:01,775--->time:8----------------------------timesteps:[11, 28, 32, 16, 21, 39, 28, 31, 39, 45]
2022-10-08 18:36:53,914--->fitness:120.3
2022-10-08 18:36:54,388--->time:9----------------------------timesteps:[11, 28, 39, 18, 21, 26, 43, 37, 39, 45]
2022-10-08 18:37:42,124--->fitness:114.9
2022-10-08 18:37:42,589--->time:0----------------------------timesteps:[11, 35, 23, 18, 21, 26, 43, 37, 39, 45]
2022-10-08 18:38:34,779--->fitness:111.1
2022-10-08 18:38:35,255--->time:1----------------------------timesteps:[11, 28, 23, 16, 21, 26, 28, 31, 39, 35]
2022-10-08 18:39:18,311--->fitness:137.1
2022-10-08 18:39:18,846--->time:2----------------------------timesteps:[11, 35, 39, 16, 21, 26, 28, 31, 39, 35]
2022-10-08 18:40:08,787--->fitness:131.2
2022-10-08 18:40:09,322--->time:3----------------------------timesteps:[37, 35, 23, 16, 21, 26, 28, 31, 39, 35]
2022-10-08 18:40:56,901--->fitness:131.6
2022-10-08 18:40:57,433--->time:4----------------------------timesteps:[11, 35, 23, 16, 21, 26, 43, 31, 39, 45]
2022-10-08 18:41:49,305--->fitness:128.2
2022-10-08 18:41:49,787--->time:5----------------------------timesteps:[11, 28, 32, 16, 21, 45, 28, 31, 39, 45]
2022-10-08 18:42:42,931--->fitness:106.2
2022-10-08 18:42:43,403--->time:6----------------------------timesteps:[11, 28, 23, 18, 20, 26, 43, 31, 39, 45]
2022-10-08 18:43:32,539--->fitness:130.8
2022-10-08 18:43:33,073--->time:7----------------------------timesteps:[11, 28, 32, 24, 21, 26, 43, 46, 39, 45]
2022-10-08 18:44:31,082--->fitness:125.0
2022-10-08 18:44:31,556--->time:8----------------------------timesteps:[11, 28, 23, 18, 21, 26, 43, 31, 39, 45]
2022-10-08 18:45:23,220--->fitness:115.4
2022-10-08 18:45:23,748--->time:9----------------------------timesteps:[11, 28, 32, 18, 21, 26, 28, 31, 39, 35]
2022-10-08 18:46:08,230--->fitness:134.8
2022-10-08 18:46:08,690--->time:0----------------------------timesteps:[11, 35, 23, 18, 21, 26, 43, 37, 39, 45]
2022-10-08 18:47:04,678--->fitness:102.6
2022-10-08 18:47:05,212--->time:1----------------------------timesteps:[11, 28, 23, 37, 21, 26, 28, 31, 39, 35]
2022-10-08 18:47:55,233--->fitness:128.9
2022-10-08 18:47:55,698--->time:2----------------------------timesteps:[37, 35, 23, 16, 21, 26, 28, 31, 39, 35]
2022-10-08 18:48:43,479--->fitness:116.8
2022-10-08 18:48:43,958--->time:3----------------------------timesteps:[11, 35, 23, 16, 21, 26, 43, 31, 39, 45]
2022-10-08 18:49:37,187--->fitness:114.2
2022-10-08 18:49:37,663--->time:4----------------------------timesteps:[11, 28, 23, 16, 21, 26, 43, 37, 39, 45]
2022-10-08 18:50:27,380--->fitness:114.2
2022-10-08 18:50:27,848--->time:5----------------------------timesteps:[11, 35, 32, 16, 21, 45, 28, 31, 39, 45]
2022-10-08 18:51:22,466--->fitness:110.2
2022-10-08 18:51:22,942--->time:6----------------------------timesteps:[11, 28, 32, 16, 21, 45, 28, 31, 39, 45]
2022-10-08 18:52:17,010--->fitness:107.1
2022-10-08 18:52:17,485--->time:7----------------------------timesteps:[11, 28, 23, 18, 21, 26, 28, 31, 39, 45]
2022-10-08 18:53:04,358--->fitness:134.4
2022-10-08 18:53:04,816--->time:8----------------------------timesteps:[11, 28, 32, 16, 21, 45, 43, 31, 39, 45]
2022-10-08 18:53:57,906--->fitness:121.2
2022-10-08 18:53:58,380--->time:9----------------------------timesteps:[11, 35, 23, 16, 21, 26, 43, 31, 39, 45]
2022-10-08 18:54:49,458--->fitness:119.8
2022-10-08 18:54:49,943--->time:0----------------------------timesteps:[11, 22, 23, 16, 21, 26, 43, 37, 39, 45]
2022-10-08 18:55:35,330--->fitness:112.0
2022-10-08 18:55:35,788--->time:1----------------------------timesteps:[11, 28, 23, 16, 21, 26, 43, 37, 39, 45]
2022-10-08 18:56:28,481--->fitness:115.2
2022-10-08 18:56:29,049--->time:2----------------------------timesteps:[11, 35, 23, 16, 21, 26, 28, 31, 39, 45]
2022-10-08 18:57:13,942--->fitness:137.8
2022-10-08 18:57:14,479--->time:3----------------------------timesteps:[11, 28, 32, 37, 21, 26, 28, 31, 39, 35]
2022-10-08 18:58:06,537--->fitness:120.6
2022-10-08 18:58:07,088--->time:4----------------------------timesteps:[11, 28, 23, 18, 21, 26, 10, 31, 39, 45]
2022-10-08 18:58:46,831--->fitness:127.1
2022-10-08 18:58:47,300--->time:5----------------------------timesteps:[11, 28, 23, 16, 21, 26, 43, 31, 39, 45]
2022-10-08 18:59:36,897--->fitness:116.5
2022-10-08 18:59:37,361--->time:6----------------------------timesteps:[11, 35, 23, 18, 21, 26, 28, 31, 39, 45]
2022-10-08 19:00:25,259--->fitness:128.1
2022-10-08 19:00:25,731--->time:7----------------------------timesteps:[11, 28, 32, 16, 21, 45, 43, 31, 39, 45]
2022-10-08 19:01:22,644--->fitness:119.6
2022-10-08 19:01:23,181--->time:8----------------------------timesteps:[11, 28, 23, 16, 21, 19, 43, 31, 39, 45]
2022-10-08 19:02:15,183--->fitness:131.7
2022-10-08 19:02:15,647--->time:9----------------------------timesteps:[11, 35, 23, 18, 21, 26, 43, 37, 39, 45]
2022-10-08 19:03:03,750--->fitness:109.8
2022-10-08 19:03:04,234--->time:0----------------------------timesteps:[11, 28, 23, 16, 21, 26, 10, 31, 39, 45]
2022-10-08 19:03:46,124--->fitness:139.7
2022-10-08 19:03:46,673--->time:1----------------------------timesteps:[11, 28, 23, 18, 21, 26, 43, 31, 39, 45]
2022-10-08 19:04:59,142--->fitness:120.9
2022-10-08 19:05:00,016--->time:2----------------------------timesteps:[11, 35, 23, 16, 21, 26, 28, 31, 39, 28]
2022-10-08 19:05:54,862--->fitness:129.3
2022-10-08 19:05:55,375--->time:3----------------------------timesteps:[11, 28, 23, 18, 21, 26, 43, 37, 39, 45]
2022-10-08 19:06:49,462--->fitness:119.6
2022-10-08 19:06:49,949--->time:4----------------------------timesteps:[11, 35, 23, 18, 21, 26, 10, 31, 39, 45]
2022-10-08 19:07:34,210--->fitness:134.9
2022-10-08 19:07:34,746--->time:5----------------------------timesteps:[11, 28, 23, 16, 21, 26, 43, 31, 39, 45]
2022-10-08 19:08:27,084--->fitness:124.0
2022-10-08 19:08:27,619--->time:6----------------------------timesteps:[11, 28, 23, 16, 21, 26, 43, 37, 39, 45]
2022-10-08 19:09:17,296--->fitness:110.2
2022-10-08 19:09:17,776--->time:7----------------------------timesteps:[11, 28, 32, 16, 21, 45, 43, 31, 39, 45]
2022-10-08 19:10:12,190--->fitness:134.8
2022-10-08 19:10:12,669--->time:8----------------------------timesteps:[11, 28, 23, 18, 21, 26, 10, 31, 39, 45]
2022-10-08 19:10:52,287--->fitness:135.3
2022-10-08 19:10:52,824--->time:9----------------------------timesteps:[11, 28, 23, 16, 14, 26, 43, 31, 39, 45]
2022-10-08 19:11:39,541--->fitness:131.8
2022-10-08 19:11:40,021--->time:0----------------------------timesteps:[11, 35, 23, 18, 21, 26, 43, 37, 39, 45]
2022-10-08 19:12:30,640--->fitness:111.2
2022-10-08 19:12:31,168--->time:1----------------------------timesteps:[11, 28, 23, 16, 21, 26, 28, 31, 39, 28]
2022-10-08 19:13:10,987--->fitness:124.6
2022-10-08 19:13:11,504--->time:2----------------------------timesteps:[11, 35, 23, 16, 21, 26, 10, 31, 39, 45]
2022-10-08 19:13:54,491--->fitness:130.9
2022-10-08 19:13:54,952--->time:3----------------------------timesteps:[11, 28, 23, 16, 21, 26, 43, 37, 39, 45]
2022-10-08 19:14:43,537--->fitness:114.7
2022-10-08 19:14:43,999--->time:4----------------------------timesteps:[11, 28, 23, 18, 21, 26, 43, 37, 39, 45]
2022-10-08 19:15:43,971--->fitness:112.6
2022-10-08 19:15:44,743--->time:5----------------------------timesteps:[11, 28, 23, 18, 21, 26, 43, 37, 39, 45]
2022-10-08 19:17:16,185--->fitness:109.1
2022-10-08 19:17:17,064--->time:6----------------------------timesteps:[11, 28, 23, 18, 21, 26, 43, 37, 39, 45]
2022-10-08 19:18:38,971--->fitness:109.2
2022-10-08 19:18:39,751--->time:7----------------------------timesteps:[11, 28, 23, 16, 21, 26, 43, 15, 39, 45]
2022-10-08 19:19:35,613--->fitness:118.6
2022-10-08 19:19:36,386--->time:8----------------------------timesteps:[11, 28, 32, 16, 21, 45, 43, 31, 39, 45]
2022-10-08 19:21:12,647--->fitness:102.2
2022-10-08 19:21:13,540--->time:9----------------------------timesteps:[11, 28, 23, 16, 21, 26, 28, 31, 39, 28]
2022-10-08 19:22:19,271--->fitness:123.4
2022-10-08 19:22:20,046--->time:0----------------------------timesteps:[11, 28, 23, 18, 21, 26, 43, 37, 39, 45]
2022-10-08 19:23:46,003--->fitness:106.8
2022-10-08 19:23:46,785--->time:1----------------------------timesteps:[11, 28, 23, 16, 21, 26, 28, 31, 39, 28]
2022-10-08 19:24:40,685--->fitness:131.9
2022-10-08 19:24:41,167--->time:2----------------------------timesteps:[11, 28, 23, 16, 21, 26, 28, 31, 39, 45]
2022-10-08 19:25:27,870--->fitness:134.7
2022-10-08 19:25:28,342--->time:3----------------------------timesteps:[11, 28, 23, 18, 21, 26, 43, 37, 39, 45]
2022-10-08 19:26:22,112--->fitness:111.4
2022-10-08 19:26:22,575--->time:4----------------------------timesteps:[11, 35, 23, 16, 21, 26, 10, 31, 39, 45]
2022-10-08 19:27:03,252--->fitness:131.5
2022-10-08 19:27:03,780--->time:5----------------------------timesteps:[11, 28, 23, 18, 21, 26, 43, 37, 39, 45]
2022-10-08 19:27:54,245--->fitness:105.4
2022-10-08 19:27:54,792--->time:6----------------------------timesteps:[11, 35, 23, 18, 21, 26, 43, 15, 39, 16]
2022-10-08 19:28:33,517--->fitness:116.8
2022-10-08 19:28:33,983--->time:7----------------------------timesteps:[11, 28, 23, 16, 21, 26, 43, 37, 39, 28]
2022-10-08 19:29:22,831--->fitness:136.1
2022-10-08 19:29:23,307--->time:8----------------------------timesteps:[11, 28, 23, 16, 21, 26, 43, 15, 39, 45]
2022-10-08 19:30:09,434--->fitness:138.8
2022-10-08 19:30:09,906--->time:9----------------------------timesteps:[11, 28, 23, 16, 21, 26, 28, 31, 39, 28]
2022-10-08 19:30:51,337--->fitness:142.4
2022-10-08 19:30:51,819--->time:0----------------------------timesteps:[11, 28, 23, 16, 21, 26, 28, 20, 39, 45]
2022-10-08 19:31:36,792--->fitness:122.5
2022-10-08 19:31:37,282--->time:1----------------------------timesteps:[11, 28, 23, 16, 21, 26, 43, 37, 39, 28]
2022-10-08 19:32:22,127--->fitness:120.7
2022-10-08 19:32:22,621--->time:2----------------------------timesteps:[11, 28, 23, 16, 21, 26, 43, 15, 39, 45]
2022-10-08 19:33:11,250--->fitness:141.6
2022-10-08 19:33:11,734--->time:3----------------------------timesteps:[11, 28, 23, 36, 21, 26, 43, 15, 39, 45]
2022-10-08 19:34:03,159--->fitness:124.0
2022-10-08 19:34:03,630--->time:4----------------------------timesteps:[11, 28, 23, 16, 21, 26, 28, 31, 39, 28]
2022-10-08 19:34:45,224--->fitness:123.7
2022-10-08 19:34:45,690--->time:5----------------------------timesteps:[11, 28, 23, 16, 21, 26, 28, 31, 39, 28]
2022-10-08 19:35:30,568--->fitness:122.7
2022-10-08 19:35:31,338--->time:6----------------------------timesteps:[11, 24, 23, 16, 21, 26, 43, 37, 39, 28]
2022-10-08 19:36:42,553--->fitness:128.7
2022-10-08 19:36:42,995--->time:7----------------------------timesteps:[11, 28, 23, 18, 21, 26, 43, 37, 39, 45]
2022-10-08 19:37:34,067--->fitness:113.0
2022-10-08 19:37:34,532--->time:8----------------------------timesteps:[11, 28, 23, 16, 21, 26, 10, 31, 39, 45]
2022-10-08 19:38:16,780--->fitness:133.1
2022-10-08 19:38:17,301--->time:9----------------------------timesteps:[11, 35, 23, 16, 21, 26, 43, 31, 39, 28]
2022-10-08 19:39:01,899--->fitness:128.7
