2022-10-08 08:48:43,860--->--------------------------------------------- epoch:0-------------------------------------------
2022-10-08 08:48:44,713--->time:0----------timesteps:[16, 43, 26, 27, 27, 15, 14, 48, 10, 13]
2022-10-08 08:52:05,682--->fitness:131.9
2022-10-08 08:52:06,455--->time:1----------timesteps:[31, 19, 15, 15, 17, 47, 47, 50, 25, 29]
2022-10-08 08:56:20,790--->fitness:128.1
2022-10-08 08:56:21,564--->time:2----------timesteps:[41, 13, 37, 18, 13, 22, 39, 44, 47, 39]
2022-10-08 09:01:00,862--->fitness:114.4
2022-10-08 09:01:01,647--->time:3----------timesteps:[25, 11, 42, 34, 14, 22, 39, 15, 41, 43]
2022-10-08 09:05:09,033--->fitness:117.5
2022-10-08 09:05:09,805--->time:4----------timesteps:[50, 17, 40, 10, 32, 36, 33, 19, 16, 35]
2022-10-08 09:09:25,664--->fitness:126.2
2022-10-08 09:09:26,431--->time:5----------timesteps:[25, 37, 33, 20, 15, 45, 31, 46, 41, 44]
2022-10-08 09:14:13,178--->fitness:136.0
2022-10-08 09:14:13,953--->time:6----------timesteps:[11, 39, 28, 18, 23, 10, 49, 27, 25, 33]
2022-10-08 09:18:03,547--->fitness:143.0
2022-10-08 09:18:04,306--->time:7----------timesteps:[26, 33, 32, 20, 33, 25, 45, 20, 41, 24]
2022-10-08 09:22:31,815--->fitness:121.1
2022-10-08 09:22:32,597--->time:8----------timesteps:[46, 33, 14, 41, 46, 16, 18, 38, 18, 42]
2022-10-08 09:27:05,406--->fitness:137.0
2022-10-08 09:27:06,167--->time:9----------timesteps:[23, 37, 29, 26, 33, 17, 24, 44, 41, 27]
2022-10-08 09:31:26,001--->fitness:123.9
2022-10-08 09:31:26,002--->---------------------------------------------0/10---------FailLinkNum:143.0-------------------------------
2022-10-08 09:31:26,002--->start Cross
2022-10-08 09:31:26,002--->start Variation
2022-10-08 09:31:26,002--->--------------------------------------------- epoch:1-------------------------------------------
2022-10-08 09:31:26,790--->time:0----------timesteps:[31, 19, 15, 15, 17, 17, 24, 44, 41, 27]
2022-10-08 09:34:57,898--->fitness:138.3
2022-10-08 09:34:58,629--->time:1----------timesteps:[23, 37, 28, 26, 33, 47, 47, 50, 25, 29]
2022-10-08 09:40:00,088--->fitness:138.0
2022-10-08 09:40:00,875--->time:2----------timesteps:[31, 33, 32, 20, 33, 25, 45, 20, 41, 24]
2022-10-08 09:44:24,535--->fitness:125.3
2022-10-08 09:44:25,310--->time:3----------timesteps:[26, 33, 14, 41, 46, 16, 18, 38, 18, 42]
2022-10-08 09:48:30,100--->fitness:124.9
2022-10-08 09:48:30,828--->time:4----------timesteps:[46, 19, 15, 20, 33, 25, 45, 20, 41, 24]
2022-10-08 09:52:32,686--->fitness:115.1
2022-10-08 09:52:33,440--->time:5----------timesteps:[26, 33, 32, 15, 17, 47, 47, 50, 25, 29]
2022-10-08 09:57:08,622--->fitness:132.8
2022-10-08 09:57:09,389--->time:6----------timesteps:[25, 11, 42, 34, 14, 22, 39, 15, 41, 43]
2022-10-08 10:01:11,791--->fitness:139.1
2022-10-08 10:01:12,551--->time:7----------timesteps:[11, 39, 28, 18, 23, 10, 49, 27, 25, 33]
2022-10-08 10:04:58,572--->fitness:132.2
2022-10-08 10:04:59,329--->time:8----------timesteps:[25, 37, 33, 20, 15, 45, 31, 46, 41, 44]
2022-10-08 10:09:49,682--->fitness:139.7
2022-10-08 10:09:50,458--->time:9----------timesteps:[11, 39, 28, 18, 23, 10, 49, 27, 25, 33]
2022-10-08 10:13:37,627--->fitness:153.6
2022-10-08 10:13:37,628--->---------------------------------------------1/10---------FailLinkNum:153.6-------------------------------
2022-10-08 10:13:37,628--->start Cross
2022-10-08 10:13:37,628--->start Variation
2022-10-08 10:13:37,628--->--------------------------------------------- epoch:2-------------------------------------------
2022-10-08 10:13:38,397--->time:0----------timesteps:[25, 33, 32, 20, 33, 25, 45, 20, 41, 24]
2022-10-08 10:17:55,450--->fitness:121.7
2022-10-08 10:17:56,207--->time:1----------timesteps:[31, 11, 42, 34, 14, 22, 47, 50, 25, 29]
2022-10-08 10:22:22,334--->fitness:129.9
2022-10-08 10:22:23,108--->time:2----------timesteps:[23, 37, 28, 26, 33, 25, 45, 20, 23, 24]
2022-10-08 10:26:29,054--->fitness:121.9
2022-10-08 10:26:29,818--->time:3----------timesteps:[46, 19, 15, 36, 33, 47, 39, 27, 25, 33]
2022-10-08 10:31:08,654--->fitness:141.1
2022-10-08 10:31:09,422--->time:4----------timesteps:[11, 39, 28, 15, 17, 17, 24, 44, 41, 27]
2022-10-08 10:34:55,374--->fitness:131.6
2022-10-08 10:34:56,140--->time:5----------timesteps:[31, 19, 15, 18, 23, 10, 49, 15, 41, 43]
2022-10-08 10:38:42,070--->fitness:132.7
2022-10-08 10:38:42,831--->time:6----------timesteps:[11, 39, 28, 18, 23, 10, 49, 27, 25, 33]
2022-10-08 10:42:35,044--->fitness:132.9
2022-10-08 10:42:35,799--->time:7----------timesteps:[25, 11, 42, 34, 14, 22, 39, 31, 41, 43]
2022-10-08 10:46:50,465--->fitness:117.4
2022-10-08 10:46:51,215--->time:8----------timesteps:[31, 33, 32, 20, 33, 25, 45, 20, 41, 24]
2022-10-08 10:51:12,214--->fitness:116.4
2022-10-08 10:51:12,966--->time:9----------timesteps:[25, 11, 42, 34, 14, 22, 39, 31, 41, 43]
2022-10-08 10:55:36,308--->fitness:121.8
2022-10-08 10:55:36,309--->---------------------------------------------2/10---------FailLinkNum:141.1-------------------------------
2022-10-08 10:55:36,309--->start Cross
2022-10-08 10:55:36,309--->start Variation
2022-10-08 10:55:36,309--->--------------------------------------------- epoch:3-------------------------------------------
2022-10-08 10:55:37,078--->time:0----------timesteps:[23, 37, 42, 34, 14, 22, 39, 31, 41, 13]
2022-10-08 10:59:55,841--->fitness:131.4
2022-10-08 10:59:56,613--->time:1----------timesteps:[25, 11, 28, 20, 33, 25, 45, 20, 36, 24]
2022-10-08 11:03:43,007--->fitness:139.8
2022-10-08 11:03:43,743--->time:2----------timesteps:[25, 33, 32, 26, 23, 10, 49, 27, 25, 33]
2022-10-08 11:07:48,654--->fitness:136.0
2022-10-08 11:07:49,410--->time:3----------timesteps:[31, 11, 42, 34, 14, 22, 47, 24, 25, 29]
2022-10-08 11:11:49,623--->fitness:127.7
2022-10-08 11:11:50,389--->time:4----------timesteps:[11, 39, 28, 34, 14, 22, 39, 31, 41, 43]
2022-10-08 11:16:08,344--->fitness:121.0
2022-10-08 11:16:09,109--->time:5----------timesteps:[25, 11, 42, 18, 33, 25, 45, 20, 23, 24]
2022-10-08 11:19:56,101--->fitness:131.0
2022-10-08 11:19:56,868--->time:6----------timesteps:[31, 19, 15, 18, 23, 10, 49, 15, 38, 43]
2022-10-08 11:23:38,683--->fitness:121.9
2022-10-08 11:23:39,448--->time:7----------timesteps:[25, 33, 32, 23, 33, 25, 45, 20, 41, 24]
2022-10-08 11:27:57,742--->fitness:132.4
2022-10-08 11:27:58,503--->time:8----------timesteps:[31, 19, 15, 18, 23, 10, 49, 15, 38, 43]
2022-10-08 11:31:37,261--->fitness:128.5
2022-10-08 11:31:37,990--->time:9----------timesteps:[25, 33, 32, 23, 33, 25, 45, 20, 41, 24]
2022-10-08 11:35:49,134--->fitness:120.4
2022-10-08 11:35:49,135--->---------------------------------------------3/10---------FailLinkNum:139.8-------------------------------
2022-10-08 11:35:49,135--->start Cross
2022-10-08 11:35:49,135--->start Variation
2022-10-08 11:35:49,135--->--------------------------------------------- epoch:4-------------------------------------------
2022-10-08 11:35:49,903--->time:0----------timesteps:[25, 33, 32, 26, 23, 10, 49, 27, 25, 33]
2022-10-08 11:39:51,329--->fitness:132.7
2022-10-08 11:39:52,085--->time:1----------timesteps:[25, 33, 32, 23, 33, 25, 45, 20, 36, 24]
2022-10-08 11:44:05,334--->fitness:121.1
2022-10-08 11:44:06,093--->time:2----------timesteps:[25, 11, 42, 34, 14, 22, 47, 24, 25, 29]
2022-10-08 11:48:02,088--->fitness:137.5
2022-10-08 11:48:02,834--->time:3----------timesteps:[34, 39, 28, 34, 14, 22, 39, 31, 41, 43]
2022-10-08 11:52:43,569--->fitness:130.2
2022-10-08 11:52:44,339--->time:4----------timesteps:[11, 11, 28, 20, 33, 25, 45, 20, 23, 24]
2022-10-08 11:56:04,515--->fitness:135.7
2022-10-08 11:56:05,258--->time:5----------timesteps:[25, 11, 42, 18, 33, 25, 45, 20, 41, 24]
2022-10-08 12:00:11,704--->fitness:135.3
2022-10-08 12:00:12,461--->time:6----------timesteps:[25, 33, 32, 26, 23, 10, 49, 27, 25, 33]
2022-10-08 12:04:16,442--->fitness:125.2
2022-10-08 12:04:17,175--->time:7----------timesteps:[25, 33, 32, 23, 33, 25, 45, 20, 41, 24]
2022-10-08 12:08:32,825--->fitness:122.9
2022-10-08 12:08:33,578--->time:8----------timesteps:[23, 37, 42, 34, 14, 22, 39, 31, 41, 13]
2022-10-08 12:12:41,512--->fitness:120.5
2022-10-08 12:12:42,267--->time:9----------timesteps:[31, 19, 15, 18, 23, 10, 49, 15, 38, 43]
2022-10-08 12:16:17,118--->fitness:143.0
2022-10-08 12:16:17,119--->---------------------------------------------4/10---------FailLinkNum:143.0-------------------------------
2022-10-08 12:16:17,119--->start Cross
2022-10-08 12:16:17,119--->start Variation
2022-10-08 12:16:17,119--->--------------------------------------------- epoch:5-------------------------------------------
2022-10-08 12:16:17,869--->time:0----------timesteps:[25, 33, 32, 23, 33, 25, 45, 20, 41, 24]
2022-10-08 12:20:33,812--->fitness:120.2
2022-10-08 12:20:34,570--->time:1----------timesteps:[25, 33, 32, 34, 14, 22, 39, 31, 41, 43]
2022-10-08 12:25:09,885--->fitness:123.2
2022-10-08 12:25:10,620--->time:2----------timesteps:[34, 39, 28, 23, 33, 25, 45, 20, 38, 43]
2022-10-08 12:29:50,907--->fitness:137.0
2022-10-08 12:29:51,637--->time:3----------timesteps:[31, 19, 15, 18, 23, 25, 29, 20, 41, 24]
2022-10-08 12:33:07,797--->fitness:139.9
2022-10-08 12:33:08,568--->time:4----------timesteps:[25, 11, 42, 18, 33, 10, 49, 15, 41, 43]
2022-10-08 12:37:08,563--->fitness:142.2
2022-10-08 12:37:09,301--->time:5----------timesteps:[34, 17, 28, 34, 14, 22, 39, 31, 41, 24]
2022-10-08 12:41:09,020--->fitness:130.5
2022-10-08 12:41:09,757--->time:6----------timesteps:[31, 19, 15, 18, 23, 10, 49, 15, 38, 43]
2022-10-08 12:44:43,563--->fitness:141.9
2022-10-08 12:44:44,322--->time:7----------timesteps:[25, 33, 32, 23, 33, 25, 45, 20, 41, 24]
2022-10-08 12:48:51,713--->fitness:141.4
2022-10-08 12:48:52,458--->time:8----------timesteps:[25, 33, 32, 26, 23, 10, 49, 27, 25, 33]
2022-10-08 12:52:46,473--->fitness:126.3
2022-10-08 12:52:47,229--->time:9----------timesteps:[25, 33, 32, 26, 23, 10, 49, 27, 25, 33]
2022-10-08 12:56:53,014--->fitness:124.6
2022-10-08 12:56:53,015--->---------------------------------------------5/10---------FailLinkNum:142.2-------------------------------
2022-10-08 12:56:53,015--->start Cross
2022-10-08 12:56:53,015--->start Variation
2022-10-08 12:56:53,015--->--------------------------------------------- epoch:6-------------------------------------------
2022-10-08 12:56:53,739--->time:0----------timesteps:[25, 33, 32, 23, 33, 25, 45, 20, 41, 24]
2022-10-08 13:01:05,722--->fitness:122.1
2022-10-08 13:01:06,471--->time:1----------timesteps:[25, 33, 32, 26, 23, 10, 45, 20, 41, 24]
2022-10-08 13:04:58,719--->fitness:143.3
2022-10-08 13:04:59,468--->time:2----------timesteps:[25, 33, 32, 23, 33, 25, 49, 31, 41, 24]
2022-10-08 13:09:22,666--->fitness:129.8
2022-10-08 13:09:23,409--->time:3----------timesteps:[34, 17, 32, 23, 33, 25, 45, 20, 41, 24]
2022-10-08 13:13:34,164--->fitness:118.9
2022-10-08 13:13:34,927--->time:4----------timesteps:[25, 33, 28, 34, 14, 22, 39, 27, 41, 43]
2022-10-08 13:17:48,632--->fitness:116.9
2022-10-08 13:17:49,371--->time:5----------timesteps:[25, 11, 42, 18, 33, 10, 49, 15, 25, 33]
2022-10-08 13:21:22,134--->fitness:136.5
2022-10-08 13:21:22,879--->time:6----------timesteps:[34, 39, 28, 23, 33, 16, 45, 20, 38, 43]
2022-10-08 13:25:52,781--->fitness:132.9
2022-10-08 13:25:53,505--->time:7----------timesteps:[25, 33, 32, 34, 14, 22, 39, 31, 41, 43]
2022-10-08 13:30:10,917--->fitness:134.4
2022-10-08 13:30:11,666--->time:8----------timesteps:[25, 33, 32, 26, 23, 10, 49, 27, 25, 33]
2022-10-08 13:34:14,708--->fitness:144.4
2022-10-08 13:34:15,474--->time:9----------timesteps:[25, 33, 32, 23, 33, 25, 45, 20, 41, 24]
2022-10-08 13:38:28,638--->fitness:124.3
2022-10-08 13:38:28,639--->---------------------------------------------6/10---------FailLinkNum:144.4-------------------------------
2022-10-08 13:38:28,639--->start Cross
2022-10-08 13:38:28,639--->start Variation
2022-10-08 13:38:28,639--->--------------------------------------------- epoch:7-------------------------------------------
2022-10-08 13:38:29,377--->time:0----------timesteps:[25, 33, 32, 34, 14, 22, 39, 31, 41, 24]
2022-10-08 13:42:39,173--->fitness:124.9
2022-10-08 13:42:39,943--->time:1----------timesteps:[25, 33, 32, 26, 23, 10, 45, 49, 41, 24]
2022-10-08 13:47:02,968--->fitness:126.7
2022-10-08 13:47:03,729--->time:2----------timesteps:[25, 31, 32, 26, 23, 10, 45, 20, 41, 24]
2022-10-08 13:50:57,998--->fitness:140.4
2022-10-08 13:50:58,764--->time:3----------timesteps:[25, 33, 32, 23, 33, 25, 49, 31, 41, 24]
2022-10-08 13:55:28,290--->fitness:128.9
2022-10-08 13:55:29,024--->time:4----------timesteps:[25, 33, 32, 23, 33, 25, 49, 31, 41, 24]
2022-10-08 13:59:57,928--->fitness:128.6
2022-10-08 13:59:58,675--->time:5----------timesteps:[25, 33, 32, 23, 33, 25, 45, 20, 41, 43]
2022-10-08 14:04:33,474--->fitness:121.2
2022-10-08 14:04:34,202--->time:6----------timesteps:[25, 11, 42, 18, 33, 10, 49, 15, 25, 33]
2022-10-08 14:08:08,650--->fitness:128.1
2022-10-08 14:08:09,398--->time:7----------timesteps:[25, 11, 42, 18, 33, 10, 49, 15, 25, 33]
2022-10-08 14:11:44,222--->fitness:144.5
2022-10-08 14:11:44,977--->time:8----------timesteps:[25, 11, 42, 18, 33, 10, 49, 15, 25, 33]
2022-10-08 14:15:29,787--->fitness:146.4
2022-10-08 14:15:30,519--->time:9----------timesteps:[25, 33, 32, 26, 23, 10, 45, 20, 41, 24]
2022-10-08 14:19:30,525--->fitness:137.3
2022-10-08 14:19:30,526--->---------------------------------------------7/10---------FailLinkNum:146.4-------------------------------
2022-10-08 14:19:30,526--->start Cross
2022-10-08 14:19:30,526--->start Variation
2022-10-08 14:19:30,526--->--------------------------------------------- epoch:8-------------------------------------------
2022-10-08 14:19:31,265--->time:0----------timesteps:[25, 33, 32, 26, 23, 10, 45, 20, 41, 24]
2022-10-08 14:23:32,506--->fitness:133.2
2022-10-08 14:23:33,246--->time:1----------timesteps:[25, 33, 32, 23, 33, 25, 49, 31, 41, 24]
2022-10-08 14:28:05,461--->fitness:128.0
2022-10-08 14:28:06,219--->time:2----------timesteps:[25, 11, 42, 18, 33, 10, 49, 15, 25, 33]
2022-10-08 14:31:49,668--->fitness:130.9
2022-10-08 14:31:50,433--->time:3----------timesteps:[25, 33, 32, 23, 33, 25, 45, 15, 25, 33]
2022-10-08 14:36:09,821--->fitness:128.9
2022-10-08 14:36:10,568--->time:4----------timesteps:[25, 11, 42, 18, 33, 10, 49, 15, 25, 33]
2022-10-08 14:39:45,389--->fitness:132.8
2022-10-08 14:39:46,120--->time:5----------timesteps:[25, 11, 42, 18, 33, 10, 49, 20, 41, 43]
2022-10-08 14:43:58,147--->fitness:114.1
2022-10-08 14:43:58,894--->time:6----------timesteps:[25, 33, 32, 23, 33, 25, 49, 31, 41, 24]
2022-10-08 14:48:37,757--->fitness:135.9
2022-10-08 14:48:38,528--->time:7----------timesteps:[25, 11, 42, 18, 33, 10, 49, 15, 25, 33]
2022-10-08 14:52:25,741--->fitness:116.1
2022-10-08 14:52:26,480--->time:8----------timesteps:[25, 33, 32, 29, 23, 10, 45, 20, 41, 24]
2022-10-08 14:56:27,796--->fitness:134.9
2022-10-08 14:56:28,569--->time:9----------timesteps:[25, 33, 32, 23, 33, 25, 49, 31, 41, 24]
2022-10-08 15:00:59,247--->fitness:117.1
2022-10-08 15:00:59,248--->---------------------------------------------8/10---------FailLinkNum:135.9-------------------------------
2022-10-08 15:00:59,248--->start Cross
2022-10-08 15:00:59,248--->start Variation
2022-10-08 15:00:59,248--->--------------------------------------------- epoch:9-------------------------------------------
2022-10-08 15:01:00,018--->time:0----------timesteps:[25, 11, 42, 18, 33, 10, 49, 15, 41, 24]
2022-10-08 15:04:54,204--->fitness:119.8
2022-10-08 15:04:54,975--->time:1----------timesteps:[25, 11, 42, 18, 33, 10, 49, 20, 41, 43]
2022-10-08 15:09:01,208--->fitness:111.6
2022-10-08 15:09:01,956--->time:2----------timesteps:[25, 33, 32, 49, 33, 25, 49, 31, 25, 33]
2022-10-08 15:13:52,200--->fitness:134.0
2022-10-08 15:13:52,953--->time:3----------timesteps:[25, 11, 42, 18, 33, 25, 49, 31, 41, 24]
2022-10-08 15:18:14,022--->fitness:118.4
2022-10-08 15:18:14,771--->time:4----------timesteps:[25, 33, 32, 23, 33, 25, 36, 31, 41, 24]
2022-10-08 15:22:33,413--->fitness:129.2
2022-10-08 15:22:34,161--->time:5----------timesteps:[25, 33, 32, 23, 33, 10, 49, 15, 25, 33]
2022-10-08 15:26:38,639--->fitness:135.0
2022-10-08 15:26:39,402--->time:6----------timesteps:[25, 33, 32, 34, 33, 25, 45, 15, 25, 33]
2022-10-08 15:30:55,528--->fitness:128.6
2022-10-08 15:30:56,303--->time:7----------timesteps:[25, 21, 42, 18, 33, 10, 49, 15, 25, 33]
2022-10-08 15:34:48,359--->fitness:138.6
2022-10-08 15:34:49,120--->time:8----------timesteps:[25, 21, 42, 18, 33, 10, 49, 15, 25, 33]
2022-10-08 15:38:42,731--->fitness:157.3
2022-10-08 15:38:43,505--->time:9----------timesteps:[25, 33, 32, 23, 33, 25, 49, 31, 41, 24]
2022-10-08 15:43:13,532--->fitness:130.6
2022-10-08 15:43:13,533--->---------------------------------------------9/10---------FailLinkNum:157.3-------------------------------
2022-10-08 15:43:13,533--->start Cross
2022-10-08 15:43:13,533--->start Variation
